{"/Users/dukeromkey/Coding/hackreactor2022/rpp2204/atelier-project/client/spec/sum.js": {"path":"/Users/dukeromkey/Coding/hackreactor2022/rpp2204/atelier-project/client/spec/sum.js","statementMap":{"0":{"start":{"line":2,"column":2},"end":{"line":2,"column":15}},"1":{"start":{"line":5,"column":0},"end":{"line":5,"column":21}}},"fnMap":{"0":{"name":"sum","decl":{"start":{"line":1,"column":9},"end":{"line":1,"column":12}},"loc":{"start":{"line":1,"column":19},"end":{"line":3,"column":1}},"line":1}},"branchMap":{},"s":{"0":1,"1":1},"f":{"0":1},"b":{},"_coverageSchema":"1a1c01bbd47fc00a2c39e90264f33305004495a9","hash":"5fe17eeaa5f5e408a866031cd669f22f62158144"}
,"/Users/dukeromkey/Coding/hackreactor2022/rpp2204/atelier-project/client/src/utilities.js": {"path":"/Users/dukeromkey/Coding/hackreactor2022/rpp2204/atelier-project/client/src/utilities.js","statementMap":{"0":{"start":{"line":1,"column":0},"end":{"line":22,"column":2}},"1":{"start":{"line":3,"column":18},"end":{"line":4,"column":69}},"2":{"start":{"line":4,"column":20},"end":{"line":4,"column":65}},"3":{"start":{"line":5,"column":24},"end":{"line":6,"column":58}},"4":{"start":{"line":6,"column":22},"end":{"line":6,"column":54}},"5":{"start":{"line":7,"column":4},"end":{"line":7,"column":57}},"6":{"start":{"line":10,"column":4},"end":{"line":11,"column":59}},"7":{"start":{"line":11,"column":22},"end":{"line":11,"column":54}},"8":{"start":{"line":14,"column":16},"end":{"line":14,"column":18}},"9":{"start":{"line":15,"column":4},"end":{"line":19,"column":7}},"10":{"start":{"line":16,"column":6},"end":{"line":18,"column":7}},"11":{"start":{"line":17,"column":8},"end":{"line":17,"column":29}},"12":{"start":{"line":20,"column":4},"end":{"line":20,"column":17}}},"fnMap":{"0":{"name":"(anonymous_0)","decl":{"start":{"line":2,"column":2},"end":{"line":2,"column":3}},"loc":{"start":{"line":2,"column":25},"end":{"line":8,"column":3}},"line":2},"1":{"name":"(anonymous_1)","decl":{"start":{"line":4,"column":6},"end":{"line":4,"column":7}},"loc":{"start":{"line":4,"column":20},"end":{"line":4,"column":65}},"line":4},"2":{"name":"(anonymous_2)","decl":{"start":{"line":6,"column":6},"end":{"line":6,"column":7}},"loc":{"start":{"line":6,"column":22},"end":{"line":6,"column":54}},"line":6},"3":{"name":"(anonymous_3)","decl":{"start":{"line":9,"column":2},"end":{"line":9,"column":3}},"loc":{"start":{"line":9,"column":24},"end":{"line":12,"column":3}},"line":9},"4":{"name":"(anonymous_4)","decl":{"start":{"line":11,"column":6},"end":{"line":11,"column":7}},"loc":{"start":{"line":11,"column":22},"end":{"line":11,"column":54}},"line":11},"5":{"name":"(anonymous_5)","decl":{"start":{"line":13,"column":2},"end":{"line":13,"column":3}},"loc":{"start":{"line":13,"column":23},"end":{"line":21,"column":3}},"line":13},"6":{"name":"(anonymous_6)","decl":{"start":{"line":15,"column":32},"end":{"line":15,"column":33}},"loc":{"start":{"line":15,"column":41},"end":{"line":19,"column":5}},"line":15}},"branchMap":{"0":{"loc":{"start":{"line":16,"column":6},"end":{"line":18,"column":7}},"type":"if","locations":[{"start":{"line":16,"column":6},"end":{"line":18,"column":7}},{"start":{},"end":{}}],"line":16}},"s":{"0":1,"1":0,"2":0,"3":0,"4":0,"5":0,"6":0,"7":0,"8":0,"9":0,"10":0,"11":0,"12":0},"f":{"0":0,"1":0,"2":0,"3":0,"4":0,"5":0,"6":0},"b":{"0":[0,0]},"_coverageSchema":"1a1c01bbd47fc00a2c39e90264f33305004495a9","hash":"e973dfb538eaf51f2b1562eaf93f9b5cdd900bb7"}
,"/Users/dukeromkey/Coding/hackreactor2022/rpp2204/atelier-project/client/src/components/OutfitList/AddOutfit.jsx": {"path":"/Users/dukeromkey/Coding/hackreactor2022/rpp2204/atelier-project/client/src/components/OutfitList/AddOutfit.jsx","statementMap":{"0":{"start":{"line":5,"column":2},"end":{"line":10,"column":4}}},"fnMap":{"0":{"name":"AddOutfit","decl":{"start":{"line":4,"column":9},"end":{"line":4,"column":18}},"loc":{"start":{"line":4,"column":45},"end":{"line":11,"column":1}},"line":4}},"branchMap":{},"s":{"0":2},"f":{"0":2},"b":{},"_coverageSchema":"1a1c01bbd47fc00a2c39e90264f33305004495a9","hash":"31f620a6e82cac1b37e6a5549f40ea464926bf5a"}
,"/Users/dukeromkey/Coding/hackreactor2022/rpp2204/atelier-project/client/src/components/OutfitList/OutfitCard.jsx": {"path":"/Users/dukeromkey/Coding/hackreactor2022/rpp2204/atelier-project/client/src/components/OutfitList/OutfitCard.jsx","statementMap":{"0":{"start":{"line":7,"column":23},"end":{"line":7,"column":76}},"1":{"start":{"line":7,"column":57},"end":{"line":7,"column":74}},"2":{"start":{"line":9,"column":26},"end":{"line":10,"column":69}},"3":{"start":{"line":12,"column":27},"end":{"line":12,"column":237}},"4":{"start":{"line":14,"column":21},"end":{"line":15,"column":60}},"5":{"start":{"line":17,"column":19},"end":{"line":17,"column":55}},"6":{"start":{"line":19,"column":2},"end":{"line":26,"column":3}},"7":{"start":{"line":20,"column":4},"end":{"line":25,"column":6}},"8":{"start":{"line":28,"column":2},"end":{"line":49,"column":4}}},"fnMap":{"0":{"name":"OutfitCard","decl":{"start":{"line":6,"column":9},"end":{"line":6,"column":19}},"loc":{"start":{"line":6,"column":58},"end":{"line":50,"column":1}},"line":6},"1":{"name":"(anonymous_1)","decl":{"start":{"line":7,"column":45},"end":{"line":7,"column":46}},"loc":{"start":{"line":7,"column":57},"end":{"line":7,"column":74}},"line":7}},"branchMap":{"0":{"loc":{"start":{"line":9,"column":26},"end":{"line":10,"column":69}},"type":"cond-expr","locations":[{"start":{"line":10,"column":6},"end":{"line":10,"column":35}},{"start":{"line":10,"column":38},"end":{"line":10,"column":69}}],"line":9},"1":{"loc":{"start":{"line":14,"column":21},"end":{"line":15,"column":60}},"type":"cond-expr","locations":[{"start":{"line":15,"column":6},"end":{"line":15,"column":29}},{"start":{"line":15,"column":32},"end":{"line":15,"column":60}}],"line":14},"2":{"loc":{"start":{"line":19,"column":2},"end":{"line":26,"column":3}},"type":"if","locations":[{"start":{"line":19,"column":2},"end":{"line":26,"column":3}},{"start":{},"end":{}}],"line":19},"3":{"loc":{"start":{"line":35,"column":15},"end":{"line":35,"column":50}},"type":"binary-expr","locations":[{"start":{"line":35,"column":15},"end":{"line":35,"column":30}},{"start":{"line":35,"column":34},"end":{"line":35,"column":50}}],"line":35}},"s":{"0":1,"1":1,"2":1,"3":1,"4":1,"5":1,"6":1,"7":0,"8":1},"f":{"0":1,"1":1},"b":{"0":[1,0],"1":[1,0],"2":[0,1],"3":[1,0]},"_coverageSchema":"1a1c01bbd47fc00a2c39e90264f33305004495a9","hash":"a569e24e250f04a7dc12bc9b46ad060f6d147c2f"}
,"/Users/dukeromkey/Coding/hackreactor2022/rpp2204/atelier-project/client/src/components/OutfitList/OutfitList.jsx": {"path":"/Users/dukeromkey/Coding/hackreactor2022/rpp2204/atelier-project/client/src/components/OutfitList/OutfitList.jsx","statementMap":{"0":{"start":{"line":10,"column":4},"end":{"line":10,"column":17}},"1":{"start":{"line":11,"column":4},"end":{"line":15,"column":6}},"2":{"start":{"line":16,"column":4},"end":{"line":16,"column":69}},"3":{"start":{"line":17,"column":4},"end":{"line":17,"column":75}},"4":{"start":{"line":21,"column":4},"end":{"line":21,"column":31}},"5":{"start":{"line":25,"column":4},"end":{"line":28,"column":8}},"6":{"start":{"line":25,"column":34},"end":{"line":28,"column":5}},"7":{"start":{"line":32,"column":4},"end":{"line":35,"column":8}},"8":{"start":{"line":32,"column":34},"end":{"line":35,"column":5}},"9":{"start":{"line":39,"column":27},"end":{"line":39,"column":37}},"10":{"start":{"line":40,"column":16},"end":{"line":40,"column":36}},"11":{"start":{"line":42,"column":4},"end":{"line":62,"column":5}},"12":{"start":{"line":43,"column":6},"end":{"line":47,"column":9}},"13":{"start":{"line":48,"column":11},"end":{"line":62,"column":5}},"14":{"start":{"line":49,"column":6},"end":{"line":53,"column":9}},"15":{"start":{"line":54,"column":6},"end":{"line":54,"column":59}},"16":{"start":{"line":56,"column":6},"end":{"line":60,"column":9}},"17":{"start":{"line":61,"column":6},"end":{"line":61,"column":36}},"18":{"start":{"line":63,"column":18},"end":{"line":63,"column":42}},"19":{"start":{"line":64,"column":4},"end":{"line":64,"column":71}},"20":{"start":{"line":64,"column":43},"end":{"line":64,"column":69}},"21":{"start":{"line":69,"column":24},"end":{"line":69,"column":34}},"22":{"start":{"line":70,"column":32},"end":{"line":70,"column":42}},"23":{"start":{"line":71,"column":20},"end":{"line":71,"column":58}},"24":{"start":{"line":72,"column":25},"end":{"line":72,"column":27}},"25":{"start":{"line":73,"column":4},"end":{"line":76,"column":5}},"26":{"start":{"line":74,"column":6},"end":{"line":74,"column":39}},"27":{"start":{"line":75,"column":6},"end":{"line":75,"column":18}},"28":{"start":{"line":77,"column":4},"end":{"line":77,"column":24}},"29":{"start":{"line":81,"column":37},"end":{"line":81,"column":47}},"30":{"start":{"line":84,"column":8},"end":{"line":84,"column":18}},"31":{"start":{"line":85,"column":4},"end":{"line":130,"column":6}},"32":{"start":{"line":105,"column":16},"end":{"line":113,"column":17}},"33":{"start":{"line":106,"column":18},"end":{"line":112,"column":20}},"34":{"start":{"line":116,"column":63},"end":{"line":116,"column":90}}},"fnMap":{"0":{"name":"(anonymous_0)","decl":{"start":{"line":9,"column":2},"end":{"line":9,"column":3}},"loc":{"start":{"line":9,"column":21},"end":{"line":18,"column":3}},"line":9},"1":{"name":"(anonymous_1)","decl":{"start":{"line":20,"column":2},"end":{"line":20,"column":3}},"loc":{"start":{"line":20,"column":22},"end":{"line":22,"column":3}},"line":20},"2":{"name":"(anonymous_2)","decl":{"start":{"line":24,"column":2},"end":{"line":24,"column":3}},"loc":{"start":{"line":24,"column":25},"end":{"line":29,"column":3}},"line":24},"3":{"name":"(anonymous_3)","decl":{"start":{"line":25,"column":18},"end":{"line":25,"column":19}},"loc":{"start":{"line":25,"column":34},"end":{"line":28,"column":5}},"line":25},"4":{"name":"(anonymous_4)","decl":{"start":{"line":31,"column":2},"end":{"line":31,"column":3}},"loc":{"start":{"line":31,"column":28},"end":{"line":36,"column":3}},"line":31},"5":{"name":"(anonymous_5)","decl":{"start":{"line":32,"column":18},"end":{"line":32,"column":19}},"loc":{"start":{"line":32,"column":34},"end":{"line":35,"column":5}},"line":32},"6":{"name":"(anonymous_6)","decl":{"start":{"line":38,"column":2},"end":{"line":38,"column":3}},"loc":{"start":{"line":38,"column":24},"end":{"line":65,"column":3}},"line":38},"7":{"name":"(anonymous_7)","decl":{"start":{"line":64,"column":37},"end":{"line":64,"column":38}},"loc":{"start":{"line":64,"column":43},"end":{"line":64,"column":69}},"line":64},"8":{"name":"(anonymous_8)","decl":{"start":{"line":68,"column":2},"end":{"line":68,"column":3}},"loc":{"start":{"line":68,"column":17},"end":{"line":78,"column":3}},"line":68},"9":{"name":"(anonymous_9)","decl":{"start":{"line":80,"column":2},"end":{"line":80,"column":3}},"loc":{"start":{"line":80,"column":11},"end":{"line":131,"column":3}},"line":80},"10":{"name":"(anonymous_10)","decl":{"start":{"line":104,"column":26},"end":{"line":104,"column":27}},"loc":{"start":{"line":104,"column":46},"end":{"line":114,"column":15}},"line":104},"11":{"name":"(anonymous_11)","decl":{"start":{"line":116,"column":37},"end":{"line":116,"column":38}},"loc":{"start":{"line":116,"column":63},"end":{"line":116,"column":90}},"line":116}},"branchMap":{"0":{"loc":{"start":{"line":42,"column":4},"end":{"line":62,"column":5}},"type":"if","locations":[{"start":{"line":42,"column":4},"end":{"line":62,"column":5}},{"start":{"line":48,"column":11},"end":{"line":62,"column":5}}],"line":42},"1":{"loc":{"start":{"line":48,"column":11},"end":{"line":62,"column":5}},"type":"if","locations":[{"start":{"line":48,"column":11},"end":{"line":62,"column":5}},{"start":{"line":55,"column":11},"end":{"line":62,"column":5}}],"line":48},"2":{"loc":{"start":{"line":90,"column":13},"end":{"line":94,"column":13}},"type":"binary-expr","locations":[{"start":{"line":90,"column":13},"end":{"line":90,"column":27}},{"start":{"line":91,"column":12},"end":{"line":93,"column":18}}],"line":90},"3":{"loc":{"start":{"line":95,"column":13},"end":{"line":99,"column":13}},"type":"binary-expr","locations":[{"start":{"line":95,"column":13},"end":{"line":95,"column":29}},{"start":{"line":96,"column":12},"end":{"line":98,"column":18}}],"line":95},"4":{"loc":{"start":{"line":105,"column":16},"end":{"line":113,"column":17}},"type":"if","locations":[{"start":{"line":105,"column":16},"end":{"line":113,"column":17}},{"start":{},"end":{}}],"line":105},"5":{"loc":{"start":{"line":105,"column":20},"end":{"line":105,"column":60}},"type":"binary-expr","locations":[{"start":{"line":105,"column":20},"end":{"line":105,"column":39}},{"start":{"line":105,"column":43},"end":{"line":105,"column":60}}],"line":105},"6":{"loc":{"start":{"line":117,"column":13},"end":{"line":121,"column":13}},"type":"binary-expr","locations":[{"start":{"line":117,"column":13},"end":{"line":117,"column":44}},{"start":{"line":118,"column":12},"end":{"line":120,"column":18}}],"line":117},"7":{"loc":{"start":{"line":122,"column":13},"end":{"line":126,"column":13}},"type":"binary-expr","locations":[{"start":{"line":122,"column":14},"end":{"line":122,"column":34}},{"start":{"line":122,"column":38},"end":{"line":122,"column":68}},{"start":{"line":123,"column":12},"end":{"line":125,"column":18}}],"line":122}},"s":{"0":1,"1":1,"2":1,"3":1,"4":1,"5":0,"6":0,"7":0,"8":0,"9":1,"10":1,"11":1,"12":0,"13":1,"14":0,"15":0,"16":1,"17":1,"18":1,"19":1,"20":0,"21":2,"22":2,"23":2,"24":2,"25":2,"26":6,"27":6,"28":2,"29":2,"30":2,"31":2,"32":0,"33":0,"34":6},"f":{"0":1,"1":1,"2":0,"3":0,"4":0,"5":0,"6":1,"7":0,"8":2,"9":2,"10":0,"11":6},"b":{"0":[0,1],"1":[0,1],"2":[2,0],"3":[2,2],"4":[0,0],"5":[0,0],"6":[2,0],"7":[2,0,2]},"_coverageSchema":"1a1c01bbd47fc00a2c39e90264f33305004495a9","hash":"405c673976d1d4966cb26ba5c891702b903e4589"}
,"/Users/dukeromkey/Coding/hackreactor2022/rpp2204/atelier-project/client/src/components/OutfitList/Placeholder.jsx": {"path":"/Users/dukeromkey/Coding/hackreactor2022/rpp2204/atelier-project/client/src/components/OutfitList/Placeholder.jsx","statementMap":{"0":{"start":{"line":5,"column":2},"end":{"line":27,"column":4}}},"fnMap":{"0":{"name":"Placeholder","decl":{"start":{"line":4,"column":9},"end":{"line":4,"column":20}},"loc":{"start":{"line":4,"column":23},"end":{"line":28,"column":1}},"line":4}},"branchMap":{},"s":{"0":6},"f":{"0":6},"b":{},"_coverageSchema":"1a1c01bbd47fc00a2c39e90264f33305004495a9","hash":"bb5d62f48077402d66dd21ee0c9e0865e70ee989"}
,"/Users/dukeromkey/Coding/hackreactor2022/rpp2204/atelier-project/client/src/components/RelatedItems/CompareModal.jsx": {"path":"/Users/dukeromkey/Coding/hackreactor2022/rpp2204/atelier-project/client/src/components/RelatedItems/CompareModal.jsx","statementMap":{"0":{"start":{"line":8,"column":2},"end":{"line":10,"column":3}},"1":{"start":{"line":9,"column":4},"end":{"line":9,"column":16}},"2":{"start":{"line":13,"column":23},"end":{"line":16,"column":8}},"3":{"start":{"line":14,"column":31},"end":{"line":14,"column":35}},"4":{"start":{"line":15,"column":4},"end":{"line":15,"column":40}},"5":{"start":{"line":18,"column":23},"end":{"line":21,"column":8}},"6":{"start":{"line":19,"column":31},"end":{"line":19,"column":35}},"7":{"start":{"line":20,"column":4},"end":{"line":20,"column":40}},"8":{"start":{"line":24,"column":25},"end":{"line":24,"column":98}},"9":{"start":{"line":26,"column":21},"end":{"line":40,"column":4}},"10":{"start":{"line":27,"column":4},"end":{"line":29,"column":5}},"11":{"start":{"line":28,"column":6},"end":{"line":28,"column":176}},"12":{"start":{"line":30,"column":4},"end":{"line":32,"column":5}},"13":{"start":{"line":31,"column":6},"end":{"line":31,"column":176}},"14":{"start":{"line":33,"column":4},"end":{"line":39,"column":6}},"15":{"start":{"line":42,"column":2},"end":{"line":66,"column":4}}},"fnMap":{"0":{"name":"CompareModal","decl":{"start":{"line":5,"column":9},"end":{"line":5,"column":21}},"loc":{"start":{"line":7,"column":3},"end":{"line":67,"column":1}},"line":7},"1":{"name":"(anonymous_1)","decl":{"start":{"line":13,"column":51},"end":{"line":13,"column":52}},"loc":{"start":{"line":13,"column":66},"end":{"line":16,"column":3}},"line":13},"2":{"name":"(anonymous_2)","decl":{"start":{"line":18,"column":51},"end":{"line":18,"column":52}},"loc":{"start":{"line":18,"column":66},"end":{"line":21,"column":3}},"line":18},"3":{"name":"(anonymous_3)","decl":{"start":{"line":26,"column":40},"end":{"line":26,"column":41}},"loc":{"start":{"line":26,"column":51},"end":{"line":40,"column":3}},"line":26}},"branchMap":{"0":{"loc":{"start":{"line":8,"column":2},"end":{"line":10,"column":3}},"type":"if","locations":[{"start":{"line":8,"column":2},"end":{"line":10,"column":3}},{"start":{},"end":{}}],"line":8},"1":{"loc":{"start":{"line":27,"column":4},"end":{"line":29,"column":5}},"type":"if","locations":[{"start":{"line":27,"column":4},"end":{"line":29,"column":5}},{"start":{},"end":{}}],"line":27},"2":{"loc":{"start":{"line":30,"column":4},"end":{"line":32,"column":5}},"type":"if","locations":[{"start":{"line":30,"column":4},"end":{"line":32,"column":5}},{"start":{},"end":{}}],"line":30},"3":{"loc":{"start":{"line":35,"column":42},"end":{"line":35,"column":88}},"type":"cond-expr","locations":[{"start":{"line":35,"column":64},"end":{"line":35,"column":83}},{"start":{"line":35,"column":86},"end":{"line":35,"column":88}}],"line":35},"4":{"loc":{"start":{"line":37,"column":42},"end":{"line":37,"column":88}},"type":"cond-expr","locations":[{"start":{"line":37,"column":64},"end":{"line":37,"column":83}},{"start":{"line":37,"column":86},"end":{"line":37,"column":88}}],"line":37}},"s":{"0":4,"1":4,"2":0,"3":0,"4":0,"5":0,"6":0,"7":0,"8":0,"9":0,"10":0,"11":0,"12":0,"13":0,"14":0,"15":0},"f":{"0":4,"1":0,"2":0,"3":0},"b":{"0":[4,0],"1":[0,0],"2":[0,0],"3":[0,0],"4":[0,0]},"_coverageSchema":"1a1c01bbd47fc00a2c39e90264f33305004495a9","hash":"d4d6160eb61873766d50ebed393bf26bb16f3355"}
,"/Users/dukeromkey/Coding/hackreactor2022/rpp2204/atelier-project/client/src/components/RelatedItems/ProductCard.jsx": {"path":"/Users/dukeromkey/Coding/hackreactor2022/rpp2204/atelier-project/client/src/components/RelatedItems/ProductCard.jsx","statementMap":{"0":{"start":{"line":10,"column":23},"end":{"line":10,"column":76}},"1":{"start":{"line":10,"column":57},"end":{"line":10,"column":74}},"2":{"start":{"line":12,"column":26},"end":{"line":13,"column":69}},"3":{"start":{"line":15,"column":42},"end":{"line":15,"column":94}},"4":{"start":{"line":17,"column":27},"end":{"line":17,"column":237}},"5":{"start":{"line":19,"column":32},"end":{"line":19,"column":47}},"6":{"start":{"line":24,"column":21},"end":{"line":25,"column":60}},"7":{"start":{"line":27,"column":19},"end":{"line":27,"column":55}},"8":{"start":{"line":29,"column":2},"end":{"line":36,"column":3}},"9":{"start":{"line":30,"column":4},"end":{"line":35,"column":6}},"10":{"start":{"line":38,"column":31},"end":{"line":43,"column":3}},"11":{"start":{"line":39,"column":4},"end":{"line":39,"column":23}},"12":{"start":{"line":40,"column":4},"end":{"line":40,"column":24}},"13":{"start":{"line":41,"column":4},"end":{"line":41,"column":36}},"14":{"start":{"line":42,"column":4},"end":{"line":42,"column":45}},"15":{"start":{"line":45,"column":2},"end":{"line":92,"column":4}},"16":{"start":{"line":51,"column":22},"end":{"line":51,"column":56}},"17":{"start":{"line":54,"column":28},"end":{"line":54,"column":44}},"18":{"start":{"line":55,"column":28},"end":{"line":55,"column":45}}},"fnMap":{"0":{"name":"ProductCard","decl":{"start":{"line":9,"column":9},"end":{"line":9,"column":20}},"loc":{"start":{"line":9,"column":82},"end":{"line":93,"column":1}},"line":9},"1":{"name":"(anonymous_1)","decl":{"start":{"line":10,"column":45},"end":{"line":10,"column":46}},"loc":{"start":{"line":10,"column":57},"end":{"line":10,"column":74}},"line":10},"2":{"name":"(anonymous_2)","decl":{"start":{"line":38,"column":31},"end":{"line":38,"column":32}},"loc":{"start":{"line":38,"column":38},"end":{"line":43,"column":3}},"line":38},"3":{"name":"(anonymous_3)","decl":{"start":{"line":51,"column":16},"end":{"line":51,"column":17}},"loc":{"start":{"line":51,"column":22},"end":{"line":51,"column":56}},"line":51},"4":{"name":"(anonymous_4)","decl":{"start":{"line":54,"column":22},"end":{"line":54,"column":23}},"loc":{"start":{"line":54,"column":28},"end":{"line":54,"column":44}},"line":54},"5":{"name":"(anonymous_5)","decl":{"start":{"line":55,"column":22},"end":{"line":55,"column":23}},"loc":{"start":{"line":55,"column":28},"end":{"line":55,"column":45}},"line":55}},"branchMap":{"0":{"loc":{"start":{"line":12,"column":26},"end":{"line":13,"column":69}},"type":"cond-expr","locations":[{"start":{"line":13,"column":6},"end":{"line":13,"column":35}},{"start":{"line":13,"column":38},"end":{"line":13,"column":69}}],"line":12},"1":{"loc":{"start":{"line":15,"column":51},"end":{"line":15,"column":93}},"type":"binary-expr","locations":[{"start":{"line":15,"column":51},"end":{"line":15,"column":74}},{"start":{"line":15,"column":78},"end":{"line":15,"column":93}}],"line":15},"2":{"loc":{"start":{"line":24,"column":21},"end":{"line":25,"column":60}},"type":"cond-expr","locations":[{"start":{"line":25,"column":6},"end":{"line":25,"column":29}},{"start":{"line":25,"column":32},"end":{"line":25,"column":60}}],"line":24},"3":{"loc":{"start":{"line":29,"column":2},"end":{"line":36,"column":3}},"type":"if","locations":[{"start":{"line":29,"column":2},"end":{"line":36,"column":3}},{"start":{},"end":{}}],"line":29},"4":{"loc":{"start":{"line":62,"column":15},"end":{"line":62,"column":47}},"type":"binary-expr","locations":[{"start":{"line":62,"column":15},"end":{"line":62,"column":27}},{"start":{"line":62,"column":31},"end":{"line":62,"column":47}}],"line":62},"5":{"loc":{"start":{"line":64,"column":9},"end":{"line":69,"column":9}},"type":"binary-expr","locations":[{"start":{"line":64,"column":9},"end":{"line":64,"column":16}},{"start":{"line":65,"column":8},"end":{"line":68,"column":10}}],"line":64}},"s":{"0":1,"1":1,"2":1,"3":1,"4":1,"5":1,"6":1,"7":1,"8":1,"9":0,"10":1,"11":0,"12":0,"13":0,"14":0,"15":1,"16":0,"17":0,"18":0},"f":{"0":1,"1":1,"2":0,"3":0,"4":0,"5":0},"b":{"0":[1,0],"1":[1,1],"2":[1,0],"3":[0,1],"4":[1,0],"5":[1,0]},"_coverageSchema":"1a1c01bbd47fc00a2c39e90264f33305004495a9","hash":"ac27dd8691d1bb7cef511e9ad1e9ec7bf0a39665"}
,"/Users/dukeromkey/Coding/hackreactor2022/rpp2204/atelier-project/client/src/components/RelatedItems/RelatedProducts.jsx": {"path":"/Users/dukeromkey/Coding/hackreactor2022/rpp2204/atelier-project/client/src/components/RelatedItems/RelatedProducts.jsx","statementMap":{"0":{"start":{"line":13,"column":4},"end":{"line":13,"column":17}},"1":{"start":{"line":14,"column":4},"end":{"line":21,"column":6}},"2":{"start":{"line":22,"column":4},"end":{"line":22,"column":69}},"3":{"start":{"line":23,"column":4},"end":{"line":23,"column":75}},"4":{"start":{"line":24,"column":4},"end":{"line":24,"column":73}},"5":{"start":{"line":25,"column":4},"end":{"line":25,"column":73}},"6":{"start":{"line":26,"column":4},"end":{"line":26,"column":57}},"7":{"start":{"line":27,"column":4},"end":{"line":27,"column":61}},"8":{"start":{"line":31,"column":4},"end":{"line":31,"column":31}},"9":{"start":{"line":32,"column":4},"end":{"line":32,"column":54}},"10":{"start":{"line":36,"column":32},"end":{"line":36,"column":42}},"11":{"start":{"line":37,"column":4},"end":{"line":43,"column":5}},"12":{"start":{"line":38,"column":6},"end":{"line":38,"column":56}},"13":{"start":{"line":39,"column":6},"end":{"line":42,"column":9}},"14":{"start":{"line":47,"column":4},"end":{"line":50,"column":8}},"15":{"start":{"line":47,"column":34},"end":{"line":50,"column":5}},"16":{"start":{"line":54,"column":4},"end":{"line":57,"column":8}},"17":{"start":{"line":54,"column":34},"end":{"line":57,"column":5}},"18":{"start":{"line":61,"column":4},"end":{"line":61,"column":23}},"19":{"start":{"line":62,"column":4},"end":{"line":62,"column":24}},"20":{"start":{"line":63,"column":32},"end":{"line":63,"column":42}},"21":{"start":{"line":66,"column":19},"end":{"line":66,"column":49}},"22":{"start":{"line":67,"column":27},"end":{"line":67,"column":93}},"23":{"start":{"line":67,"column":63},"end":{"line":67,"column":92}},"24":{"start":{"line":68,"column":4},"end":{"line":68,"column":54}},"25":{"start":{"line":71,"column":4},"end":{"line":71,"column":62}},"26":{"start":{"line":71,"column":34},"end":{"line":71,"column":59}},"27":{"start":{"line":75,"column":4},"end":{"line":77,"column":40}},"28":{"start":{"line":76,"column":24},"end":{"line":76,"column":35}},"29":{"start":{"line":77,"column":22},"end":{"line":77,"column":38}},"30":{"start":{"line":81,"column":4},"end":{"line":85,"column":9}},"31":{"start":{"line":82,"column":24},"end":{"line":82,"column":35}},"32":{"start":{"line":84,"column":8},"end":{"line":84,"column":25}},"33":{"start":{"line":90,"column":4},"end":{"line":101,"column":9}},"34":{"start":{"line":91,"column":24},"end":{"line":91,"column":35}},"35":{"start":{"line":94,"column":8},"end":{"line":94,"column":47}},"36":{"start":{"line":95,"column":8},"end":{"line":95,"column":62}},"37":{"start":{"line":96,"column":8},"end":{"line":96,"column":34}},"38":{"start":{"line":97,"column":8},"end":{"line":97,"column":23}},"39":{"start":{"line":100,"column":8},"end":{"line":100,"column":25}},"40":{"start":{"line":105,"column":26},"end":{"line":105,"column":36}},"41":{"start":{"line":106,"column":4},"end":{"line":162,"column":9}},"42":{"start":{"line":110,"column":28},"end":{"line":110,"column":79}},"43":{"start":{"line":110,"column":59},"end":{"line":110,"column":78}},"44":{"start":{"line":112,"column":26},"end":{"line":112,"column":51}},"45":{"start":{"line":113,"column":8},"end":{"line":113,"column":42}},"46":{"start":{"line":116,"column":27},"end":{"line":116,"column":29}},"47":{"start":{"line":118,"column":8},"end":{"line":120,"column":11}},"48":{"start":{"line":119,"column":10},"end":{"line":119,"column":89}},"49":{"start":{"line":119,"column":51},"end":{"line":119,"column":86}},"50":{"start":{"line":122,"column":8},"end":{"line":124,"column":11}},"51":{"start":{"line":123,"column":10},"end":{"line":123,"column":91}},"52":{"start":{"line":123,"column":51},"end":{"line":123,"column":88}},"53":{"start":{"line":126,"column":8},"end":{"line":128,"column":11}},"54":{"start":{"line":127,"column":10},"end":{"line":127,"column":92}},"55":{"start":{"line":127,"column":51},"end":{"line":127,"column":89}},"56":{"start":{"line":129,"column":8},"end":{"line":129,"column":26}},"57":{"start":{"line":131,"column":28},"end":{"line":131,"column":51}},"58":{"start":{"line":133,"column":28},"end":{"line":133,"column":30}},"59":{"start":{"line":135,"column":8},"end":{"line":147,"column":11}},"60":{"start":{"line":136,"column":10},"end":{"line":146,"column":11}},"61":{"start":{"line":137,"column":12},"end":{"line":145,"column":15}},"62":{"start":{"line":149,"column":8},"end":{"line":158,"column":11}},"63":{"start":{"line":150,"column":10},"end":{"line":157,"column":13}},"64":{"start":{"line":151,"column":12},"end":{"line":153,"column":13}},"65":{"start":{"line":152,"column":14},"end":{"line":152,"column":45}},"66":{"start":{"line":154,"column":12},"end":{"line":156,"column":13}},"67":{"start":{"line":155,"column":14},"end":{"line":155,"column":46}},"68":{"start":{"line":159,"column":8},"end":{"line":161,"column":11}},"69":{"start":{"line":166,"column":27},"end":{"line":166,"column":37}},"70":{"start":{"line":167,"column":16},"end":{"line":167,"column":36}},"71":{"start":{"line":169,"column":4},"end":{"line":186,"column":5}},"72":{"start":{"line":170,"column":6},"end":{"line":173,"column":9}},"73":{"start":{"line":174,"column":11},"end":{"line":186,"column":5}},"74":{"start":{"line":175,"column":6},"end":{"line":178,"column":9}},"75":{"start":{"line":179,"column":6},"end":{"line":179,"column":59}},"76":{"start":{"line":181,"column":6},"end":{"line":184,"column":9}},"77":{"start":{"line":185,"column":6},"end":{"line":185,"column":36}},"78":{"start":{"line":187,"column":18},"end":{"line":187,"column":42}},"79":{"start":{"line":188,"column":4},"end":{"line":188,"column":71}},"80":{"start":{"line":188,"column":43},"end":{"line":188,"column":69}},"81":{"start":{"line":194,"column":8},"end":{"line":194,"column":18}},"82":{"start":{"line":196,"column":52},"end":{"line":196,"column":62}},"83":{"start":{"line":198,"column":4},"end":{"line":267,"column":6}},"84":{"start":{"line":231,"column":16},"end":{"line":240,"column":17}},"85":{"start":{"line":232,"column":18},"end":{"line":239,"column":20}}},"fnMap":{"0":{"name":"(anonymous_0)","decl":{"start":{"line":12,"column":2},"end":{"line":12,"column":3}},"loc":{"start":{"line":12,"column":21},"end":{"line":28,"column":3}},"line":12},"1":{"name":"(anonymous_1)","decl":{"start":{"line":30,"column":2},"end":{"line":30,"column":3}},"loc":{"start":{"line":30,"column":22},"end":{"line":33,"column":3}},"line":30},"2":{"name":"(anonymous_2)","decl":{"start":{"line":35,"column":2},"end":{"line":35,"column":3}},"loc":{"start":{"line":35,"column":32},"end":{"line":44,"column":3}},"line":35},"3":{"name":"(anonymous_3)","decl":{"start":{"line":46,"column":2},"end":{"line":46,"column":3}},"loc":{"start":{"line":46,"column":25},"end":{"line":51,"column":3}},"line":46},"4":{"name":"(anonymous_4)","decl":{"start":{"line":47,"column":18},"end":{"line":47,"column":19}},"loc":{"start":{"line":47,"column":34},"end":{"line":50,"column":5}},"line":47},"5":{"name":"(anonymous_5)","decl":{"start":{"line":53,"column":2},"end":{"line":53,"column":3}},"loc":{"start":{"line":53,"column":28},"end":{"line":58,"column":3}},"line":53},"6":{"name":"(anonymous_6)","decl":{"start":{"line":54,"column":18},"end":{"line":54,"column":19}},"loc":{"start":{"line":54,"column":34},"end":{"line":57,"column":5}},"line":54},"7":{"name":"(anonymous_7)","decl":{"start":{"line":60,"column":2},"end":{"line":60,"column":3}},"loc":{"start":{"line":60,"column":28},"end":{"line":72,"column":3}},"line":60},"8":{"name":"(anonymous_8)","decl":{"start":{"line":67,"column":50},"end":{"line":67,"column":51}},"loc":{"start":{"line":67,"column":63},"end":{"line":67,"column":92}},"line":67},"9":{"name":"(anonymous_9)","decl":{"start":{"line":71,"column":18},"end":{"line":71,"column":19}},"loc":{"start":{"line":71,"column":34},"end":{"line":71,"column":59}},"line":71},"10":{"name":"(anonymous_10)","decl":{"start":{"line":74,"column":2},"end":{"line":74,"column":3}},"loc":{"start":{"line":74,"column":21},"end":{"line":78,"column":3}},"line":74},"11":{"name":"(anonymous_11)","decl":{"start":{"line":76,"column":12},"end":{"line":76,"column":13}},"loc":{"start":{"line":76,"column":24},"end":{"line":76,"column":35}},"line":76},"12":{"name":"(anonymous_12)","decl":{"start":{"line":77,"column":13},"end":{"line":77,"column":14}},"loc":{"start":{"line":77,"column":22},"end":{"line":77,"column":38}},"line":77},"13":{"name":"(anonymous_13)","decl":{"start":{"line":80,"column":2},"end":{"line":80,"column":3}},"loc":{"start":{"line":80,"column":23},"end":{"line":86,"column":3}},"line":80},"14":{"name":"(anonymous_14)","decl":{"start":{"line":82,"column":12},"end":{"line":82,"column":13}},"loc":{"start":{"line":82,"column":24},"end":{"line":82,"column":35}},"line":82},"15":{"name":"(anonymous_15)","decl":{"start":{"line":83,"column":13},"end":{"line":83,"column":14}},"loc":{"start":{"line":83,"column":22},"end":{"line":85,"column":7}},"line":83},"16":{"name":"(anonymous_16)","decl":{"start":{"line":89,"column":2},"end":{"line":89,"column":3}},"loc":{"start":{"line":89,"column":24},"end":{"line":102,"column":3}},"line":89},"17":{"name":"(anonymous_17)","decl":{"start":{"line":91,"column":12},"end":{"line":91,"column":13}},"loc":{"start":{"line":91,"column":24},"end":{"line":91,"column":35}},"line":91},"18":{"name":"(anonymous_18)","decl":{"start":{"line":92,"column":12},"end":{"line":92,"column":13}},"loc":{"start":{"line":92,"column":25},"end":{"line":98,"column":7}},"line":92},"19":{"name":"(anonymous_19)","decl":{"start":{"line":99,"column":13},"end":{"line":99,"column":14}},"loc":{"start":{"line":99,"column":22},"end":{"line":101,"column":7}},"line":99},"20":{"name":"(anonymous_20)","decl":{"start":{"line":104,"column":2},"end":{"line":104,"column":3}},"loc":{"start":{"line":104,"column":29},"end":{"line":163,"column":3}},"line":104},"21":{"name":"(anonymous_21)","decl":{"start":{"line":108,"column":12},"end":{"line":108,"column":13}},"loc":{"start":{"line":108,"column":25},"end":{"line":114,"column":7}},"line":108},"22":{"name":"(anonymous_22)","decl":{"start":{"line":110,"column":48},"end":{"line":110,"column":49}},"loc":{"start":{"line":110,"column":59},"end":{"line":110,"column":78}},"line":110},"23":{"name":"(anonymous_23)","decl":{"start":{"line":115,"column":12},"end":{"line":115,"column":13}},"loc":{"start":{"line":115,"column":21},"end":{"line":130,"column":7}},"line":115},"24":{"name":"(anonymous_24)","decl":{"start":{"line":118,"column":20},"end":{"line":118,"column":21}},"loc":{"start":{"line":118,"column":31},"end":{"line":120,"column":9}},"line":118},"25":{"name":"(anonymous_25)","decl":{"start":{"line":119,"column":38},"end":{"line":119,"column":39}},"loc":{"start":{"line":119,"column":51},"end":{"line":119,"column":86}},"line":119},"26":{"name":"(anonymous_26)","decl":{"start":{"line":122,"column":20},"end":{"line":122,"column":21}},"loc":{"start":{"line":122,"column":31},"end":{"line":124,"column":9}},"line":122},"27":{"name":"(anonymous_27)","decl":{"start":{"line":123,"column":38},"end":{"line":123,"column":39}},"loc":{"start":{"line":123,"column":51},"end":{"line":123,"column":88}},"line":123},"28":{"name":"(anonymous_28)","decl":{"start":{"line":126,"column":20},"end":{"line":126,"column":21}},"loc":{"start":{"line":126,"column":31},"end":{"line":128,"column":9}},"line":126},"29":{"name":"(anonymous_29)","decl":{"start":{"line":127,"column":38},"end":{"line":127,"column":39}},"loc":{"start":{"line":127,"column":51},"end":{"line":127,"column":89}},"line":127},"30":{"name":"(anonymous_30)","decl":{"start":{"line":131,"column":12},"end":{"line":131,"column":13}},"loc":{"start":{"line":131,"column":28},"end":{"line":131,"column":51}},"line":131},"31":{"name":"(anonymous_31)","decl":{"start":{"line":132,"column":12},"end":{"line":132,"column":13}},"loc":{"start":{"line":132,"column":24},"end":{"line":162,"column":7}},"line":132},"32":{"name":"(anonymous_32)","decl":{"start":{"line":135,"column":23},"end":{"line":135,"column":24}},"loc":{"start":{"line":135,"column":34},"end":{"line":147,"column":9}},"line":135},"33":{"name":"(anonymous_33)","decl":{"start":{"line":149,"column":28},"end":{"line":149,"column":29}},"loc":{"start":{"line":149,"column":41},"end":{"line":158,"column":9}},"line":149},"34":{"name":"(anonymous_34)","decl":{"start":{"line":150,"column":25},"end":{"line":150,"column":26}},"loc":{"start":{"line":150,"column":36},"end":{"line":157,"column":11}},"line":150},"35":{"name":"(anonymous_35)","decl":{"start":{"line":165,"column":2},"end":{"line":165,"column":3}},"loc":{"start":{"line":165,"column":24},"end":{"line":189,"column":3}},"line":165},"36":{"name":"(anonymous_36)","decl":{"start":{"line":188,"column":37},"end":{"line":188,"column":38}},"loc":{"start":{"line":188,"column":43},"end":{"line":188,"column":69}},"line":188},"37":{"name":"(anonymous_37)","decl":{"start":{"line":191,"column":2},"end":{"line":191,"column":3}},"loc":{"start":{"line":191,"column":11},"end":{"line":268,"column":3}},"line":191},"38":{"name":"(anonymous_38)","decl":{"start":{"line":230,"column":34},"end":{"line":230,"column":35}},"loc":{"start":{"line":230,"column":54},"end":{"line":241,"column":15}},"line":230}},"branchMap":{"0":{"loc":{"start":{"line":37,"column":4},"end":{"line":43,"column":5}},"type":"if","locations":[{"start":{"line":37,"column":4},"end":{"line":43,"column":5}},{"start":{},"end":{}}],"line":37},"1":{"loc":{"start":{"line":95,"column":26},"end":{"line":95,"column":61}},"type":"binary-expr","locations":[{"start":{"line":95,"column":26},"end":{"line":95,"column":56}},{"start":{"line":95,"column":60},"end":{"line":95,"column":61}}],"line":95},"2":{"loc":{"start":{"line":136,"column":10},"end":{"line":146,"column":11}},"type":"if","locations":[{"start":{"line":136,"column":10},"end":{"line":146,"column":11}},{"start":{},"end":{}}],"line":136},"3":{"loc":{"start":{"line":151,"column":12},"end":{"line":153,"column":13}},"type":"if","locations":[{"start":{"line":151,"column":12},"end":{"line":153,"column":13}},{"start":{},"end":{}}],"line":151},"4":{"loc":{"start":{"line":154,"column":12},"end":{"line":156,"column":13}},"type":"if","locations":[{"start":{"line":154,"column":12},"end":{"line":156,"column":13}},{"start":{},"end":{}}],"line":154},"5":{"loc":{"start":{"line":169,"column":4},"end":{"line":186,"column":5}},"type":"if","locations":[{"start":{"line":169,"column":4},"end":{"line":186,"column":5}},{"start":{"line":174,"column":11},"end":{"line":186,"column":5}}],"line":169},"6":{"loc":{"start":{"line":174,"column":11},"end":{"line":186,"column":5}},"type":"if","locations":[{"start":{"line":174,"column":11},"end":{"line":186,"column":5}},{"start":{"line":180,"column":11},"end":{"line":186,"column":5}}],"line":174},"7":{"loc":{"start":{"line":204,"column":14},"end":{"line":211,"column":15}},"type":"binary-expr","locations":[{"start":{"line":204,"column":14},"end":{"line":204,"column":28}},{"start":{"line":206,"column":14},"end":{"line":210,"column":20}}],"line":204},"8":{"loc":{"start":{"line":214,"column":14},"end":{"line":221,"column":15}},"type":"binary-expr","locations":[{"start":{"line":214,"column":14},"end":{"line":214,"column":30}},{"start":{"line":216,"column":14},"end":{"line":220,"column":20}}],"line":214},"9":{"loc":{"start":{"line":231,"column":16},"end":{"line":240,"column":17}},"type":"if","locations":[{"start":{"line":231,"column":16},"end":{"line":240,"column":17}},{"start":{},"end":{}}],"line":231},"10":{"loc":{"start":{"line":231,"column":20},"end":{"line":231,"column":60}},"type":"binary-expr","locations":[{"start":{"line":231,"column":20},"end":{"line":231,"column":39}},{"start":{"line":231,"column":43},"end":{"line":231,"column":60}}],"line":231},"11":{"loc":{"start":{"line":244,"column":14},"end":{"line":252,"column":15}},"type":"binary-expr","locations":[{"start":{"line":244,"column":14},"end":{"line":244,"column":55}},{"start":{"line":245,"column":17},"end":{"line":245,"column":50}},{"start":{"line":247,"column":14},"end":{"line":251,"column":20}}],"line":244},"12":{"loc":{"start":{"line":255,"column":14},"end":{"line":262,"column":15}},"type":"binary-expr","locations":[{"start":{"line":255,"column":15},"end":{"line":255,"column":49}},{"start":{"line":255,"column":53},"end":{"line":255,"column":94}},{"start":{"line":257,"column":14},"end":{"line":261,"column":20}}],"line":255}},"s":{"0":2,"1":2,"2":2,"3":2,"4":2,"5":2,"6":2,"7":2,"8":2,"9":2,"10":2,"11":2,"12":0,"13":0,"14":0,"15":0,"16":0,"17":0,"18":0,"19":0,"20":0,"21":0,"22":0,"23":0,"24":0,"25":0,"26":0,"27":0,"28":0,"29":0,"30":0,"31":0,"32":0,"33":0,"34":0,"35":0,"36":0,"37":0,"38":0,"39":0,"40":2,"41":2,"42":0,"43":0,"44":0,"45":0,"46":0,"47":0,"48":0,"49":0,"50":0,"51":0,"52":0,"53":0,"54":0,"55":0,"56":0,"57":0,"58":0,"59":0,"60":0,"61":0,"62":0,"63":0,"64":0,"65":0,"66":0,"67":0,"68":0,"69":2,"70":2,"71":2,"72":0,"73":2,"74":0,"75":0,"76":2,"77":2,"78":2,"79":2,"80":0,"81":4,"82":4,"83":4,"84":0,"85":0},"f":{"0":2,"1":2,"2":2,"3":0,"4":0,"5":0,"6":0,"7":0,"8":0,"9":0,"10":0,"11":0,"12":0,"13":0,"14":0,"15":0,"16":0,"17":0,"18":0,"19":0,"20":2,"21":0,"22":0,"23":0,"24":0,"25":0,"26":0,"27":0,"28":0,"29":0,"30":0,"31":0,"32":0,"33":0,"34":0,"35":2,"36":0,"37":4,"38":0},"b":{"0":[0,2],"1":[0,0],"2":[0,0],"3":[0,0],"4":[0,0],"5":[0,2],"6":[0,2],"7":[4,0],"8":[4,4],"9":[0,0],"10":[0,0],"11":[4,4,0],"12":[4,0,4]},"_coverageSchema":"1a1c01bbd47fc00a2c39e90264f33305004495a9","hash":"71b5b74a76c6caa9c105a6f3a6c68a67c83c9826"}
,"/Users/dukeromkey/Coding/hackreactor2022/rpp2204/atelier-project/client/src/components/RelatedItems/StarRating.jsx": {"path":"/Users/dukeromkey/Coding/hackreactor2022/rpp2204/atelier-project/client/src/components/RelatedItems/StarRating.jsx","statementMap":{"0":{"start":{"line":12,"column":20},"end":{"line":12,"column":59}},"1":{"start":{"line":13,"column":22},"end":{"line":13,"column":24}},"2":{"start":{"line":14,"column":23},"end":{"line":14,"column":78}},"3":{"start":{"line":15,"column":10},"end":{"line":15,"column":11}},"4":{"start":{"line":17,"column":2},"end":{"line":29,"column":3}},"5":{"start":{"line":18,"column":4},"end":{"line":28,"column":5}},"6":{"start":{"line":19,"column":6},"end":{"line":19,"column":33}},"7":{"start":{"line":20,"column":11},"end":{"line":28,"column":5}},"8":{"start":{"line":21,"column":6},"end":{"line":21,"column":36}},"9":{"start":{"line":22,"column":11},"end":{"line":28,"column":5}},"10":{"start":{"line":23,"column":6},"end":{"line":23,"column":33}},"11":{"start":{"line":24,"column":11},"end":{"line":28,"column":5}},"12":{"start":{"line":25,"column":6},"end":{"line":25,"column":41}},"13":{"start":{"line":27,"column":6},"end":{"line":27,"column":34}},"14":{"start":{"line":31,"column":2},"end":{"line":36,"column":4}},"15":{"start":{"line":33,"column":63},"end":{"line":33,"column":139}},"16":{"start":{"line":34,"column":65},"end":{"line":34,"column":141}}},"fnMap":{"0":{"name":"StarRating","decl":{"start":{"line":11,"column":9},"end":{"line":11,"column":19}},"loc":{"start":{"line":11,"column":32},"end":{"line":37,"column":1}},"line":11},"1":{"name":"(anonymous_1)","decl":{"start":{"line":33,"column":42},"end":{"line":33,"column":43}},"loc":{"start":{"line":33,"column":63},"end":{"line":33,"column":139}},"line":33},"2":{"name":"(anonymous_2)","decl":{"start":{"line":34,"column":44},"end":{"line":34,"column":45}},"loc":{"start":{"line":34,"column":65},"end":{"line":34,"column":141}},"line":34}},"branchMap":{"0":{"loc":{"start":{"line":18,"column":4},"end":{"line":28,"column":5}},"type":"if","locations":[{"start":{"line":18,"column":4},"end":{"line":28,"column":5}},{"start":{"line":20,"column":11},"end":{"line":28,"column":5}}],"line":18},"1":{"loc":{"start":{"line":20,"column":11},"end":{"line":28,"column":5}},"type":"if","locations":[{"start":{"line":20,"column":11},"end":{"line":28,"column":5}},{"start":{"line":22,"column":11},"end":{"line":28,"column":5}}],"line":20},"2":{"loc":{"start":{"line":22,"column":11},"end":{"line":28,"column":5}},"type":"if","locations":[{"start":{"line":22,"column":11},"end":{"line":28,"column":5}},{"start":{"line":24,"column":11},"end":{"line":28,"column":5}}],"line":22},"3":{"loc":{"start":{"line":24,"column":11},"end":{"line":28,"column":5}},"type":"if","locations":[{"start":{"line":24,"column":11},"end":{"line":28,"column":5}},{"start":{"line":26,"column":11},"end":{"line":28,"column":5}}],"line":24},"4":{"loc":{"start":{"line":33,"column":7},"end":{"line":33,"column":140}},"type":"binary-expr","locations":[{"start":{"line":33,"column":7},"end":{"line":33,"column":22}},{"start":{"line":33,"column":26},"end":{"line":33,"column":140}}],"line":33},"5":{"loc":{"start":{"line":34,"column":7},"end":{"line":34,"column":142}},"type":"binary-expr","locations":[{"start":{"line":34,"column":7},"end":{"line":34,"column":23}},{"start":{"line":34,"column":27},"end":{"line":34,"column":142}}],"line":34}},"s":{"0":8,"1":8,"2":8,"3":8,"4":8,"5":40,"6":18,"7":22,"8":0,"9":22,"10":6,"11":16,"12":0,"13":16,"14":8,"15":30,"16":10},"f":{"0":8,"1":30,"2":10},"b":{"0":[18,22],"1":[0,22],"2":[6,16],"3":[0,16],"4":[8,6],"5":[8,2]},"_coverageSchema":"1a1c01bbd47fc00a2c39e90264f33305004495a9","hash":"32d2e6fecb3b744876b31eebea43e769a85d88bf"}
,"/Users/dukeromkey/Coding/hackreactor2022/rpp2204/atelier-project/client/src/components/RelatedItems/Thumbnails.jsx": {"path":"/Users/dukeromkey/Coding/hackreactor2022/rpp2204/atelier-project/client/src/components/RelatedItems/Thumbnails.jsx","statementMap":{"0":{"start":{"line":8,"column":38},"end":{"line":8,"column":49}},"1":{"start":{"line":9,"column":34},"end":{"line":9,"column":45}},"2":{"start":{"line":11,"column":20},"end":{"line":15,"column":3}},"3":{"start":{"line":12,"column":4},"end":{"line":12,"column":24}},"4":{"start":{"line":13,"column":4},"end":{"line":13,"column":34}},"5":{"start":{"line":14,"column":4},"end":{"line":14,"column":30}},"6":{"start":{"line":17,"column":20},"end":{"line":21,"column":3}},"7":{"start":{"line":18,"column":4},"end":{"line":18,"column":24}},"8":{"start":{"line":19,"column":4},"end":{"line":19,"column":34}},"9":{"start":{"line":20,"column":4},"end":{"line":20,"column":30}},"10":{"start":{"line":23,"column":27},"end":{"line":23,"column":29}},"11":{"start":{"line":25,"column":2},"end":{"line":31,"column":5}},"12":{"start":{"line":26,"column":4},"end":{"line":30,"column":7}},"13":{"start":{"line":27,"column":6},"end":{"line":29,"column":7}},"14":{"start":{"line":28,"column":8},"end":{"line":28,"column":55}},"15":{"start":{"line":33,"column":24},"end":{"line":33,"column":68}},"16":{"start":{"line":35,"column":2},"end":{"line":59,"column":4}},"17":{"start":{"line":43,"column":8},"end":{"line":51,"column":10}}},"fnMap":{"0":{"name":"Thumbnails","decl":{"start":{"line":7,"column":9},"end":{"line":7,"column":19}},"loc":{"start":{"line":7,"column":55},"end":{"line":60,"column":1}},"line":7},"1":{"name":"(anonymous_1)","decl":{"start":{"line":11,"column":20},"end":{"line":11,"column":21}},"loc":{"start":{"line":11,"column":27},"end":{"line":15,"column":3}},"line":11},"2":{"name":"(anonymous_2)","decl":{"start":{"line":17,"column":20},"end":{"line":17,"column":21}},"loc":{"start":{"line":17,"column":27},"end":{"line":21,"column":3}},"line":17},"3":{"name":"(anonymous_3)","decl":{"start":{"line":25,"column":25},"end":{"line":25,"column":26}},"loc":{"start":{"line":25,"column":36},"end":{"line":31,"column":3}},"line":25},"4":{"name":"(anonymous_4)","decl":{"start":{"line":26,"column":25},"end":{"line":26,"column":26}},"loc":{"start":{"line":26,"column":40},"end":{"line":30,"column":5}},"line":26},"5":{"name":"(anonymous_5)","decl":{"start":{"line":42,"column":25},"end":{"line":42,"column":26}},"loc":{"start":{"line":43,"column":8},"end":{"line":51,"column":10}},"line":43}},"branchMap":{"0":{"loc":{"start":{"line":27,"column":6},"end":{"line":29,"column":7}},"type":"if","locations":[{"start":{"line":27,"column":6},"end":{"line":29,"column":7}},{"start":{},"end":{}}],"line":27},"1":{"loc":{"start":{"line":37,"column":7},"end":{"line":41,"column":7}},"type":"binary-expr","locations":[{"start":{"line":37,"column":7},"end":{"line":37,"column":21}},{"start":{"line":38,"column":6},"end":{"line":40,"column":12}}],"line":37},"2":{"loc":{"start":{"line":53,"column":7},"end":{"line":57,"column":7}},"type":"binary-expr","locations":[{"start":{"line":53,"column":7},"end":{"line":53,"column":41}},{"start":{"line":54,"column":6},"end":{"line":56,"column":12}}],"line":53}},"s":{"0":0,"1":0,"2":0,"3":0,"4":0,"5":0,"6":0,"7":0,"8":0,"9":0,"10":0,"11":0,"12":0,"13":0,"14":0,"15":0,"16":0,"17":0},"f":{"0":0,"1":0,"2":0,"3":0,"4":0,"5":0},"b":{"0":[0,0],"1":[0,0],"2":[0,0]},"_coverageSchema":"1a1c01bbd47fc00a2c39e90264f33305004495a9","hash":"a551e874494d1a99b7fb288d12dc196b622ddf0c"}
}
