{"/Users/eric/work/atelier-project/client/spec/sum.js": {"path":"/Users/eric/work/atelier-project/client/spec/sum.js","statementMap":{"0":{"start":{"line":2,"column":2},"end":{"line":2,"column":15}},"1":{"start":{"line":5,"column":0},"end":{"line":5,"column":21}}},"fnMap":{"0":{"name":"sum","decl":{"start":{"line":1,"column":9},"end":{"line":1,"column":12}},"loc":{"start":{"line":1,"column":19},"end":{"line":3,"column":1}},"line":1}},"branchMap":{},"s":{"0":1,"1":1},"f":{"0":1},"b":{},"_coverageSchema":"1a1c01bbd47fc00a2c39e90264f33305004495a9","hash":"18518ec689ce934922a04463988f44f99062d6f9"}
,"/Users/eric/work/atelier-project/client/src/utilities.js": {"path":"/Users/eric/work/atelier-project/client/src/utilities.js","statementMap":{"0":{"start":{"line":1,"column":0},"end":{"line":22,"column":2}},"1":{"start":{"line":3,"column":18},"end":{"line":4,"column":69}},"2":{"start":{"line":4,"column":20},"end":{"line":4,"column":65}},"3":{"start":{"line":5,"column":24},"end":{"line":6,"column":58}},"4":{"start":{"line":6,"column":22},"end":{"line":6,"column":54}},"5":{"start":{"line":7,"column":4},"end":{"line":7,"column":57}},"6":{"start":{"line":10,"column":4},"end":{"line":11,"column":59}},"7":{"start":{"line":11,"column":22},"end":{"line":11,"column":54}},"8":{"start":{"line":14,"column":16},"end":{"line":14,"column":18}},"9":{"start":{"line":15,"column":4},"end":{"line":19,"column":7}},"10":{"start":{"line":16,"column":6},"end":{"line":18,"column":7}},"11":{"start":{"line":17,"column":8},"end":{"line":17,"column":29}},"12":{"start":{"line":20,"column":4},"end":{"line":20,"column":17}}},"fnMap":{"0":{"name":"(anonymous_0)","decl":{"start":{"line":2,"column":2},"end":{"line":2,"column":3}},"loc":{"start":{"line":2,"column":25},"end":{"line":8,"column":3}},"line":2},"1":{"name":"(anonymous_1)","decl":{"start":{"line":4,"column":6},"end":{"line":4,"column":7}},"loc":{"start":{"line":4,"column":20},"end":{"line":4,"column":65}},"line":4},"2":{"name":"(anonymous_2)","decl":{"start":{"line":6,"column":6},"end":{"line":6,"column":7}},"loc":{"start":{"line":6,"column":22},"end":{"line":6,"column":54}},"line":6},"3":{"name":"(anonymous_3)","decl":{"start":{"line":9,"column":2},"end":{"line":9,"column":3}},"loc":{"start":{"line":9,"column":24},"end":{"line":12,"column":3}},"line":9},"4":{"name":"(anonymous_4)","decl":{"start":{"line":11,"column":6},"end":{"line":11,"column":7}},"loc":{"start":{"line":11,"column":22},"end":{"line":11,"column":54}},"line":11},"5":{"name":"(anonymous_5)","decl":{"start":{"line":13,"column":2},"end":{"line":13,"column":3}},"loc":{"start":{"line":13,"column":23},"end":{"line":21,"column":3}},"line":13},"6":{"name":"(anonymous_6)","decl":{"start":{"line":15,"column":32},"end":{"line":15,"column":33}},"loc":{"start":{"line":15,"column":41},"end":{"line":19,"column":5}},"line":15}},"branchMap":{"0":{"loc":{"start":{"line":16,"column":6},"end":{"line":18,"column":7}},"type":"if","locations":[{"start":{"line":16,"column":6},"end":{"line":18,"column":7}},{"start":{},"end":{}}],"line":16}},"s":{"0":1,"1":3,"2":15,"3":3,"4":15,"5":3,"6":3,"7":15,"8":2,"9":2,"10":22,"11":22,"12":2},"f":{"0":3,"1":15,"2":15,"3":3,"4":15,"5":2,"6":22},"b":{"0":[22,0]},"_coverageSchema":"1a1c01bbd47fc00a2c39e90264f33305004495a9","hash":"644e24bb1d491f9ff6b9e4841197d1deb89d6b6f"}
,"/Users/eric/work/atelier-project/client/src/components/ProductOverview/AddToCart.jsx": {"path":"/Users/eric/work/atelier-project/client/src/components/ProductOverview/AddToCart.jsx","statementMap":{"0":{"start":{"line":11,"column":4},"end":{"line":11,"column":17}},"1":{"start":{"line":12,"column":4},"end":{"line":20,"column":6}},"2":{"start":{"line":22,"column":4},"end":{"line":22,"column":37}},"3":{"start":{"line":23,"column":4},"end":{"line":23,"column":41}},"4":{"start":{"line":25,"column":4},"end":{"line":25,"column":49}},"5":{"start":{"line":26,"column":4},"end":{"line":26,"column":57}},"6":{"start":{"line":27,"column":4},"end":{"line":27,"column":47}},"7":{"start":{"line":31,"column":21},"end":{"line":31,"column":31}},"8":{"start":{"line":33,"column":23},"end":{"line":33,"column":80}},"9":{"start":{"line":33,"column":58},"end":{"line":33,"column":79}},"10":{"start":{"line":34,"column":4},"end":{"line":36,"column":5}},"11":{"start":{"line":35,"column":6},"end":{"line":35,"column":20}},"12":{"start":{"line":37,"column":4},"end":{"line":41,"column":5}},"13":{"start":{"line":38,"column":6},"end":{"line":40,"column":7}},"14":{"start":{"line":39,"column":8},"end":{"line":39,"column":26}},"15":{"start":{"line":42,"column":4},"end":{"line":49,"column":7}},"16":{"start":{"line":53,"column":4},"end":{"line":56,"column":7}},"17":{"start":{"line":60,"column":62},"end":{"line":60,"column":72}},"18":{"start":{"line":61,"column":4},"end":{"line":68,"column":5}},"19":{"start":{"line":62,"column":6},"end":{"line":67,"column":7}},"20":{"start":{"line":63,"column":8},"end":{"line":63,"column":37}},"21":{"start":{"line":64,"column":8},"end":{"line":66,"column":11}},"22":{"start":{"line":68,"column":6},"end":{"line":75,"column":5}},"23":{"start":{"line":69,"column":6},"end":{"line":74,"column":7}},"24":{"start":{"line":70,"column":8},"end":{"line":70,"column":41}},"25":{"start":{"line":71,"column":8},"end":{"line":73,"column":11}},"26":{"start":{"line":76,"column":4},"end":{"line":92,"column":5}},"27":{"start":{"line":77,"column":6},"end":{"line":91,"column":9}},"28":{"start":{"line":81,"column":8},"end":{"line":90,"column":9}},"29":{"start":{"line":82,"column":10},"end":{"line":84,"column":13}},"30":{"start":{"line":85,"column":10},"end":{"line":89,"column":19}},"31":{"start":{"line":86,"column":12},"end":{"line":88,"column":15}},"32":{"start":{"line":103,"column":8},"end":{"line":103,"column":18}},"33":{"start":{"line":109,"column":8},"end":{"line":109,"column":18}},"34":{"start":{"line":111,"column":24},"end":{"line":111,"column":90}},"35":{"start":{"line":111,"column":60},"end":{"line":111,"column":88}},"36":{"start":{"line":114,"column":4},"end":{"line":120,"column":5}},"37":{"start":{"line":115,"column":6},"end":{"line":115,"column":83}},"38":{"start":{"line":115,"column":76},"end":{"line":115,"column":81}},"39":{"start":{"line":116,"column":6},"end":{"line":116,"column":39}},"40":{"start":{"line":118,"column":6},"end":{"line":118,"column":49}},"41":{"start":{"line":119,"column":6},"end":{"line":119,"column":24}},"42":{"start":{"line":121,"column":4},"end":{"line":121,"column":96}},"43":{"start":{"line":121,"column":57},"end":{"line":121,"column":93}},"44":{"start":{"line":122,"column":4},"end":{"line":139,"column":5}},"45":{"start":{"line":123,"column":6},"end":{"line":138,"column":8}},"46":{"start":{"line":140,"column":4},"end":{"line":184,"column":6}}},"fnMap":{"0":{"name":"(anonymous_0)","decl":{"start":{"line":10,"column":2},"end":{"line":10,"column":3}},"loc":{"start":{"line":10,"column":21},"end":{"line":28,"column":3}},"line":10},"1":{"name":"(anonymous_1)","decl":{"start":{"line":30,"column":2},"end":{"line":30,"column":3}},"loc":{"start":{"line":30,"column":16},"end":{"line":50,"column":3}},"line":30},"2":{"name":"(anonymous_2)","decl":{"start":{"line":33,"column":48},"end":{"line":33,"column":49}},"loc":{"start":{"line":33,"column":58},"end":{"line":33,"column":79}},"line":33},"3":{"name":"(anonymous_3)","decl":{"start":{"line":52,"column":2},"end":{"line":52,"column":3}},"loc":{"start":{"line":52,"column":20},"end":{"line":57,"column":3}},"line":52},"4":{"name":"(anonymous_4)","decl":{"start":{"line":59,"column":2},"end":{"line":59,"column":3}},"loc":{"start":{"line":59,"column":14},"end":{"line":93,"column":3}},"line":59},"5":{"name":"(anonymous_5)","decl":{"start":{"line":80,"column":14},"end":{"line":80,"column":15}},"loc":{"start":{"line":80,"column":28},"end":{"line":91,"column":7}},"line":80},"6":{"name":"(anonymous_6)","decl":{"start":{"line":85,"column":21},"end":{"line":85,"column":22}},"loc":{"start":{"line":85,"column":27},"end":{"line":89,"column":11}},"line":85},"7":{"name":"(anonymous_7)","decl":{"start":{"line":95,"column":2},"end":{"line":95,"column":3}},"loc":{"start":{"line":95,"column":11},"end":{"line":185,"column":3}},"line":95},"8":{"name":"(anonymous_8)","decl":{"start":{"line":111,"column":49},"end":{"line":111,"column":50}},"loc":{"start":{"line":111,"column":60},"end":{"line":111,"column":88}},"line":111},"9":{"name":"(anonymous_9)","decl":{"start":{"line":115,"column":66},"end":{"line":115,"column":67}},"loc":{"start":{"line":115,"column":76},"end":{"line":115,"column":81}},"line":115},"10":{"name":"(anonymous_10)","decl":{"start":{"line":121,"column":42},"end":{"line":121,"column":43}},"loc":{"start":{"line":121,"column":57},"end":{"line":121,"column":93}},"line":121}},"branchMap":{"0":{"loc":{"start":{"line":34,"column":4},"end":{"line":36,"column":5}},"type":"if","locations":[{"start":{"line":34,"column":4},"end":{"line":36,"column":5}},{"start":{},"end":{}}],"line":34},"1":{"loc":{"start":{"line":38,"column":6},"end":{"line":40,"column":7}},"type":"if","locations":[{"start":{"line":38,"column":6},"end":{"line":40,"column":7}},{"start":{},"end":{}}],"line":38},"2":{"loc":{"start":{"line":61,"column":4},"end":{"line":68,"column":5}},"type":"if","locations":[{"start":{"line":61,"column":4},"end":{"line":68,"column":5}},{"start":{},"end":{}}],"line":61},"3":{"loc":{"start":{"line":62,"column":6},"end":{"line":67,"column":7}},"type":"if","locations":[{"start":{"line":62,"column":6},"end":{"line":67,"column":7}},{"start":{},"end":{}}],"line":62},"4":{"loc":{"start":{"line":68,"column":6},"end":{"line":75,"column":5}},"type":"if","locations":[{"start":{"line":68,"column":6},"end":{"line":75,"column":5}},{"start":{},"end":{}}],"line":68},"5":{"loc":{"start":{"line":68,"column":10},"end":{"line":68,"column":45}},"type":"binary-expr","locations":[{"start":{"line":68,"column":10},"end":{"line":68,"column":24}},{"start":{"line":68,"column":28},"end":{"line":68,"column":45}}],"line":68},"6":{"loc":{"start":{"line":69,"column":6},"end":{"line":74,"column":7}},"type":"if","locations":[{"start":{"line":69,"column":6},"end":{"line":74,"column":7}},{"start":{},"end":{}}],"line":69},"7":{"loc":{"start":{"line":76,"column":4},"end":{"line":92,"column":5}},"type":"if","locations":[{"start":{"line":76,"column":4},"end":{"line":92,"column":5}},{"start":{},"end":{}}],"line":76},"8":{"loc":{"start":{"line":81,"column":8},"end":{"line":90,"column":9}},"type":"if","locations":[{"start":{"line":81,"column":8},"end":{"line":90,"column":9}},{"start":{},"end":{}}],"line":81},"9":{"loc":{"start":{"line":81,"column":12},"end":{"line":81,"column":42}},"type":"binary-expr","locations":[{"start":{"line":81,"column":12},"end":{"line":81,"column":35}},{"start":{"line":81,"column":39},"end":{"line":81,"column":42}}],"line":81},"10":{"loc":{"start":{"line":114,"column":4},"end":{"line":120,"column":5}},"type":"if","locations":[{"start":{"line":114,"column":4},"end":{"line":120,"column":5}},{"start":{"line":117,"column":11},"end":{"line":120,"column":5}}],"line":114},"11":{"loc":{"start":{"line":122,"column":4},"end":{"line":139,"column":5}},"type":"if","locations":[{"start":{"line":122,"column":4},"end":{"line":139,"column":5}},{"start":{},"end":{}}],"line":122}},"s":{"0":1,"1":1,"2":1,"3":1,"4":1,"5":1,"6":1,"7":0,"8":0,"9":0,"10":0,"11":0,"12":0,"13":0,"14":0,"15":0,"16":0,"17":0,"18":0,"19":0,"20":0,"21":0,"22":0,"23":0,"24":0,"25":0,"26":0,"27":0,"28":0,"29":0,"30":0,"31":0,"32":1,"33":1,"34":1,"35":11,"36":1,"37":0,"38":0,"39":0,"40":1,"41":1,"42":1,"43":1,"44":1,"45":0,"46":1},"f":{"0":1,"1":0,"2":0,"3":0,"4":0,"5":0,"6":0,"7":1,"8":11,"9":0,"10":1},"b":{"0":[0,0],"1":[0,0],"2":[0,0],"3":[0,0],"4":[0,0],"5":[0,0],"6":[0,0],"7":[0,0],"8":[0,0],"9":[0,0],"10":[0,1],"11":[0,1]},"_coverageSchema":"1a1c01bbd47fc00a2c39e90264f33305004495a9","hash":"bec2bbaf81006711e68fc4b56888fcbcfd2ce5f5"}
,"/Users/eric/work/atelier-project/client/src/components/ProductOverview/CartModal.jsx": {"path":"/Users/eric/work/atelier-project/client/src/components/ProductOverview/CartModal.jsx","statementMap":{"0":{"start":{"line":5,"column":2},"end":{"line":7,"column":3}},"1":{"start":{"line":6,"column":4},"end":{"line":6,"column":16}},"2":{"start":{"line":8,"column":2},"end":{"line":19,"column":4}}},"fnMap":{"0":{"name":"CartModal","decl":{"start":{"line":4,"column":24},"end":{"line":4,"column":33}},"loc":{"start":{"line":4,"column":71},"end":{"line":20,"column":1}},"line":4}},"branchMap":{"0":{"loc":{"start":{"line":5,"column":2},"end":{"line":7,"column":3}},"type":"if","locations":[{"start":{"line":5,"column":2},"end":{"line":7,"column":3}},{"start":{},"end":{}}],"line":5}},"s":{"0":1,"1":1,"2":0},"f":{"0":1},"b":{"0":[1,0]},"_coverageSchema":"1a1c01bbd47fc00a2c39e90264f33305004495a9","hash":"09451463fa4b8de1215d064c1a4ede0f6cd4fa9e"}
,"/Users/eric/work/atelier-project/client/src/components/ProductOverview/Gallery.jsx": {"path":"/Users/eric/work/atelier-project/client/src/components/ProductOverview/Gallery.jsx","statementMap":{"0":{"start":{"line":10,"column":4},"end":{"line":10,"column":17}},"1":{"start":{"line":11,"column":4},"end":{"line":14,"column":6}},"2":{"start":{"line":15,"column":4},"end":{"line":15,"column":67}},"3":{"start":{"line":19,"column":17},"end":{"line":19,"column":46}},"4":{"start":{"line":20,"column":17},"end":{"line":20,"column":45}},"5":{"start":{"line":21,"column":4},"end":{"line":24,"column":7}},"6":{"start":{"line":31,"column":8},"end":{"line":31,"column":18}},"7":{"start":{"line":47,"column":8},"end":{"line":47,"column":18}},"8":{"start":{"line":48,"column":24},"end":{"line":48,"column":234}},"9":{"start":{"line":49,"column":22},"end":{"line":49,"column":59}},"10":{"start":{"line":50,"column":16},"end":{"line":50,"column":27}},"11":{"start":{"line":51,"column":4},"end":{"line":51,"column":24}},"12":{"start":{"line":52,"column":27},"end":{"line":52,"column":43}},"13":{"start":{"line":53,"column":28},"end":{"line":53,"column":45}},"14":{"start":{"line":54,"column":24},"end":{"line":54,"column":56}},"15":{"start":{"line":55,"column":26},"end":{"line":55,"column":30}},"16":{"start":{"line":56,"column":27},"end":{"line":56,"column":30}},"17":{"start":{"line":57,"column":21},"end":{"line":57,"column":30}},"18":{"start":{"line":58,"column":4},"end":{"line":62,"column":5}},"19":{"start":{"line":59,"column":6},"end":{"line":61,"column":42}},"20":{"start":{"line":60,"column":8},"end":{"line":60,"column":32}},"21":{"start":{"line":61,"column":15},"end":{"line":61,"column":40}},"22":{"start":{"line":63,"column":4},"end":{"line":121,"column":6}}},"fnMap":{"0":{"name":"(anonymous_0)","decl":{"start":{"line":9,"column":2},"end":{"line":9,"column":3}},"loc":{"start":{"line":9,"column":21},"end":{"line":16,"column":3}},"line":9},"1":{"name":"(anonymous_1)","decl":{"start":{"line":18,"column":2},"end":{"line":18,"column":3}},"loc":{"start":{"line":18,"column":25},"end":{"line":25,"column":3}},"line":18},"2":{"name":"(anonymous_2)","decl":{"start":{"line":27,"column":2},"end":{"line":27,"column":3}},"loc":{"start":{"line":27,"column":11},"end":{"line":122,"column":3}},"line":27},"3":{"name":"(anonymous_3)","decl":{"start":{"line":69,"column":57},"end":{"line":69,"column":58}},"loc":{"start":{"line":69,"column":63},"end":{"line":69,"column":65}},"line":69}},"branchMap":{"0":{"loc":{"start":{"line":49,"column":22},"end":{"line":49,"column":59}},"type":"binary-expr","locations":[{"start":{"line":49,"column":22},"end":{"line":49,"column":44}},{"start":{"line":49,"column":48},"end":{"line":49,"column":59}}],"line":49},"1":{"loc":{"start":{"line":58,"column":4},"end":{"line":62,"column":5}},"type":"if","locations":[{"start":{"line":58,"column":4},"end":{"line":62,"column":5}},{"start":{},"end":{}}],"line":58},"2":{"loc":{"start":{"line":59,"column":6},"end":{"line":61,"column":42}},"type":"if","locations":[{"start":{"line":59,"column":6},"end":{"line":61,"column":42}},{"start":{"line":61,"column":13},"end":{"line":61,"column":42}}],"line":59},"3":{"loc":{"start":{"line":69,"column":21},"end":{"line":69,"column":65}},"type":"cond-expr","locations":[{"start":{"line":69,"column":30},"end":{"line":69,"column":54}},{"start":{"line":69,"column":57},"end":{"line":69,"column":65}}],"line":69},"4":{"loc":{"start":{"line":71,"column":17},"end":{"line":71,"column":55}},"type":"cond-expr","locations":[{"start":{"line":71,"column":32},"end":{"line":71,"column":45}},{"start":{"line":71,"column":48},"end":{"line":71,"column":55}}],"line":71},"5":{"loc":{"start":{"line":72,"column":18},"end":{"line":72,"column":57}},"type":"cond-expr","locations":[{"start":{"line":72,"column":33},"end":{"line":72,"column":47}},{"start":{"line":72,"column":50},"end":{"line":72,"column":57}}],"line":72},"6":{"loc":{"start":{"line":73,"column":26},"end":{"line":73,"column":63}},"type":"cond-expr","locations":[{"start":{"line":73,"column":35},"end":{"line":73,"column":45}},{"start":{"line":73,"column":48},"end":{"line":73,"column":63}}],"line":73},"7":{"loc":{"start":{"line":74,"column":22},"end":{"line":74,"column":56}},"type":"cond-expr","locations":[{"start":{"line":74,"column":31},"end":{"line":74,"column":43}},{"start":{"line":74,"column":46},"end":{"line":74,"column":56}}],"line":74},"8":{"loc":{"start":{"line":76,"column":18},"end":{"line":76,"column":48}},"type":"cond-expr","locations":[{"start":{"line":76,"column":26},"end":{"line":76,"column":36}},{"start":{"line":76,"column":39},"end":{"line":76,"column":48}}],"line":76},"9":{"loc":{"start":{"line":78,"column":26},"end":{"line":78,"column":79}},"type":"cond-expr","locations":[{"start":{"line":78,"column":35},"end":{"line":78,"column":67}},{"start":{"line":78,"column":70},"end":{"line":78,"column":79}}],"line":78},"10":{"loc":{"start":{"line":81,"column":31},"end":{"line":81,"column":129}},"type":"cond-expr","locations":[{"start":{"line":81,"column":40},"end":{"line":81,"column":118}},{"start":{"line":81,"column":121},"end":{"line":81,"column":129}}],"line":81},"11":{"loc":{"start":{"line":82,"column":31},"end":{"line":82,"column":117}},"type":"cond-expr","locations":[{"start":{"line":82,"column":40},"end":{"line":82,"column":106}},{"start":{"line":82,"column":109},"end":{"line":82,"column":117}}],"line":82},"12":{"loc":{"start":{"line":88,"column":9},"end":{"line":116,"column":9}},"type":"binary-expr","locations":[{"start":{"line":88,"column":9},"end":{"line":88,"column":16}},{"start":{"line":89,"column":10},"end":{"line":114,"column":13}}],"line":88},"13":{"loc":{"start":{"line":103,"column":15},"end":{"line":107,"column":15}},"type":"binary-expr","locations":[{"start":{"line":103,"column":15},"end":{"line":103,"column":29}},{"start":{"line":104,"column":16},"end":{"line":106,"column":22}}],"line":103},"14":{"loc":{"start":{"line":108,"column":15},"end":{"line":112,"column":15}},"type":"binary-expr","locations":[{"start":{"line":108,"column":15},"end":{"line":108,"column":45}},{"start":{"line":109,"column":16},"end":{"line":111,"column":22}}],"line":108},"15":{"loc":{"start":{"line":118,"column":11},"end":{"line":118,"column":167}},"type":"binary-expr","locations":[{"start":{"line":118,"column":11},"end":{"line":118,"column":23}},{"start":{"line":118,"column":27},"end":{"line":118,"column":167}}],"line":118}},"s":{"0":4,"1":4,"2":4,"3":0,"4":0,"5":0,"6":4,"7":4,"8":4,"9":4,"10":0,"11":0,"12":0,"13":0,"14":0,"15":0,"16":0,"17":0,"18":0,"19":0,"20":0,"21":0,"22":0},"f":{"0":4,"1":0,"2":4,"3":0},"b":{"0":[4,0],"1":[0,0],"2":[0,0],"3":[0,0],"4":[0,0],"5":[0,0],"6":[0,0],"7":[0,0],"8":[0,0],"9":[0,0],"10":[0,0],"11":[0,0],"12":[0,0],"13":[0,0],"14":[0,0],"15":[0,0]},"_coverageSchema":"1a1c01bbd47fc00a2c39e90264f33305004495a9","hash":"eb169902c3e95d6b1e0e27a1a9ff57230bf5eddd"}
,"/Users/eric/work/atelier-project/client/src/components/ProductOverview/OverviewIndex.jsx": {"path":"/Users/eric/work/atelier-project/client/src/components/ProductOverview/OverviewIndex.jsx","statementMap":{"0":{"start":{"line":14,"column":4},"end":{"line":14,"column":17}},"1":{"start":{"line":15,"column":4},"end":{"line":19,"column":6}},"2":{"start":{"line":20,"column":4},"end":{"line":20,"column":53}},"3":{"start":{"line":21,"column":4},"end":{"line":21,"column":53}},"4":{"start":{"line":22,"column":4},"end":{"line":22,"column":63}},"5":{"start":{"line":23,"column":4},"end":{"line":23,"column":67}},"6":{"start":{"line":27,"column":4},"end":{"line":27,"column":24}},"7":{"start":{"line":28,"column":29},"end":{"line":28,"column":39}},"8":{"start":{"line":29,"column":4},"end":{"line":33,"column":5}},"9":{"start":{"line":30,"column":6},"end":{"line":32,"column":9}},"10":{"start":{"line":34,"column":4},"end":{"line":38,"column":5}},"11":{"start":{"line":35,"column":6},"end":{"line":37,"column":10}},"12":{"start":{"line":35,"column":36},"end":{"line":37,"column":7}},"13":{"start":{"line":42,"column":4},"end":{"line":42,"column":24}},"14":{"start":{"line":43,"column":4},"end":{"line":46,"column":7}},"15":{"start":{"line":50,"column":4},"end":{"line":52,"column":7}},"16":{"start":{"line":56,"column":4},"end":{"line":58,"column":7}},"17":{"start":{"line":66,"column":8},"end":{"line":66,"column":18}},"18":{"start":{"line":83,"column":8},"end":{"line":83,"column":18}},"19":{"start":{"line":84,"column":26},"end":{"line":84,"column":66}},"20":{"start":{"line":85,"column":22},"end":{"line":85,"column":58}},"21":{"start":{"line":86,"column":22},"end":{"line":86,"column":52}},"22":{"start":{"line":87,"column":21},"end":{"line":87,"column":46}},"23":{"start":{"line":88,"column":26},"end":{"line":88,"column":58}},"24":{"start":{"line":89,"column":4},"end":{"line":139,"column":6}}},"fnMap":{"0":{"name":"(anonymous_0)","decl":{"start":{"line":13,"column":2},"end":{"line":13,"column":3}},"loc":{"start":{"line":13,"column":21},"end":{"line":24,"column":3}},"line":13},"1":{"name":"(anonymous_1)","decl":{"start":{"line":26,"column":2},"end":{"line":26,"column":3}},"loc":{"start":{"line":26,"column":23},"end":{"line":39,"column":3}},"line":26},"2":{"name":"(anonymous_2)","decl":{"start":{"line":35,"column":20},"end":{"line":35,"column":21}},"loc":{"start":{"line":35,"column":36},"end":{"line":37,"column":7}},"line":35},"3":{"name":"(anonymous_3)","decl":{"start":{"line":41,"column":2},"end":{"line":41,"column":3}},"loc":{"start":{"line":41,"column":25},"end":{"line":47,"column":3}},"line":41},"4":{"name":"(anonymous_4)","decl":{"start":{"line":49,"column":2},"end":{"line":49,"column":3}},"loc":{"start":{"line":49,"column":17},"end":{"line":53,"column":3}},"line":49},"5":{"name":"(anonymous_5)","decl":{"start":{"line":55,"column":2},"end":{"line":55,"column":3}},"loc":{"start":{"line":55,"column":17},"end":{"line":59,"column":3}},"line":55},"6":{"name":"(anonymous_6)","decl":{"start":{"line":61,"column":2},"end":{"line":61,"column":3}},"loc":{"start":{"line":61,"column":11},"end":{"line":140,"column":3}},"line":61}},"branchMap":{"0":{"loc":{"start":{"line":29,"column":4},"end":{"line":33,"column":5}},"type":"if","locations":[{"start":{"line":29,"column":4},"end":{"line":33,"column":5}},{"start":{},"end":{}}],"line":29},"1":{"loc":{"start":{"line":34,"column":4},"end":{"line":38,"column":5}},"type":"if","locations":[{"start":{"line":34,"column":4},"end":{"line":38,"column":5}},{"start":{},"end":{}}],"line":34},"2":{"loc":{"start":{"line":108,"column":11},"end":{"line":132,"column":11}},"type":"binary-expr","locations":[{"start":{"line":108,"column":11},"end":{"line":108,"column":24}},{"start":{"line":109,"column":12},"end":{"line":131,"column":18}}],"line":108}},"s":{"0":4,"1":4,"2":4,"3":4,"4":4,"5":4,"6":0,"7":0,"8":0,"9":0,"10":0,"11":0,"12":0,"13":0,"14":0,"15":0,"16":0,"17":4,"18":4,"19":4,"20":0,"21":0,"22":0,"23":0,"24":0},"f":{"0":4,"1":0,"2":0,"3":0,"4":0,"5":0,"6":4},"b":{"0":[0,0],"1":[0,0],"2":[0,0]},"_coverageSchema":"1a1c01bbd47fc00a2c39e90264f33305004495a9","hash":"e08cd39402d3d36f5cd2f3dd4381673472934c68"}
,"/Users/eric/work/atelier-project/client/src/components/ProductOverview/ProductDescription.jsx": {"path":"/Users/eric/work/atelier-project/client/src/components/ProductOverview/ProductDescription.jsx","statementMap":{"0":{"start":{"line":8,"column":44},"end":{"line":8,"column":55}},"1":{"start":{"line":9,"column":2},"end":{"line":31,"column":4}},"2":{"start":{"line":17,"column":10},"end":{"line":19,"column":11}},"3":{"start":{"line":18,"column":12},"end":{"line":18,"column":55}},"4":{"start":{"line":20,"column":10},"end":{"line":27,"column":15}}},"fnMap":{"0":{"name":"ProductDescription","decl":{"start":{"line":7,"column":9},"end":{"line":7,"column":27}},"loc":{"start":{"line":7,"column":66},"end":{"line":32,"column":1}},"line":7},"1":{"name":"(anonymous_1)","decl":{"start":{"line":16,"column":22},"end":{"line":16,"column":23}},"loc":{"start":{"line":16,"column":42},"end":{"line":28,"column":9}},"line":16}},"branchMap":{"0":{"loc":{"start":{"line":17,"column":10},"end":{"line":19,"column":11}},"type":"if","locations":[{"start":{"line":17,"column":10},"end":{"line":19,"column":11}},{"start":{},"end":{}}],"line":17},"1":{"loc":{"start":{"line":17,"column":14},"end":{"line":17,"column":55}},"type":"binary-expr","locations":[{"start":{"line":17,"column":14},"end":{"line":17,"column":27}},{"start":{"line":17,"column":31},"end":{"line":17,"column":55}}],"line":17},"2":{"loc":{"start":{"line":21,"column":12},"end":{"line":27,"column":13}},"type":"binary-expr","locations":[{"start":{"line":21,"column":12},"end":{"line":21,"column":25}},{"start":{"line":22,"column":14},"end":{"line":26,"column":20}}],"line":21}},"s":{"0":1,"1":1,"2":4,"3":0,"4":4},"f":{"0":1,"1":4},"b":{"0":[0,4],"1":[4,4],"2":[4,4]},"_coverageSchema":"1a1c01bbd47fc00a2c39e90264f33305004495a9","hash":"bc11cd925f3b0979088853573d789e94e8ba026c"}
,"/Users/eric/work/atelier-project/client/src/components/ProductOverview/ProductInfo.jsx": {"path":"/Users/eric/work/atelier-project/client/src/components/ProductOverview/ProductInfo.jsx","statementMap":{"0":{"start":{"line":10,"column":29},"end":{"line":10,"column":40}},"1":{"start":{"line":11,"column":16},"end":{"line":16,"column":65}},"2":{"start":{"line":17,"column":2},"end":{"line":33,"column":3}},"3":{"start":{"line":18,"column":4},"end":{"line":32,"column":6}},"4":{"start":{"line":34,"column":2},"end":{"line":44,"column":4}}},"fnMap":{"0":{"name":"ProductInfo","decl":{"start":{"line":7,"column":9},"end":{"line":7,"column":20}},"loc":{"start":{"line":9,"column":3},"end":{"line":45,"column":1}},"line":9}},"branchMap":{"0":{"loc":{"start":{"line":11,"column":16},"end":{"line":16,"column":65}},"type":"cond-expr","locations":[{"start":{"line":12,"column":4},"end":{"line":15,"column":8}},{"start":{"line":16,"column":6},"end":{"line":16,"column":65}}],"line":11},"1":{"loc":{"start":{"line":17,"column":2},"end":{"line":33,"column":3}},"type":"if","locations":[{"start":{"line":17,"column":2},"end":{"line":33,"column":3}},{"start":{},"end":{}}],"line":17}},"s":{"0":1,"1":1,"2":1,"3":1,"4":0},"f":{"0":1},"b":{"0":[0,1],"1":[1,0]},"_coverageSchema":"1a1c01bbd47fc00a2c39e90264f33305004495a9","hash":"f1acd371c1306648f18d6263ddbdf7c310615c74"}
,"/Users/eric/work/atelier-project/client/src/components/ProductOverview/StarButton.jsx": {"path":"/Users/eric/work/atelier-project/client/src/components/ProductOverview/StarButton.jsx","statementMap":{"0":{"start":{"line":5,"column":2},"end":{"line":7,"column":3}},"1":{"start":{"line":6,"column":4},"end":{"line":6,"column":120}},"2":{"start":{"line":8,"column":2},"end":{"line":8,"column":95}}},"fnMap":{"0":{"name":"StarButton","decl":{"start":{"line":4,"column":24},"end":{"line":4,"column":34}},"loc":{"start":{"line":4,"column":81},"end":{"line":9,"column":1}},"line":4}},"branchMap":{"0":{"loc":{"start":{"line":5,"column":2},"end":{"line":7,"column":3}},"type":"if","locations":[{"start":{"line":5,"column":2},"end":{"line":7,"column":3}},{"start":{},"end":{}}],"line":5}},"s":{"0":1,"1":0,"2":1},"f":{"0":1},"b":{"0":[0,1]},"_coverageSchema":"1a1c01bbd47fc00a2c39e90264f33305004495a9","hash":"c1159cbba3dd5f3a9d0287d71d665a60b0d367ed"}
,"/Users/eric/work/atelier-project/client/src/components/ProductOverview/StyleIcon.jsx": {"path":"/Users/eric/work/atelier-project/client/src/components/ProductOverview/StyleIcon.jsx","statementMap":{"0":{"start":{"line":8,"column":22},"end":{"line":8,"column":232}},"1":{"start":{"line":9,"column":2},"end":{"line":34,"column":4}}},"fnMap":{"0":{"name":"StyleIcon","decl":{"start":{"line":7,"column":24},"end":{"line":7,"column":33}},"loc":{"start":{"line":7,"column":87},"end":{"line":35,"column":1}},"line":7}},"branchMap":{"0":{"loc":{"start":{"line":18,"column":36},"end":{"line":18,"column":54}},"type":"binary-expr","locations":[{"start":{"line":18,"column":36},"end":{"line":18,"column":39}},{"start":{"line":18,"column":43},"end":{"line":18,"column":54}}],"line":18},"1":{"loc":{"start":{"line":23,"column":20},"end":{"line":23,"column":72}},"type":"cond-expr","locations":[{"start":{"line":23,"column":43},"end":{"line":23,"column":62}},{"start":{"line":23,"column":65},"end":{"line":23,"column":72}}],"line":23},"2":{"loc":{"start":{"line":25,"column":21},"end":{"line":25,"column":58}},"type":"cond-expr","locations":[{"start":{"line":25,"column":44},"end":{"line":25,"column":49}},{"start":{"line":25,"column":52},"end":{"line":25,"column":58}}],"line":25},"3":{"loc":{"start":{"line":29,"column":13},"end":{"line":29,"column":31}},"type":"binary-expr","locations":[{"start":{"line":29,"column":13},"end":{"line":29,"column":16}},{"start":{"line":29,"column":20},"end":{"line":29,"column":31}}],"line":29},"4":{"loc":{"start":{"line":31,"column":9},"end":{"line":31,"column":82}},"type":"binary-expr","locations":[{"start":{"line":31,"column":9},"end":{"line":31,"column":29}},{"start":{"line":31,"column":34},"end":{"line":31,"column":81}}],"line":31}},"s":{"0":1,"1":1},"f":{"0":1},"b":{"0":[1,0],"1":[1,0],"2":[1,0],"3":[1,0],"4":[1,1]},"_coverageSchema":"1a1c01bbd47fc00a2c39e90264f33305004495a9","hash":"f5f5323ec0f32bf1d4c386e9eca1023b3d93fddf"}
,"/Users/eric/work/atelier-project/client/src/components/ProductOverview/StyleSelector.jsx": {"path":"/Users/eric/work/atelier-project/client/src/components/ProductOverview/StyleSelector.jsx","statementMap":{"0":{"start":{"line":7,"column":25},"end":{"line":7,"column":27}},"1":{"start":{"line":8,"column":21},"end":{"line":8,"column":23}},"2":{"start":{"line":9,"column":2},"end":{"line":21,"column":3}},"3":{"start":{"line":9,"column":15},"end":{"line":9,"column":16}},"4":{"start":{"line":10,"column":18},"end":{"line":10,"column":20}},"5":{"start":{"line":11,"column":22},"end":{"line":11,"column":43}},"6":{"start":{"line":12,"column":4},"end":{"line":12,"column":64}},"7":{"start":{"line":13,"column":4},"end":{"line":13,"column":29}},"8":{"start":{"line":14,"column":4},"end":{"line":17,"column":5}},"9":{"start":{"line":15,"column":6},"end":{"line":15,"column":40}},"10":{"start":{"line":16,"column":6},"end":{"line":16,"column":24}},"11":{"start":{"line":18,"column":4},"end":{"line":20,"column":5}},"12":{"start":{"line":19,"column":6},"end":{"line":19,"column":40}},"13":{"start":{"line":22,"column":2},"end":{"line":41,"column":4}},"14":{"start":{"line":26,"column":10},"end":{"line":37,"column":15}},"15":{"start":{"line":28,"column":14},"end":{"line":35,"column":16}}},"fnMap":{"0":{"name":"StyleSelector","decl":{"start":{"line":6,"column":24},"end":{"line":6,"column":37}},"loc":{"start":{"line":6,"column":88},"end":{"line":42,"column":1}},"line":6},"1":{"name":"(anonymous_1)","decl":{"start":{"line":25,"column":28},"end":{"line":25,"column":29}},"loc":{"start":{"line":26,"column":10},"end":{"line":37,"column":15}},"line":26},"2":{"name":"(anonymous_2)","decl":{"start":{"line":27,"column":21},"end":{"line":27,"column":22}},"loc":{"start":{"line":28,"column":14},"end":{"line":35,"column":16}},"line":28}},"branchMap":{"0":{"loc":{"start":{"line":14,"column":4},"end":{"line":17,"column":5}},"type":"if","locations":[{"start":{"line":14,"column":4},"end":{"line":17,"column":5}},{"start":{},"end":{}}],"line":14},"1":{"loc":{"start":{"line":18,"column":4},"end":{"line":20,"column":5}},"type":"if","locations":[{"start":{"line":18,"column":4},"end":{"line":20,"column":5}},{"start":{},"end":{}}],"line":18},"2":{"loc":{"start":{"line":18,"column":8},"end":{"line":18,"column":65}},"type":"binary-expr","locations":[{"start":{"line":18,"column":8},"end":{"line":18,"column":38}},{"start":{"line":18,"column":42},"end":{"line":18,"column":65}}],"line":18}},"s":{"0":1,"1":1,"2":1,"3":1,"4":1,"5":1,"6":1,"7":1,"8":1,"9":0,"10":0,"11":1,"12":1,"13":1,"14":1,"15":1},"f":{"0":1,"1":1,"2":1},"b":{"0":[0,1],"1":[1,0],"2":[1,1]},"_coverageSchema":"1a1c01bbd47fc00a2c39e90264f33305004495a9","hash":"ef347e2dbad762cc2d7bacdb1e2c03e9f81e946f"}
,"/Users/eric/work/atelier-project/client/src/components/ProductOverview/ThumbnailCarousel.jsx": {"path":"/Users/eric/work/atelier-project/client/src/components/ProductOverview/ThumbnailCarousel.jsx","statementMap":{"0":{"start":{"line":18,"column":22},"end":{"line":18,"column":60}},"1":{"start":{"line":19,"column":22},"end":{"line":19,"column":232}},"2":{"start":{"line":20,"column":2},"end":{"line":57,"column":4}},"3":{"start":{"line":27,"column":10},"end":{"line":50,"column":15}}},"fnMap":{"0":{"name":"ThumbnailCarousel","decl":{"start":{"line":7,"column":24},"end":{"line":7,"column":41}},"loc":{"start":{"line":17,"column":3},"end":{"line":58,"column":1}},"line":17},"1":{"name":"(anonymous_1)","decl":{"start":{"line":26,"column":25},"end":{"line":26,"column":26}},"loc":{"start":{"line":27,"column":10},"end":{"line":50,"column":15}},"line":27}},"branchMap":{"0":{"loc":{"start":{"line":24,"column":11},"end":{"line":24,"column":115}},"type":"binary-expr","locations":[{"start":{"line":24,"column":11},"end":{"line":24,"column":25}},{"start":{"line":24,"column":30},"end":{"line":24,"column":114}}],"line":24},"1":{"loc":{"start":{"line":33,"column":40},"end":{"line":33,"column":74}},"type":"binary-expr","locations":[{"start":{"line":33,"column":40},"end":{"line":33,"column":59}},{"start":{"line":33,"column":63},"end":{"line":33,"column":74}}],"line":33},"2":{"loc":{"start":{"line":38,"column":24},"end":{"line":38,"column":88}},"type":"cond-expr","locations":[{"start":{"line":38,"column":60},"end":{"line":38,"column":79}},{"start":{"line":38,"column":82},"end":{"line":38,"column":88}}],"line":38},"3":{"loc":{"start":{"line":40,"column":25},"end":{"line":40,"column":75}},"type":"cond-expr","locations":[{"start":{"line":40,"column":61},"end":{"line":40,"column":66}},{"start":{"line":40,"column":69},"end":{"line":40,"column":75}}],"line":40},"4":{"loc":{"start":{"line":44,"column":19},"end":{"line":44,"column":53}},"type":"binary-expr","locations":[{"start":{"line":44,"column":19},"end":{"line":44,"column":38}},{"start":{"line":44,"column":42},"end":{"line":44,"column":53}}],"line":44},"5":{"loc":{"start":{"line":45,"column":19},"end":{"line":45,"column":53}},"type":"binary-expr","locations":[{"start":{"line":45,"column":19},"end":{"line":45,"column":38}},{"start":{"line":45,"column":42},"end":{"line":45,"column":53}}],"line":45},"6":{"loc":{"start":{"line":53,"column":11},"end":{"line":53,"column":135}},"type":"binary-expr","locations":[{"start":{"line":53,"column":11},"end":{"line":53,"column":41}},{"start":{"line":53,"column":46},"end":{"line":53,"column":134}}],"line":53}},"s":{"0":0,"1":0,"2":0,"3":0},"f":{"0":0,"1":0},"b":{"0":[0,0],"1":[0,0],"2":[0,0],"3":[0,0],"4":[0,0],"5":[0,0],"6":[0,0]},"_coverageSchema":"1a1c01bbd47fc00a2c39e90264f33305004495a9","hash":"094e98b59cd54181b0cdf118f28903e30fab4b9e"}
,"/Users/eric/work/atelier-project/client/src/components/QuestionsAndAnswers/AnswerItem.jsx": {"path":"/Users/eric/work/atelier-project/client/src/components/QuestionsAndAnswers/AnswerItem.jsx","statementMap":{"0":{"start":{"line":29,"column":6},"end":{"line":29,"column":11}},"1":{"start":{"line":31,"column":2},"end":{"line":62,"column":4}},"2":{"start":{"line":35,"column":25},"end":{"line":35,"column":37}},"3":{"start":{"line":36,"column":10},"end":{"line":38,"column":11}},"4":{"start":{"line":37,"column":12},"end":{"line":37,"column":24}},"5":{"start":{"line":39,"column":10},"end":{"line":58,"column":12}},"6":{"start":{"line":51,"column":34},"end":{"line":51,"column":81}},"7":{"start":{"line":55,"column":84},"end":{"line":55,"column":132}},"8":{"start":{"line":65,"column":0},"end":{"line":69,"column":2}}},"fnMap":{"0":{"name":"AnswerItem","decl":{"start":{"line":25,"column":9},"end":{"line":25,"column":19}},"loc":{"start":{"line":25,"column":27},"end":{"line":63,"column":1}},"line":25},"1":{"name":"(anonymous_1)","decl":{"start":{"line":34,"column":33},"end":{"line":34,"column":34}},"loc":{"start":{"line":34,"column":49},"end":{"line":59,"column":9}},"line":34},"2":{"name":"(anonymous_2)","decl":{"start":{"line":51,"column":27},"end":{"line":51,"column":28}},"loc":{"start":{"line":51,"column":34},"end":{"line":51,"column":81}},"line":51},"3":{"name":"(anonymous_3)","decl":{"start":{"line":55,"column":77},"end":{"line":55,"column":78}},"loc":{"start":{"line":55,"column":84},"end":{"line":55,"column":132}},"line":55}},"branchMap":{"0":{"loc":{"start":{"line":36,"column":10},"end":{"line":38,"column":11}},"type":"if","locations":[{"start":{"line":36,"column":10},"end":{"line":38,"column":11}},{"start":{},"end":{}}],"line":36},"1":{"loc":{"start":{"line":36,"column":14},"end":{"line":36,"column":37}},"type":"binary-expr","locations":[{"start":{"line":36,"column":14},"end":{"line":36,"column":23}},{"start":{"line":36,"column":27},"end":{"line":36,"column":37}}],"line":36}},"s":{"0":3,"1":2,"2":24,"3":24,"4":20,"5":4,"6":0,"7":0,"8":1},"f":{"0":3,"1":24,"2":0,"3":0},"b":{"0":[20,4],"1":[24,24]},"_coverageSchema":"1a1c01bbd47fc00a2c39e90264f33305004495a9","hash":"956862c45cc1bda73da4e3c5e28470ab8de2efc9"}
,"/Users/eric/work/atelier-project/client/src/components/QuestionsAndAnswers/AnswerModal.jsx": {"path":"/Users/eric/work/atelier-project/client/src/components/QuestionsAndAnswers/AnswerModal.jsx","statementMap":{"0":{"start":{"line":7,"column":4},"end":{"line":7,"column":17}},"1":{"start":{"line":17,"column":8},"end":{"line":17,"column":18}},"2":{"start":{"line":19,"column":4},"end":{"line":27,"column":6}},"3":{"start":{"line":39,"column":8},"end":{"line":39,"column":18}},"4":{"start":{"line":46,"column":8},"end":{"line":46,"column":18}},"5":{"start":{"line":48,"column":4},"end":{"line":50,"column":5}},"6":{"start":{"line":49,"column":6},"end":{"line":49,"column":18}},"7":{"start":{"line":52,"column":4},"end":{"line":124,"column":6}},"8":{"start":{"line":103,"column":16},"end":{"line":103,"column":77}},"9":{"start":{"line":105,"column":16},"end":{"line":114,"column":19}},"10":{"start":{"line":111,"column":18},"end":{"line":111,"column":40}},"11":{"start":{"line":113,"column":18},"end":{"line":113,"column":37}},"12":{"start":{"line":115,"column":16},"end":{"line":115,"column":39}},"13":{"start":{"line":116,"column":16},"end":{"line":116,"column":24}},"14":{"start":{"line":128,"column":0},"end":{"line":140,"column":2}}},"fnMap":{"0":{"name":"(anonymous_0)","decl":{"start":{"line":6,"column":2},"end":{"line":6,"column":3}},"loc":{"start":{"line":6,"column":21},"end":{"line":28,"column":3}},"line":6},"1":{"name":"(anonymous_1)","decl":{"start":{"line":30,"column":2},"end":{"line":30,"column":3}},"loc":{"start":{"line":30,"column":11},"end":{"line":125,"column":3}},"line":30},"2":{"name":"(anonymous_2)","decl":{"start":{"line":102,"column":23},"end":{"line":102,"column":24}},"loc":{"start":{"line":102,"column":29},"end":{"line":117,"column":15}},"line":102},"3":{"name":"(anonymous_3)","decl":{"start":{"line":110,"column":24},"end":{"line":110,"column":25}},"loc":{"start":{"line":110,"column":38},"end":{"line":112,"column":17}},"line":110},"4":{"name":"(anonymous_4)","decl":{"start":{"line":112,"column":25},"end":{"line":112,"column":26}},"loc":{"start":{"line":112,"column":36},"end":{"line":114,"column":17}},"line":112}},"branchMap":{"0":{"loc":{"start":{"line":48,"column":4},"end":{"line":50,"column":5}},"type":"if","locations":[{"start":{"line":48,"column":4},"end":{"line":50,"column":5}},{"start":{},"end":{}}],"line":48}},"s":{"0":2,"1":2,"2":2,"3":2,"4":2,"5":2,"6":2,"7":0,"8":0,"9":0,"10":0,"11":0,"12":0,"13":0,"14":1},"f":{"0":2,"1":2,"2":0,"3":0,"4":0},"b":{"0":[2,0]},"_coverageSchema":"1a1c01bbd47fc00a2c39e90264f33305004495a9","hash":"a23b5ff32dee09ba3713ed16f9f0e7d9a2be4b36"}
,"/Users/eric/work/atelier-project/client/src/components/QuestionsAndAnswers/QandASearch.jsx": {"path":"/Users/eric/work/atelier-project/client/src/components/QuestionsAndAnswers/QandASearch.jsx","statementMap":{"0":{"start":{"line":8,"column":6},"end":{"line":8,"column":11}},"1":{"start":{"line":10,"column":2},"end":{"line":14,"column":4}},"2":{"start":{"line":17,"column":0},"end":{"line":20,"column":2}}},"fnMap":{"0":{"name":"QandASearch","decl":{"start":{"line":4,"column":9},"end":{"line":4,"column":20}},"loc":{"start":{"line":4,"column":28},"end":{"line":15,"column":1}},"line":4}},"branchMap":{},"s":{"0":1,"1":1,"2":1},"f":{"0":1},"b":{},"_coverageSchema":"1a1c01bbd47fc00a2c39e90264f33305004495a9","hash":"40f614e833e71015d6dc5068a2e24589bce70cb7"}
,"/Users/eric/work/atelier-project/client/src/components/QuestionsAndAnswers/QuestionItem.jsx": {"path":"/Users/eric/work/atelier-project/client/src/components/QuestionsAndAnswers/QuestionItem.jsx","statementMap":{"0":{"start":{"line":10,"column":4},"end":{"line":10,"column":17}},"1":{"start":{"line":19,"column":8},"end":{"line":19,"column":18}},"2":{"start":{"line":21,"column":4},"end":{"line":30,"column":6}},"3":{"start":{"line":32,"column":4},"end":{"line":32,"column":59}},"4":{"start":{"line":33,"column":4},"end":{"line":33,"column":73}},"5":{"start":{"line":37,"column":28},"end":{"line":37,"column":38}},"6":{"start":{"line":38,"column":4},"end":{"line":38,"column":49}},"7":{"start":{"line":42,"column":4},"end":{"line":42,"column":54}},"8":{"start":{"line":43,"column":4},"end":{"line":43,"column":27}},"9":{"start":{"line":56,"column":8},"end":{"line":56,"column":18}},"10":{"start":{"line":62,"column":8},"end":{"line":62,"column":18}},"11":{"start":{"line":64,"column":4},"end":{"line":96,"column":6}},"12":{"start":{"line":71,"column":78},"end":{"line":71,"column":121}},"13":{"start":{"line":72,"column":78},"end":{"line":72,"column":122}},"14":{"start":{"line":100,"column":0},"end":{"line":109,"column":2}}},"fnMap":{"0":{"name":"(anonymous_0)","decl":{"start":{"line":9,"column":2},"end":{"line":9,"column":3}},"loc":{"start":{"line":9,"column":21},"end":{"line":34,"column":3}},"line":9},"1":{"name":"(anonymous_1)","decl":{"start":{"line":36,"column":2},"end":{"line":36,"column":3}},"loc":{"start":{"line":36,"column":20},"end":{"line":39,"column":3}},"line":36},"2":{"name":"(anonymous_2)","decl":{"start":{"line":41,"column":2},"end":{"line":41,"column":3}},"loc":{"start":{"line":41,"column":32},"end":{"line":44,"column":3}},"line":41},"3":{"name":"(anonymous_3)","decl":{"start":{"line":46,"column":2},"end":{"line":46,"column":3}},"loc":{"start":{"line":46,"column":11},"end":{"line":97,"column":3}},"line":46},"4":{"name":"(anonymous_4)","decl":{"start":{"line":71,"column":71},"end":{"line":71,"column":72}},"loc":{"start":{"line":71,"column":78},"end":{"line":71,"column":121}},"line":71},"5":{"name":"(anonymous_5)","decl":{"start":{"line":72,"column":71},"end":{"line":72,"column":72}},"loc":{"start":{"line":72,"column":78},"end":{"line":72,"column":122}},"line":72}},"branchMap":{},"s":{"0":2,"1":2,"2":2,"3":2,"4":2,"5":0,"6":0,"7":0,"8":0,"9":2,"10":2,"11":2,"12":0,"13":0,"14":1},"f":{"0":2,"1":0,"2":0,"3":2,"4":0,"5":0},"b":{},"_coverageSchema":"1a1c01bbd47fc00a2c39e90264f33305004495a9","hash":"36f3a24ceba1a45e025d69caf1f9130c11b66a8e"}
,"/Users/eric/work/atelier-project/client/src/components/QuestionsAndAnswers/QuestionModal.jsx": {"path":"/Users/eric/work/atelier-project/client/src/components/QuestionsAndAnswers/QuestionModal.jsx","statementMap":{"0":{"start":{"line":17,"column":6},"end":{"line":17,"column":11}},"1":{"start":{"line":19,"column":2},"end":{"line":21,"column":3}},"2":{"start":{"line":20,"column":4},"end":{"line":20,"column":16}},"3":{"start":{"line":23,"column":2},"end":{"line":94,"column":4}},"4":{"start":{"line":74,"column":14},"end":{"line":83,"column":17}},"5":{"start":{"line":80,"column":16},"end":{"line":80,"column":38}},"6":{"start":{"line":82,"column":16},"end":{"line":82,"column":35}},"7":{"start":{"line":85,"column":14},"end":{"line":85,"column":37}},"8":{"start":{"line":86,"column":14},"end":{"line":86,"column":22}},"9":{"start":{"line":97,"column":0},"end":{"line":108,"column":2}}},"fnMap":{"0":{"name":"QuestionModal","decl":{"start":{"line":5,"column":9},"end":{"line":5,"column":22}},"loc":{"start":{"line":5,"column":30},"end":{"line":95,"column":1}},"line":5},"1":{"name":"(anonymous_1)","decl":{"start":{"line":73,"column":21},"end":{"line":73,"column":22}},"loc":{"start":{"line":73,"column":27},"end":{"line":87,"column":13}},"line":73},"2":{"name":"(anonymous_2)","decl":{"start":{"line":79,"column":22},"end":{"line":79,"column":23}},"loc":{"start":{"line":79,"column":36},"end":{"line":81,"column":15}},"line":79},"3":{"name":"(anonymous_3)","decl":{"start":{"line":81,"column":23},"end":{"line":81,"column":24}},"loc":{"start":{"line":81,"column":34},"end":{"line":83,"column":15}},"line":81}},"branchMap":{"0":{"loc":{"start":{"line":19,"column":2},"end":{"line":21,"column":3}},"type":"if","locations":[{"start":{"line":19,"column":2},"end":{"line":21,"column":3}},{"start":{},"end":{}}],"line":19}},"s":{"0":2,"1":1,"2":1,"3":0,"4":0,"5":0,"6":0,"7":0,"8":0,"9":1},"f":{"0":2,"1":0,"2":0,"3":0},"b":{"0":[1,0]},"_coverageSchema":"1a1c01bbd47fc00a2c39e90264f33305004495a9","hash":"02a4ec0a0909fd9b5cc775e4b1c61ee7dfa97fe8"}
,"/Users/eric/work/atelier-project/client/src/components/QuestionsAndAnswers/QuestionsAndAnswers.jsx": {"path":"/Users/eric/work/atelier-project/client/src/components/QuestionsAndAnswers/QuestionsAndAnswers.jsx","statementMap":{"0":{"start":{"line":14,"column":4},"end":{"line":14,"column":17}},"1":{"start":{"line":18,"column":8},"end":{"line":18,"column":18}},"2":{"start":{"line":20,"column":4},"end":{"line":29,"column":6}},"3":{"start":{"line":31,"column":4},"end":{"line":31,"column":51}},"4":{"start":{"line":32,"column":4},"end":{"line":32,"column":53}},"5":{"start":{"line":33,"column":4},"end":{"line":33,"column":53}},"6":{"start":{"line":34,"column":4},"end":{"line":34,"column":57}},"7":{"start":{"line":35,"column":4},"end":{"line":35,"column":57}},"8":{"start":{"line":36,"column":4},"end":{"line":36,"column":51}},"9":{"start":{"line":40,"column":35},"end":{"line":40,"column":45}},"10":{"start":{"line":41,"column":17},"end":{"line":41,"column":59}},"11":{"start":{"line":43,"column":4},"end":{"line":48,"column":5}},"12":{"start":{"line":44,"column":6},"end":{"line":47,"column":9}},"13":{"start":{"line":52,"column":4},"end":{"line":52,"column":36}},"14":{"start":{"line":53,"column":4},"end":{"line":53,"column":33}},"15":{"start":{"line":57,"column":27},"end":{"line":57,"column":37}},"16":{"start":{"line":58,"column":4},"end":{"line":58,"column":47}},"17":{"start":{"line":62,"column":28},"end":{"line":62,"column":38}},"18":{"start":{"line":63,"column":4},"end":{"line":63,"column":49}},"19":{"start":{"line":64,"column":4},"end":{"line":76,"column":5}},"20":{"start":{"line":65,"column":31},"end":{"line":65,"column":33}},"21":{"start":{"line":66,"column":6},"end":{"line":70,"column":9}},"22":{"start":{"line":67,"column":8},"end":{"line":69,"column":9}},"23":{"start":{"line":68,"column":10},"end":{"line":68,"column":42}},"24":{"start":{"line":71,"column":6},"end":{"line":71,"column":38}},"25":{"start":{"line":72,"column":6},"end":{"line":75,"column":9}},"26":{"start":{"line":80,"column":4},"end":{"line":80,"column":54}},"27":{"start":{"line":84,"column":4},"end":{"line":84,"column":52}},"28":{"start":{"line":88,"column":4},"end":{"line":88,"column":49}},"29":{"start":{"line":100,"column":8},"end":{"line":100,"column":18}},"30":{"start":{"line":104,"column":8},"end":{"line":104,"column":18}},"31":{"start":{"line":106,"column":4},"end":{"line":166,"column":6}},"32":{"start":{"line":114,"column":12},"end":{"line":116,"column":13}},"33":{"start":{"line":115,"column":14},"end":{"line":115,"column":31}},"34":{"start":{"line":118,"column":12},"end":{"line":136,"column":14}},"35":{"start":{"line":150,"column":14},"end":{"line":150,"column":64}},"36":{"start":{"line":162,"column":73},"end":{"line":162,"column":123}},"37":{"start":{"line":170,"column":0},"end":{"line":173,"column":2}}},"fnMap":{"0":{"name":"(anonymous_0)","decl":{"start":{"line":13,"column":2},"end":{"line":13,"column":3}},"loc":{"start":{"line":13,"column":21},"end":{"line":37,"column":3}},"line":13},"1":{"name":"(anonymous_1)","decl":{"start":{"line":39,"column":2},"end":{"line":39,"column":3}},"loc":{"start":{"line":39,"column":32},"end":{"line":49,"column":3}},"line":39},"2":{"name":"(anonymous_2)","decl":{"start":{"line":51,"column":2},"end":{"line":51,"column":3}},"loc":{"start":{"line":51,"column":26},"end":{"line":54,"column":3}},"line":51},"3":{"name":"(anonymous_3)","decl":{"start":{"line":56,"column":2},"end":{"line":56,"column":3}},"loc":{"start":{"line":56,"column":17},"end":{"line":59,"column":3}},"line":56},"4":{"name":"(anonymous_4)","decl":{"start":{"line":61,"column":2},"end":{"line":61,"column":3}},"loc":{"start":{"line":61,"column":22},"end":{"line":77,"column":3}},"line":61},"5":{"name":"(anonymous_5)","decl":{"start":{"line":66,"column":27},"end":{"line":66,"column":28}},"loc":{"start":{"line":66,"column":41},"end":{"line":70,"column":7}},"line":66},"6":{"name":"(anonymous_6)","decl":{"start":{"line":79,"column":2},"end":{"line":79,"column":3}},"loc":{"start":{"line":79,"column":24},"end":{"line":81,"column":3}},"line":79},"7":{"name":"(anonymous_7)","decl":{"start":{"line":83,"column":2},"end":{"line":83,"column":3}},"loc":{"start":{"line":83,"column":24},"end":{"line":85,"column":3}},"line":83},"8":{"name":"(anonymous_8)","decl":{"start":{"line":87,"column":2},"end":{"line":87,"column":3}},"loc":{"start":{"line":87,"column":21},"end":{"line":89,"column":3}},"line":87},"9":{"name":"(anonymous_9)","decl":{"start":{"line":91,"column":2},"end":{"line":91,"column":3}},"loc":{"start":{"line":91,"column":11},"end":{"line":167,"column":3}},"line":91},"10":{"name":"(anonymous_10)","decl":{"start":{"line":113,"column":27},"end":{"line":113,"column":28}},"loc":{"start":{"line":113,"column":43},"end":{"line":137,"column":11}},"line":113},"11":{"name":"(anonymous_11)","decl":{"start":{"line":149,"column":19},"end":{"line":149,"column":20}},"loc":{"start":{"line":149,"column":25},"end":{"line":151,"column":13}},"line":149},"12":{"name":"(anonymous_12)","decl":{"start":{"line":162,"column":65},"end":{"line":162,"column":66}},"loc":{"start":{"line":162,"column":71},"end":{"line":162,"column":125}},"line":162}},"branchMap":{"0":{"loc":{"start":{"line":43,"column":4},"end":{"line":48,"column":5}},"type":"if","locations":[{"start":{"line":43,"column":4},"end":{"line":48,"column":5}},{"start":{},"end":{}}],"line":43},"1":{"loc":{"start":{"line":43,"column":8},"end":{"line":43,"column":41}},"type":"binary-expr","locations":[{"start":{"line":43,"column":8},"end":{"line":43,"column":26}},{"start":{"line":43,"column":30},"end":{"line":43,"column":41}}],"line":43},"2":{"loc":{"start":{"line":64,"column":4},"end":{"line":76,"column":5}},"type":"if","locations":[{"start":{"line":64,"column":4},"end":{"line":76,"column":5}},{"start":{},"end":{}}],"line":64},"3":{"loc":{"start":{"line":67,"column":8},"end":{"line":69,"column":9}},"type":"if","locations":[{"start":{"line":67,"column":8},"end":{"line":69,"column":9}},{"start":{},"end":{}}],"line":67},"4":{"loc":{"start":{"line":114,"column":12},"end":{"line":116,"column":13}},"type":"if","locations":[{"start":{"line":114,"column":12},"end":{"line":116,"column":13}},{"start":{},"end":{}}],"line":114},"5":{"loc":{"start":{"line":114,"column":16},"end":{"line":114,"column":39}},"type":"binary-expr","locations":[{"start":{"line":114,"column":16},"end":{"line":114,"column":27}},{"start":{"line":114,"column":31},"end":{"line":114,"column":39}}],"line":114},"6":{"loc":{"start":{"line":160,"column":16},"end":{"line":160,"column":68}},"type":"cond-expr","locations":[{"start":{"line":160,"column":29},"end":{"line":160,"column":47}},{"start":{"line":160,"column":50},"end":{"line":160,"column":68}}],"line":160}},"s":{"0":1,"1":1,"2":1,"3":1,"4":1,"5":1,"6":1,"7":1,"8":1,"9":0,"10":0,"11":0,"12":0,"13":0,"14":0,"15":0,"16":0,"17":0,"18":0,"19":0,"20":0,"21":0,"22":0,"23":0,"24":0,"25":0,"26":0,"27":0,"28":0,"29":1,"30":1,"31":1,"32":2,"33":0,"34":2,"35":0,"36":0,"37":1},"f":{"0":1,"1":0,"2":0,"3":0,"4":0,"5":0,"6":0,"7":0,"8":0,"9":1,"10":2,"11":0,"12":0},"b":{"0":[0,0],"1":[0,0],"2":[0,0],"3":[0,0],"4":[0,2],"5":[2,2],"6":[0,1]},"_coverageSchema":"1a1c01bbd47fc00a2c39e90264f33305004495a9","hash":"957c0c8b491f8771f709f0cd965346936d010420"}
,"/Users/eric/work/atelier-project/client/src/components/RatingsAndReviews/ImageModal.jsx": {"path":"/Users/eric/work/atelier-project/client/src/components/RatingsAndReviews/ImageModal.jsx","statementMap":{"0":{"start":{"line":4,"column":22},"end":{"line":8,"column":3}},"1":{"start":{"line":5,"column":4},"end":{"line":7,"column":5}},"2":{"start":{"line":6,"column":6},"end":{"line":6,"column":30}},"3":{"start":{"line":10,"column":2},"end":{"line":15,"column":4}}},"fnMap":{"0":{"name":"ImageModal","decl":{"start":{"line":3,"column":9},"end":{"line":3,"column":19}},"loc":{"start":{"line":3,"column":27},"end":{"line":16,"column":1}},"line":3},"1":{"name":"(anonymous_1)","decl":{"start":{"line":4,"column":22},"end":{"line":4,"column":23}},"loc":{"start":{"line":4,"column":29},"end":{"line":8,"column":3}},"line":4}},"branchMap":{"0":{"loc":{"start":{"line":5,"column":4},"end":{"line":7,"column":5}},"type":"if","locations":[{"start":{"line":5,"column":4},"end":{"line":7,"column":5}},{"start":{},"end":{}}],"line":5}},"s":{"0":0,"1":0,"2":0,"3":0},"f":{"0":0,"1":0},"b":{"0":[0,0]},"_coverageSchema":"1a1c01bbd47fc00a2c39e90264f33305004495a9","hash":"e5703d23af17c2e8db732acf29d646278f493933"}
,"/Users/eric/work/atelier-project/client/src/components/RatingsAndReviews/ModalStarRating.jsx": {"path":"/Users/eric/work/atelier-project/client/src/components/RatingsAndReviews/ModalStarRating.jsx","statementMap":{"0":{"start":{"line":6,"column":4},"end":{"line":6,"column":17}},"1":{"start":{"line":7,"column":4},"end":{"line":9,"column":6}},"2":{"start":{"line":10,"column":4},"end":{"line":10,"column":47}},"3":{"start":{"line":14,"column":4},"end":{"line":14,"column":44}},"4":{"start":{"line":15,"column":4},"end":{"line":15,"column":37}},"5":{"start":{"line":19,"column":34},"end":{"line":19,"column":44}},"6":{"start":{"line":21,"column":4},"end":{"line":31,"column":5}},"7":{"start":{"line":22,"column":6},"end":{"line":22,"column":21}},"8":{"start":{"line":23,"column":11},"end":{"line":31,"column":5}},"9":{"start":{"line":24,"column":6},"end":{"line":24,"column":21}},"10":{"start":{"line":25,"column":11},"end":{"line":31,"column":5}},"11":{"start":{"line":26,"column":6},"end":{"line":26,"column":24}},"12":{"start":{"line":27,"column":11},"end":{"line":31,"column":5}},"13":{"start":{"line":28,"column":6},"end":{"line":28,"column":20}},"14":{"start":{"line":29,"column":11},"end":{"line":31,"column":5}},"15":{"start":{"line":30,"column":6},"end":{"line":30,"column":22}},"16":{"start":{"line":33,"column":4},"end":{"line":63,"column":6}},"17":{"start":{"line":38,"column":32},"end":{"line":38,"column":37}},"18":{"start":{"line":40,"column":14},"end":{"line":55,"column":16}},"19":{"start":{"line":46,"column":44},"end":{"line":46,"column":82}}},"fnMap":{"0":{"name":"(anonymous_0)","decl":{"start":{"line":5,"column":2},"end":{"line":5,"column":3}},"loc":{"start":{"line":5,"column":21},"end":{"line":11,"column":3}},"line":5},"1":{"name":"(anonymous_1)","decl":{"start":{"line":13,"column":2},"end":{"line":13,"column":3}},"loc":{"start":{"line":13,"column":23},"end":{"line":16,"column":3}},"line":13},"2":{"name":"(anonymous_2)","decl":{"start":{"line":18,"column":2},"end":{"line":18,"column":3}},"loc":{"start":{"line":18,"column":11},"end":{"line":64,"column":3}},"line":18},"3":{"name":"(anonymous_3)","decl":{"start":{"line":37,"column":30},"end":{"line":37,"column":31}},"loc":{"start":{"line":37,"column":43},"end":{"line":56,"column":13}},"line":37},"4":{"name":"(anonymous_4)","decl":{"start":{"line":46,"column":29},"end":{"line":46,"column":30}},"loc":{"start":{"line":46,"column":44},"end":{"line":46,"column":82}},"line":46}},"branchMap":{"0":{"loc":{"start":{"line":21,"column":4},"end":{"line":31,"column":5}},"type":"if","locations":[{"start":{"line":21,"column":4},"end":{"line":31,"column":5}},{"start":{"line":23,"column":11},"end":{"line":31,"column":5}}],"line":21},"1":{"loc":{"start":{"line":23,"column":11},"end":{"line":31,"column":5}},"type":"if","locations":[{"start":{"line":23,"column":11},"end":{"line":31,"column":5}},{"start":{"line":25,"column":11},"end":{"line":31,"column":5}}],"line":23},"2":{"loc":{"start":{"line":25,"column":11},"end":{"line":31,"column":5}},"type":"if","locations":[{"start":{"line":25,"column":11},"end":{"line":31,"column":5}},{"start":{"line":27,"column":11},"end":{"line":31,"column":5}}],"line":25},"3":{"loc":{"start":{"line":27,"column":11},"end":{"line":31,"column":5}},"type":"if","locations":[{"start":{"line":27,"column":11},"end":{"line":31,"column":5}},{"start":{"line":29,"column":11},"end":{"line":31,"column":5}}],"line":27},"4":{"loc":{"start":{"line":29,"column":11},"end":{"line":31,"column":5}},"type":"if","locations":[{"start":{"line":29,"column":11},"end":{"line":31,"column":5}},{"start":{},"end":{}}],"line":29},"5":{"loc":{"start":{"line":51,"column":27},"end":{"line":51,"column":73}},"type":"cond-expr","locations":[{"start":{"line":51,"column":52},"end":{"line":51,"column":61}},{"start":{"line":51,"column":64},"end":{"line":51,"column":73}}],"line":51}},"s":{"0":0,"1":0,"2":0,"3":0,"4":0,"5":0,"6":0,"7":0,"8":0,"9":0,"10":0,"11":0,"12":0,"13":0,"14":0,"15":0,"16":0,"17":0,"18":0,"19":0},"f":{"0":0,"1":0,"2":0,"3":0,"4":0},"b":{"0":[0,0],"1":[0,0],"2":[0,0],"3":[0,0],"4":[0,0],"5":[0,0]},"_coverageSchema":"1a1c01bbd47fc00a2c39e90264f33305004495a9","hash":"c071197187e3927522093c0001308b428b24e463"}
,"/Users/eric/work/atelier-project/client/src/components/RatingsAndReviews/ProductBreakdown.jsx": {"path":"/Users/eric/work/atelier-project/client/src/components/RatingsAndReviews/ProductBreakdown.jsx","statementMap":{"0":{"start":{"line":6,"column":20},"end":{"line":27,"column":3}},"1":{"start":{"line":7,"column":16},"end":{"line":7,"column":18}},"2":{"start":{"line":8,"column":4},"end":{"line":10,"column":5}},"3":{"start":{"line":9,"column":6},"end":{"line":9,"column":70}},"4":{"start":{"line":11,"column":4},"end":{"line":13,"column":5}},"5":{"start":{"line":12,"column":6},"end":{"line":12,"column":57}},"6":{"start":{"line":14,"column":4},"end":{"line":16,"column":5}},"7":{"start":{"line":15,"column":6},"end":{"line":15,"column":54}},"8":{"start":{"line":17,"column":4},"end":{"line":19,"column":5}},"9":{"start":{"line":18,"column":6},"end":{"line":18,"column":58}},"10":{"start":{"line":20,"column":4},"end":{"line":22,"column":5}},"11":{"start":{"line":21,"column":6},"end":{"line":21,"column":58}},"12":{"start":{"line":23,"column":4},"end":{"line":25,"column":5}},"13":{"start":{"line":24,"column":6},"end":{"line":24,"column":58}},"14":{"start":{"line":26,"column":4},"end":{"line":26,"column":15}},"15":{"start":{"line":29,"column":2},"end":{"line":61,"column":4}},"16":{"start":{"line":33,"column":29},"end":{"line":33,"column":44}},"17":{"start":{"line":34,"column":26},"end":{"line":34,"column":52}},"18":{"start":{"line":35,"column":28},"end":{"line":35,"column":49}},"19":{"start":{"line":36,"column":27},"end":{"line":36,"column":52}},"20":{"start":{"line":37,"column":8},"end":{"line":37,"column":47}},"21":{"start":{"line":38,"column":8},"end":{"line":57,"column":10}}},"fnMap":{"0":{"name":"ProductBreakdown","decl":{"start":{"line":5,"column":9},"end":{"line":5,"column":25}},"loc":{"start":{"line":5,"column":33},"end":{"line":62,"column":1}},"line":5},"1":{"name":"(anonymous_1)","decl":{"start":{"line":6,"column":20},"end":{"line":6,"column":21}},"loc":{"start":{"line":6,"column":29},"end":{"line":27,"column":3}},"line":6},"2":{"name":"(anonymous_2)","decl":{"start":{"line":32,"column":38},"end":{"line":32,"column":39}},"loc":{"start":{"line":32,"column":55},"end":{"line":58,"column":7}},"line":32}},"branchMap":{"0":{"loc":{"start":{"line":8,"column":4},"end":{"line":10,"column":5}},"type":"if","locations":[{"start":{"line":8,"column":4},"end":{"line":10,"column":5}},{"start":{},"end":{}}],"line":8},"1":{"loc":{"start":{"line":11,"column":4},"end":{"line":13,"column":5}},"type":"if","locations":[{"start":{"line":11,"column":4},"end":{"line":13,"column":5}},{"start":{},"end":{}}],"line":11},"2":{"loc":{"start":{"line":14,"column":4},"end":{"line":16,"column":5}},"type":"if","locations":[{"start":{"line":14,"column":4},"end":{"line":16,"column":5}},{"start":{},"end":{}}],"line":14},"3":{"loc":{"start":{"line":17,"column":4},"end":{"line":19,"column":5}},"type":"if","locations":[{"start":{"line":17,"column":4},"end":{"line":19,"column":5}},{"start":{},"end":{}}],"line":17},"4":{"loc":{"start":{"line":20,"column":4},"end":{"line":22,"column":5}},"type":"if","locations":[{"start":{"line":20,"column":4},"end":{"line":22,"column":5}},{"start":{},"end":{}}],"line":20},"5":{"loc":{"start":{"line":23,"column":4},"end":{"line":25,"column":5}},"type":"if","locations":[{"start":{"line":23,"column":4},"end":{"line":25,"column":5}},{"start":{},"end":{}}],"line":23}},"s":{"0":5,"1":0,"2":0,"3":0,"4":0,"5":0,"6":0,"7":0,"8":0,"9":0,"10":0,"11":0,"12":0,"13":0,"14":0,"15":5,"16":0,"17":0,"18":0,"19":0,"20":0,"21":0},"f":{"0":5,"1":0,"2":0},"b":{"0":[0,0],"1":[0,0],"2":[0,0],"3":[0,0],"4":[0,0],"5":[0,0]},"_coverageSchema":"1a1c01bbd47fc00a2c39e90264f33305004495a9","hash":"854e5c38b713da429ced38573cd72fe3b9be0d5a"}
,"/Users/eric/work/atelier-project/client/src/components/RatingsAndReviews/RatingAndReview.jsx": {"path":"/Users/eric/work/atelier-project/client/src/components/RatingsAndReviews/RatingAndReview.jsx","statementMap":{"0":{"start":{"line":13,"column":4},"end":{"line":13,"column":17}},"1":{"start":{"line":14,"column":4},"end":{"line":17,"column":6}},"2":{"start":{"line":18,"column":4},"end":{"line":18,"column":51}},"3":{"start":{"line":19,"column":4},"end":{"line":19,"column":45}},"4":{"start":{"line":20,"column":4},"end":{"line":20,"column":71}},"5":{"start":{"line":24,"column":4},"end":{"line":24,"column":34}},"6":{"start":{"line":28,"column":19},"end":{"line":28,"column":21}},"7":{"start":{"line":30,"column":4},"end":{"line":36,"column":5}},"8":{"start":{"line":31,"column":6},"end":{"line":31,"column":21}},"9":{"start":{"line":32,"column":11},"end":{"line":36,"column":5}},"10":{"start":{"line":33,"column":6},"end":{"line":33,"column":23}},"11":{"start":{"line":35,"column":6},"end":{"line":35,"column":96}},"12":{"start":{"line":38,"column":4},"end":{"line":40,"column":7}},"13":{"start":{"line":39,"column":6},"end":{"line":39,"column":33}},"14":{"start":{"line":41,"column":20},"end":{"line":41,"column":34}},"15":{"start":{"line":42,"column":25},"end":{"line":42,"column":26}},"16":{"start":{"line":43,"column":4},"end":{"line":47,"column":6}},"17":{"start":{"line":45,"column":44},"end":{"line":45,"column":51}},"18":{"start":{"line":51,"column":26},"end":{"line":51,"column":28}},"19":{"start":{"line":53,"column":4},"end":{"line":58,"column":5}},"20":{"start":{"line":54,"column":6},"end":{"line":57,"column":7}},"21":{"start":{"line":55,"column":25},"end":{"line":55,"column":100}},"22":{"start":{"line":55,"column":63},"end":{"line":55,"column":99}},"23":{"start":{"line":56,"column":8},"end":{"line":56,"column":39}},"24":{"start":{"line":59,"column":4},"end":{"line":59,"column":55}},"25":{"start":{"line":63,"column":40},"end":{"line":63,"column":50}},"26":{"start":{"line":64,"column":4},"end":{"line":66,"column":5}},"27":{"start":{"line":65,"column":6},"end":{"line":65,"column":21}},"28":{"start":{"line":67,"column":28},"end":{"line":67,"column":85}},"29":{"start":{"line":69,"column":4},"end":{"line":100,"column":6}}},"fnMap":{"0":{"name":"(anonymous_0)","decl":{"start":{"line":12,"column":2},"end":{"line":12,"column":3}},"loc":{"start":{"line":12,"column":21},"end":{"line":21,"column":3}},"line":12},"1":{"name":"(anonymous_1)","decl":{"start":{"line":23,"column":2},"end":{"line":23,"column":3}},"loc":{"start":{"line":23,"column":20},"end":{"line":25,"column":3}},"line":23},"2":{"name":"(anonymous_2)","decl":{"start":{"line":27,"column":2},"end":{"line":27,"column":3}},"loc":{"start":{"line":27,"column":21},"end":{"line":48,"column":3}},"line":27},"3":{"name":"(anonymous_3)","decl":{"start":{"line":38,"column":16},"end":{"line":38,"column":17}},"loc":{"start":{"line":38,"column":28},"end":{"line":40,"column":5}},"line":38},"4":{"name":"(anonymous_4)","decl":{"start":{"line":45,"column":32},"end":{"line":45,"column":33}},"loc":{"start":{"line":45,"column":44},"end":{"line":45,"column":51}},"line":45},"5":{"name":"(anonymous_5)","decl":{"start":{"line":50,"column":2},"end":{"line":50,"column":3}},"loc":{"start":{"line":50,"column":31},"end":{"line":60,"column":3}},"line":50},"6":{"name":"(anonymous_6)","decl":{"start":{"line":55,"column":51},"end":{"line":55,"column":52}},"loc":{"start":{"line":55,"column":63},"end":{"line":55,"column":99}},"line":55},"7":{"name":"(anonymous_7)","decl":{"start":{"line":62,"column":2},"end":{"line":62,"column":3}},"loc":{"start":{"line":62,"column":11},"end":{"line":101,"column":3}},"line":62}},"branchMap":{"0":{"loc":{"start":{"line":30,"column":4},"end":{"line":36,"column":5}},"type":"if","locations":[{"start":{"line":30,"column":4},"end":{"line":36,"column":5}},{"start":{"line":32,"column":11},"end":{"line":36,"column":5}}],"line":30},"1":{"loc":{"start":{"line":32,"column":11},"end":{"line":36,"column":5}},"type":"if","locations":[{"start":{"line":32,"column":11},"end":{"line":36,"column":5}},{"start":{"line":34,"column":11},"end":{"line":36,"column":5}}],"line":32},"2":{"loc":{"start":{"line":54,"column":6},"end":{"line":57,"column":7}},"type":"if","locations":[{"start":{"line":54,"column":6},"end":{"line":57,"column":7}},{"start":{},"end":{}}],"line":54},"3":{"loc":{"start":{"line":64,"column":4},"end":{"line":66,"column":5}},"type":"if","locations":[{"start":{"line":64,"column":4},"end":{"line":66,"column":5}},{"start":{},"end":{}}],"line":64},"4":{"loc":{"start":{"line":92,"column":25},"end":{"line":92,"column":96}},"type":"cond-expr","locations":[{"start":{"line":92,"column":58},"end":{"line":92,"column":76}},{"start":{"line":92,"column":79},"end":{"line":92,"column":96}}],"line":92}},"s":{"0":0,"1":0,"2":0,"3":0,"4":0,"5":0,"6":0,"7":0,"8":0,"9":0,"10":0,"11":0,"12":0,"13":0,"14":0,"15":0,"16":0,"17":0,"18":0,"19":0,"20":0,"21":0,"22":0,"23":0,"24":0,"25":0,"26":0,"27":0,"28":0,"29":0},"f":{"0":0,"1":0,"2":0,"3":0,"4":0,"5":0,"6":0,"7":0},"b":{"0":[0,0],"1":[0,0],"2":[0,0],"3":[0,0],"4":[0,0]},"_coverageSchema":"1a1c01bbd47fc00a2c39e90264f33305004495a9","hash":"9ee5bdf1a9b4722fbe7b0115913201a361dfa933"}
,"/Users/eric/work/atelier-project/client/src/components/RatingsAndReviews/RatingBreakdown.jsx": {"path":"/Users/eric/work/atelier-project/client/src/components/RatingsAndReviews/RatingBreakdown.jsx","statementMap":{"0":{"start":{"line":8,"column":4},"end":{"line":8,"column":17}},"1":{"start":{"line":9,"column":4},"end":{"line":15,"column":6}},"2":{"start":{"line":16,"column":4},"end":{"line":16,"column":59}},"3":{"start":{"line":17,"column":4},"end":{"line":17,"column":61}},"4":{"start":{"line":18,"column":4},"end":{"line":18,"column":59}},"5":{"start":{"line":22,"column":23},"end":{"line":22,"column":56}},"6":{"start":{"line":22,"column":42},"end":{"line":22,"column":55}},"7":{"start":{"line":23,"column":4},"end":{"line":23,"column":79}},"8":{"start":{"line":27,"column":4},"end":{"line":31,"column":5}},"9":{"start":{"line":28,"column":6},"end":{"line":28,"column":103}},"10":{"start":{"line":28,"column":68},"end":{"line":28,"column":101}},"11":{"start":{"line":29,"column":11},"end":{"line":31,"column":5}},"12":{"start":{"line":30,"column":6},"end":{"line":30,"column":90}},"13":{"start":{"line":30,"column":55},"end":{"line":30,"column":88}},"14":{"start":{"line":35,"column":4},"end":{"line":41,"column":48}},"15":{"start":{"line":41,"column":13},"end":{"line":41,"column":46}},"16":{"start":{"line":45,"column":4},"end":{"line":47,"column":5}},"17":{"start":{"line":46,"column":6},"end":{"line":46,"column":21}},"18":{"start":{"line":48,"column":23},"end":{"line":48,"column":84}},"19":{"start":{"line":48,"column":63},"end":{"line":48,"column":83}},"20":{"start":{"line":51,"column":4},"end":{"line":57,"column":5}},"21":{"start":{"line":52,"column":6},"end":{"line":56,"column":8}},"22":{"start":{"line":54,"column":31},"end":{"line":54,"column":63}},"23":{"start":{"line":59,"column":4},"end":{"line":126,"column":6}}},"fnMap":{"0":{"name":"(anonymous_0)","decl":{"start":{"line":7,"column":2},"end":{"line":7,"column":3}},"loc":{"start":{"line":7,"column":21},"end":{"line":19,"column":3}},"line":7},"1":{"name":"(anonymous_1)","decl":{"start":{"line":21,"column":2},"end":{"line":21,"column":3}},"loc":{"start":{"line":21,"column":31},"end":{"line":24,"column":3}},"line":21},"2":{"name":"(anonymous_2)","decl":{"start":{"line":22,"column":34},"end":{"line":22,"column":35}},"loc":{"start":{"line":22,"column":42},"end":{"line":22,"column":55}},"line":22},"3":{"name":"(anonymous_3)","decl":{"start":{"line":26,"column":2},"end":{"line":26,"column":3}},"loc":{"start":{"line":26,"column":22},"end":{"line":32,"column":3}},"line":26},"4":{"name":"(anonymous_4)","decl":{"start":{"line":28,"column":62},"end":{"line":28,"column":63}},"loc":{"start":{"line":28,"column":68},"end":{"line":28,"column":101}},"line":28},"5":{"name":"(anonymous_5)","decl":{"start":{"line":30,"column":49},"end":{"line":30,"column":50}},"loc":{"start":{"line":30,"column":55},"end":{"line":30,"column":88}},"line":30},"6":{"name":"(anonymous_6)","decl":{"start":{"line":34,"column":2},"end":{"line":34,"column":3}},"loc":{"start":{"line":34,"column":20},"end":{"line":42,"column":3}},"line":34},"7":{"name":"(anonymous_7)","decl":{"start":{"line":41,"column":7},"end":{"line":41,"column":8}},"loc":{"start":{"line":41,"column":13},"end":{"line":41,"column":46}},"line":41},"8":{"name":"(anonymous_8)","decl":{"start":{"line":44,"column":2},"end":{"line":44,"column":3}},"loc":{"start":{"line":44,"column":11},"end":{"line":127,"column":3}},"line":44},"9":{"name":"(anonymous_9)","decl":{"start":{"line":48,"column":54},"end":{"line":48,"column":55}},"loc":{"start":{"line":48,"column":63},"end":{"line":48,"column":83}},"line":48},"10":{"name":"(anonymous_10)","decl":{"start":{"line":54,"column":25},"end":{"line":54,"column":26}},"loc":{"start":{"line":54,"column":31},"end":{"line":54,"column":63}},"line":54}},"branchMap":{"0":{"loc":{"start":{"line":27,"column":4},"end":{"line":31,"column":5}},"type":"if","locations":[{"start":{"line":27,"column":4},"end":{"line":31,"column":5}},{"start":{"line":29,"column":11},"end":{"line":31,"column":5}}],"line":27},"1":{"loc":{"start":{"line":29,"column":11},"end":{"line":31,"column":5}},"type":"if","locations":[{"start":{"line":29,"column":11},"end":{"line":31,"column":5}},{"start":{},"end":{}}],"line":29},"2":{"loc":{"start":{"line":45,"column":4},"end":{"line":47,"column":5}},"type":"if","locations":[{"start":{"line":45,"column":4},"end":{"line":47,"column":5}},{"start":{},"end":{}}],"line":45},"3":{"loc":{"start":{"line":51,"column":4},"end":{"line":57,"column":5}},"type":"if","locations":[{"start":{"line":51,"column":4},"end":{"line":57,"column":5}},{"start":{},"end":{}}],"line":51}},"s":{"0":4,"1":4,"2":4,"3":4,"4":4,"5":0,"6":0,"7":0,"8":0,"9":0,"10":0,"11":0,"12":0,"13":0,"14":0,"15":0,"16":4,"17":0,"18":0,"19":0,"20":0,"21":0,"22":0,"23":0},"f":{"0":4,"1":0,"2":0,"3":0,"4":0,"5":0,"6":0,"7":0,"8":4,"9":0,"10":0},"b":{"0":[0,0],"1":[0,0],"2":[0,0],"3":[0,0]},"_coverageSchema":"1a1c01bbd47fc00a2c39e90264f33305004495a9","hash":"1b5b7ab887a6233b88c4da36f1b999183053e26e"}
,"/Users/eric/work/atelier-project/client/src/components/RatingsAndReviews/ReviewModal.jsx": {"path":"/Users/eric/work/atelier-project/client/src/components/RatingsAndReviews/ReviewModal.jsx","statementMap":{"0":{"start":{"line":9,"column":4},"end":{"line":9,"column":17}},"1":{"start":{"line":10,"column":4},"end":{"line":20,"column":6}},"2":{"start":{"line":21,"column":4},"end":{"line":21,"column":55}},"3":{"start":{"line":22,"column":4},"end":{"line":22,"column":53}},"4":{"start":{"line":23,"column":4},"end":{"line":23,"column":53}},"5":{"start":{"line":24,"column":4},"end":{"line":24,"column":57}},"6":{"start":{"line":25,"column":4},"end":{"line":25,"column":65}},"7":{"start":{"line":29,"column":4},"end":{"line":29,"column":23}},"8":{"start":{"line":39,"column":8},"end":{"line":39,"column":18}},"9":{"start":{"line":41,"column":28},"end":{"line":51,"column":5}},"10":{"start":{"line":53,"column":4},"end":{"line":56,"column":9}},"11":{"start":{"line":55,"column":8},"end":{"line":55,"column":53}},"12":{"start":{"line":57,"column":4},"end":{"line":57,"column":33}},"13":{"start":{"line":61,"column":4},"end":{"line":61,"column":55}},"14":{"start":{"line":65,"column":21},"end":{"line":65,"column":29}},"15":{"start":{"line":66,"column":22},"end":{"line":66,"column":30}},"16":{"start":{"line":67,"column":19},"end":{"line":67,"column":51}},"17":{"start":{"line":68,"column":4},"end":{"line":73,"column":8}},"18":{"start":{"line":68,"column":34},"end":{"line":73,"column":5}},"19":{"start":{"line":77,"column":4},"end":{"line":77,"column":42}},"20":{"start":{"line":81,"column":25},"end":{"line":81,"column":35}},"21":{"start":{"line":82,"column":17},"end":{"line":82,"column":34}},"22":{"start":{"line":83,"column":21},"end":{"line":83,"column":35}},"23":{"start":{"line":84,"column":4},"end":{"line":84,"column":34}},"24":{"start":{"line":85,"column":4},"end":{"line":85,"column":49}},"25":{"start":{"line":87,"column":4},"end":{"line":92,"column":9}},"26":{"start":{"line":89,"column":24},"end":{"line":89,"column":37}},"27":{"start":{"line":90,"column":20},"end":{"line":90,"column":44}},"28":{"start":{"line":91,"column":8},"end":{"line":91,"column":60}},"29":{"start":{"line":96,"column":32},"end":{"line":96,"column":42}},"30":{"start":{"line":97,"column":25},"end":{"line":97,"column":35}},"31":{"start":{"line":98,"column":4},"end":{"line":100,"column":5}},"32":{"start":{"line":99,"column":6},"end":{"line":99,"column":18}},"33":{"start":{"line":102,"column":4},"end":{"line":338,"column":6}},"34":{"start":{"line":106,"column":32},"end":{"line":106,"column":60}},"35":{"start":{"line":153,"column":17},"end":{"line":176,"column":18}},"36":{"start":{"line":154,"column":19},"end":{"line":175,"column":21}},"37":{"start":{"line":176,"column":19},"end":{"line":199,"column":18}},"38":{"start":{"line":177,"column":19},"end":{"line":198,"column":21}},"39":{"start":{"line":199,"column":19},"end":{"line":222,"column":18}},"40":{"start":{"line":200,"column":19},"end":{"line":221,"column":21}},"41":{"start":{"line":222,"column":19},"end":{"line":245,"column":18}},"42":{"start":{"line":223,"column":19},"end":{"line":244,"column":21}},"43":{"start":{"line":245,"column":19},"end":{"line":268,"column":18}},"44":{"start":{"line":246,"column":19},"end":{"line":267,"column":21}},"45":{"start":{"line":268,"column":19},"end":{"line":291,"column":18}},"46":{"start":{"line":269,"column":19},"end":{"line":290,"column":21}},"47":{"start":{"line":317,"column":39},"end":{"line":317,"column":86}}},"fnMap":{"0":{"name":"(anonymous_0)","decl":{"start":{"line":8,"column":2},"end":{"line":8,"column":3}},"loc":{"start":{"line":8,"column":21},"end":{"line":26,"column":3}},"line":8},"1":{"name":"(anonymous_1)","decl":{"start":{"line":28,"column":2},"end":{"line":28,"column":3}},"loc":{"start":{"line":28,"column":18},"end":{"line":58,"column":3}},"line":28},"2":{"name":"(anonymous_2)","decl":{"start":{"line":54,"column":12},"end":{"line":54,"column":13}},"loc":{"start":{"line":54,"column":26},"end":{"line":56,"column":7}},"line":54},"3":{"name":"(anonymous_3)","decl":{"start":{"line":60,"column":2},"end":{"line":60,"column":3}},"loc":{"start":{"line":60,"column":19},"end":{"line":62,"column":3}},"line":60},"4":{"name":"(anonymous_4)","decl":{"start":{"line":64,"column":2},"end":{"line":64,"column":3}},"loc":{"start":{"line":64,"column":18},"end":{"line":74,"column":3}},"line":64},"5":{"name":"(anonymous_5)","decl":{"start":{"line":68,"column":18},"end":{"line":68,"column":19}},"loc":{"start":{"line":68,"column":34},"end":{"line":73,"column":5}},"line":68},"6":{"name":"(anonymous_6)","decl":{"start":{"line":76,"column":2},"end":{"line":76,"column":3}},"loc":{"start":{"line":76,"column":25},"end":{"line":78,"column":3}},"line":76},"7":{"name":"(anonymous_7)","decl":{"start":{"line":80,"column":2},"end":{"line":80,"column":3}},"loc":{"start":{"line":80,"column":24},"end":{"line":93,"column":3}},"line":80},"8":{"name":"(anonymous_8)","decl":{"start":{"line":88,"column":12},"end":{"line":88,"column":13}},"loc":{"start":{"line":88,"column":26},"end":{"line":92,"column":7}},"line":88},"9":{"name":"(anonymous_9)","decl":{"start":{"line":95,"column":2},"end":{"line":95,"column":3}},"loc":{"start":{"line":95,"column":11},"end":{"line":339,"column":3}},"line":95},"10":{"name":"(anonymous_10)","decl":{"start":{"line":106,"column":26},"end":{"line":106,"column":27}},"loc":{"start":{"line":106,"column":32},"end":{"line":106,"column":60}},"line":106},"11":{"name":"(anonymous_11)","decl":{"start":{"line":152,"column":48},"end":{"line":152,"column":49}},"loc":{"start":{"line":152,"column":58},"end":{"line":293,"column":16}},"line":152},"12":{"name":"(anonymous_12)","decl":{"start":{"line":317,"column":29},"end":{"line":317,"column":30}},"loc":{"start":{"line":317,"column":39},"end":{"line":317,"column":86}},"line":317}},"branchMap":{"0":{"loc":{"start":{"line":98,"column":4},"end":{"line":100,"column":5}},"type":"if","locations":[{"start":{"line":98,"column":4},"end":{"line":100,"column":5}},{"start":{},"end":{}}],"line":98},"1":{"loc":{"start":{"line":153,"column":17},"end":{"line":176,"column":18}},"type":"if","locations":[{"start":{"line":153,"column":17},"end":{"line":176,"column":18}},{"start":{},"end":{}}],"line":153},"2":{"loc":{"start":{"line":176,"column":19},"end":{"line":199,"column":18}},"type":"if","locations":[{"start":{"line":176,"column":19},"end":{"line":199,"column":18}},{"start":{},"end":{}}],"line":176},"3":{"loc":{"start":{"line":199,"column":19},"end":{"line":222,"column":18}},"type":"if","locations":[{"start":{"line":199,"column":19},"end":{"line":222,"column":18}},{"start":{},"end":{}}],"line":199},"4":{"loc":{"start":{"line":222,"column":19},"end":{"line":245,"column":18}},"type":"if","locations":[{"start":{"line":222,"column":19},"end":{"line":245,"column":18}},{"start":{},"end":{}}],"line":222},"5":{"loc":{"start":{"line":245,"column":19},"end":{"line":268,"column":18}},"type":"if","locations":[{"start":{"line":245,"column":19},"end":{"line":268,"column":18}},{"start":{},"end":{}}],"line":245},"6":{"loc":{"start":{"line":268,"column":19},"end":{"line":291,"column":18}},"type":"if","locations":[{"start":{"line":268,"column":19},"end":{"line":291,"column":18}},{"start":{},"end":{}}],"line":268}},"s":{"0":0,"1":0,"2":0,"3":0,"4":0,"5":0,"6":0,"7":0,"8":0,"9":0,"10":0,"11":0,"12":0,"13":0,"14":0,"15":0,"16":0,"17":0,"18":0,"19":0,"20":0,"21":0,"22":0,"23":0,"24":0,"25":0,"26":0,"27":0,"28":0,"29":0,"30":0,"31":0,"32":0,"33":0,"34":0,"35":0,"36":0,"37":0,"38":0,"39":0,"40":0,"41":0,"42":0,"43":0,"44":0,"45":0,"46":0,"47":0},"f":{"0":0,"1":0,"2":0,"3":0,"4":0,"5":0,"6":0,"7":0,"8":0,"9":0,"10":0,"11":0,"12":0},"b":{"0":[0,0],"1":[0,0],"2":[0,0],"3":[0,0],"4":[0,0],"5":[0,0],"6":[0,0]},"_coverageSchema":"1a1c01bbd47fc00a2c39e90264f33305004495a9","hash":"b7926a209610b810817d0aea6bf46b83800f401f"}
,"/Users/eric/work/atelier-project/client/src/components/RatingsAndReviews/ReviewTile.jsx": {"path":"/Users/eric/work/atelier-project/client/src/components/RatingsAndReviews/ReviewTile.jsx","statementMap":{"0":{"start":{"line":13,"column":4},"end":{"line":13,"column":17}},"1":{"start":{"line":14,"column":4},"end":{"line":18,"column":6}},"2":{"start":{"line":19,"column":4},"end":{"line":19,"column":51}},"3":{"start":{"line":20,"column":4},"end":{"line":20,"column":57}},"4":{"start":{"line":21,"column":4},"end":{"line":21,"column":57}},"5":{"start":{"line":25,"column":21},"end":{"line":25,"column":48}},"6":{"start":{"line":26,"column":4},"end":{"line":36,"column":5}},"7":{"start":{"line":27,"column":6},"end":{"line":30,"column":11}},"8":{"start":{"line":29,"column":10},"end":{"line":29,"column":43}},"9":{"start":{"line":31,"column":11},"end":{"line":36,"column":5}},"10":{"start":{"line":32,"column":6},"end":{"line":35,"column":11}},"11":{"start":{"line":34,"column":10},"end":{"line":34,"column":57}},"12":{"start":{"line":40,"column":4},"end":{"line":40,"column":42}},"13":{"start":{"line":44,"column":25},"end":{"line":44,"column":35}},"14":{"start":{"line":45,"column":23},"end":{"line":45,"column":27}},"15":{"start":{"line":46,"column":4},"end":{"line":46,"column":75}},"16":{"start":{"line":50,"column":46},"end":{"line":50,"column":56}},"17":{"start":{"line":54,"column":4},"end":{"line":61,"column":5}},"18":{"start":{"line":55,"column":6},"end":{"line":60,"column":8}},"19":{"start":{"line":62,"column":4},"end":{"line":72,"column":5}},"20":{"start":{"line":63,"column":6},"end":{"line":71,"column":8}},"21":{"start":{"line":65,"column":10},"end":{"line":69,"column":12}},"22":{"start":{"line":68,"column":27},"end":{"line":68,"column":57}},"23":{"start":{"line":74,"column":4},"end":{"line":98,"column":5}},"24":{"start":{"line":75,"column":6},"end":{"line":89,"column":8}},"25":{"start":{"line":82,"column":29},"end":{"line":82,"column":62}},"26":{"start":{"line":91,"column":6},"end":{"line":97,"column":8}},"27":{"start":{"line":100,"column":4},"end":{"line":145,"column":6}}},"fnMap":{"0":{"name":"(anonymous_0)","decl":{"start":{"line":12,"column":2},"end":{"line":12,"column":3}},"loc":{"start":{"line":12,"column":21},"end":{"line":22,"column":3}},"line":12},"1":{"name":"(anonymous_1)","decl":{"start":{"line":24,"column":2},"end":{"line":24,"column":3}},"loc":{"start":{"line":24,"column":17},"end":{"line":37,"column":3}},"line":24},"2":{"name":"(anonymous_2)","decl":{"start":{"line":28,"column":14},"end":{"line":28,"column":15}},"loc":{"start":{"line":28,"column":26},"end":{"line":30,"column":9}},"line":28},"3":{"name":"(anonymous_3)","decl":{"start":{"line":33,"column":14},"end":{"line":33,"column":15}},"loc":{"start":{"line":33,"column":26},"end":{"line":35,"column":9}},"line":33},"4":{"name":"(anonymous_4)","decl":{"start":{"line":39,"column":2},"end":{"line":39,"column":3}},"loc":{"start":{"line":39,"column":25},"end":{"line":41,"column":3}},"line":39},"5":{"name":"(anonymous_5)","decl":{"start":{"line":43,"column":2},"end":{"line":43,"column":3}},"loc":{"start":{"line":43,"column":23},"end":{"line":47,"column":3}},"line":43},"6":{"name":"(anonymous_6)","decl":{"start":{"line":49,"column":2},"end":{"line":49,"column":3}},"loc":{"start":{"line":49,"column":11},"end":{"line":146,"column":3}},"line":49},"7":{"name":"(anonymous_7)","decl":{"start":{"line":64,"column":37},"end":{"line":64,"column":38}},"loc":{"start":{"line":65,"column":10},"end":{"line":69,"column":12}},"line":65},"8":{"name":"(anonymous_8)","decl":{"start":{"line":68,"column":21},"end":{"line":68,"column":22}},"loc":{"start":{"line":68,"column":27},"end":{"line":68,"column":57}},"line":68},"9":{"name":"(anonymous_9)","decl":{"start":{"line":82,"column":23},"end":{"line":82,"column":24}},"loc":{"start":{"line":82,"column":29},"end":{"line":82,"column":62}},"line":82}},"branchMap":{"0":{"loc":{"start":{"line":26,"column":4},"end":{"line":36,"column":5}},"type":"if","locations":[{"start":{"line":26,"column":4},"end":{"line":36,"column":5}},{"start":{"line":31,"column":11},"end":{"line":36,"column":5}}],"line":26},"1":{"loc":{"start":{"line":31,"column":11},"end":{"line":36,"column":5}},"type":"if","locations":[{"start":{"line":31,"column":11},"end":{"line":36,"column":5}},{"start":{},"end":{}}],"line":31},"2":{"loc":{"start":{"line":46,"column":11},"end":{"line":46,"column":74}},"type":"cond-expr","locations":[{"start":{"line":46,"column":22},"end":{"line":46,"column":32}},{"start":{"line":46,"column":35},"end":{"line":46,"column":74}}],"line":46},"3":{"loc":{"start":{"line":54,"column":4},"end":{"line":61,"column":5}},"type":"if","locations":[{"start":{"line":54,"column":4},"end":{"line":61,"column":5}},{"start":{},"end":{}}],"line":54},"4":{"loc":{"start":{"line":62,"column":4},"end":{"line":72,"column":5}},"type":"if","locations":[{"start":{"line":62,"column":4},"end":{"line":72,"column":5}},{"start":{},"end":{}}],"line":62},"5":{"loc":{"start":{"line":74,"column":4},"end":{"line":98,"column":5}},"type":"if","locations":[{"start":{"line":74,"column":4},"end":{"line":98,"column":5}},{"start":{"line":90,"column":11},"end":{"line":98,"column":5}}],"line":74},"6":{"loc":{"start":{"line":83,"column":22},"end":{"line":83,"column":55}},"type":"cond-expr","locations":[{"start":{"line":83,"column":42},"end":{"line":83,"column":50}},{"start":{"line":83,"column":53},"end":{"line":83,"column":55}}],"line":83},"7":{"loc":{"start":{"line":129,"column":14},"end":{"line":129,"column":60}},"type":"binary-expr","locations":[{"start":{"line":129,"column":14},"end":{"line":129,"column":30}},{"start":{"line":129,"column":34},"end":{"line":129,"column":60}}],"line":129},"8":{"loc":{"start":{"line":137,"column":14},"end":{"line":137,"column":98}},"type":"cond-expr","locations":[{"start":{"line":137,"column":33},"end":{"line":137,"column":62}},{"start":{"line":137,"column":65},"end":{"line":137,"column":98}}],"line":137},"9":{"loc":{"start":{"line":143,"column":9},"end":{"line":143,"column":97}},"type":"binary-expr","locations":[{"start":{"line":143,"column":9},"end":{"line":143,"column":19}},{"start":{"line":143,"column":24},"end":{"line":143,"column":96}}],"line":143}},"s":{"0":5,"1":5,"2":5,"3":5,"4":5,"5":0,"6":0,"7":0,"8":0,"9":0,"10":0,"11":0,"12":0,"13":0,"14":0,"15":0,"16":5,"17":5,"18":3,"19":5,"20":5,"21":6,"22":0,"23":5,"24":0,"25":0,"26":5,"27":5},"f":{"0":5,"1":0,"2":0,"3":0,"4":0,"5":0,"6":5,"7":6,"8":0,"9":0},"b":{"0":[0,0],"1":[0,0],"2":[0,0],"3":[3,2],"4":[5,0],"5":[0,5],"6":[0,0],"7":[5,5],"8":[5,0],"9":[5,0]},"_coverageSchema":"1a1c01bbd47fc00a2c39e90264f33305004495a9","hash":"231f333941391433fe78d431b2ea8269c23ccbe5"}
,"/Users/eric/work/atelier-project/client/src/components/RatingsAndReviews/ReviewsList.jsx": {"path":"/Users/eric/work/atelier-project/client/src/components/RatingsAndReviews/ReviewsList.jsx","statementMap":{"0":{"start":{"line":8,"column":4},"end":{"line":8,"column":17}},"1":{"start":{"line":9,"column":4},"end":{"line":11,"column":6}},"2":{"start":{"line":15,"column":4},"end":{"line":23,"column":6}},"3":{"start":{"line":19,"column":14},"end":{"line":19,"column":89}}},"fnMap":{"0":{"name":"(anonymous_0)","decl":{"start":{"line":7,"column":2},"end":{"line":7,"column":3}},"loc":{"start":{"line":7,"column":21},"end":{"line":12,"column":3}},"line":7},"1":{"name":"(anonymous_1)","decl":{"start":{"line":14,"column":2},"end":{"line":14,"column":3}},"loc":{"start":{"line":14,"column":11},"end":{"line":24,"column":3}},"line":14},"2":{"name":"(anonymous_2)","decl":{"start":{"line":18,"column":35},"end":{"line":18,"column":36}},"loc":{"start":{"line":19,"column":14},"end":{"line":19,"column":89}},"line":19}},"branchMap":{},"s":{"0":2,"1":2,"2":2,"3":5},"f":{"0":2,"1":2,"2":5},"b":{},"_coverageSchema":"1a1c01bbd47fc00a2c39e90264f33305004495a9","hash":"9c1a474d176662df25392b882d94e1d63dee97cb"}
,"/Users/eric/work/atelier-project/client/src/components/RatingsAndReviews/SortReviews.jsx": {"path":"/Users/eric/work/atelier-project/client/src/components/RatingsAndReviews/SortReviews.jsx","statementMap":{"0":{"start":{"line":9,"column":4},"end":{"line":9,"column":17}},"1":{"start":{"line":10,"column":4},"end":{"line":14,"column":6}},"2":{"start":{"line":15,"column":4},"end":{"line":15,"column":51}},"3":{"start":{"line":16,"column":4},"end":{"line":16,"column":53}},"4":{"start":{"line":17,"column":4},"end":{"line":17,"column":63}},"5":{"start":{"line":18,"column":4},"end":{"line":18,"column":51}},"6":{"start":{"line":22,"column":4},"end":{"line":24,"column":5}},"7":{"start":{"line":23,"column":6},"end":{"line":23,"column":45}},"8":{"start":{"line":28,"column":4},"end":{"line":28,"column":37}},"9":{"start":{"line":32,"column":4},"end":{"line":32,"column":118}},"10":{"start":{"line":38,"column":4},"end":{"line":53,"column":5}},"11":{"start":{"line":39,"column":6},"end":{"line":42,"column":11}},"12":{"start":{"line":41,"column":10},"end":{"line":41,"column":80}},"13":{"start":{"line":43,"column":11},"end":{"line":53,"column":5}},"14":{"start":{"line":44,"column":6},"end":{"line":47,"column":11}},"15":{"start":{"line":46,"column":10},"end":{"line":46,"column":80}},"16":{"start":{"line":48,"column":11},"end":{"line":53,"column":5}},"17":{"start":{"line":49,"column":6},"end":{"line":52,"column":11}},"18":{"start":{"line":51,"column":10},"end":{"line":51,"column":80}},"19":{"start":{"line":55,"column":4},"end":{"line":55,"column":45}},"20":{"start":{"line":59,"column":26},"end":{"line":63,"column":6}},"21":{"start":{"line":60,"column":6},"end":{"line":62,"column":7}},"22":{"start":{"line":61,"column":8},"end":{"line":61,"column":22}},"23":{"start":{"line":64,"column":4},"end":{"line":64,"column":25}},"24":{"start":{"line":68,"column":43},"end":{"line":68,"column":53}},"25":{"start":{"line":71,"column":4},"end":{"line":75,"column":5}},"26":{"start":{"line":72,"column":6},"end":{"line":72,"column":77}},"27":{"start":{"line":74,"column":6},"end":{"line":74,"column":72}},"28":{"start":{"line":77,"column":4},"end":{"line":113,"column":6}},"29":{"start":{"line":106,"column":85},"end":{"line":106,"column":114}}},"fnMap":{"0":{"name":"(anonymous_0)","decl":{"start":{"line":8,"column":2},"end":{"line":8,"column":3}},"loc":{"start":{"line":8,"column":21},"end":{"line":19,"column":3}},"line":8},"1":{"name":"(anonymous_1)","decl":{"start":{"line":21,"column":2},"end":{"line":21,"column":3}},"loc":{"start":{"line":21,"column":43},"end":{"line":25,"column":3}},"line":21},"2":{"name":"(anonymous_2)","decl":{"start":{"line":27,"column":2},"end":{"line":27,"column":3}},"loc":{"start":{"line":27,"column":18},"end":{"line":29,"column":3}},"line":27},"3":{"name":"(anonymous_3)","decl":{"start":{"line":31,"column":2},"end":{"line":31,"column":3}},"loc":{"start":{"line":31,"column":16},"end":{"line":33,"column":3}},"line":31},"4":{"name":"(anonymous_4)","decl":{"start":{"line":35,"column":2},"end":{"line":35,"column":3}},"loc":{"start":{"line":35,"column":20},"end":{"line":56,"column":3}},"line":35},"5":{"name":"(anonymous_5)","decl":{"start":{"line":40,"column":14},"end":{"line":40,"column":15}},"loc":{"start":{"line":40,"column":26},"end":{"line":42,"column":9}},"line":40},"6":{"name":"(anonymous_6)","decl":{"start":{"line":45,"column":14},"end":{"line":45,"column":15}},"loc":{"start":{"line":45,"column":26},"end":{"line":47,"column":9}},"line":45},"7":{"name":"(anonymous_7)","decl":{"start":{"line":50,"column":14},"end":{"line":50,"column":15}},"loc":{"start":{"line":50,"column":26},"end":{"line":52,"column":9}},"line":50},"8":{"name":"(anonymous_8)","decl":{"start":{"line":58,"column":2},"end":{"line":58,"column":3}},"loc":{"start":{"line":58,"column":36},"end":{"line":65,"column":3}},"line":58},"9":{"name":"(anonymous_9)","decl":{"start":{"line":59,"column":37},"end":{"line":59,"column":38}},"loc":{"start":{"line":59,"column":56},"end":{"line":63,"column":5}},"line":59},"10":{"name":"(anonymous_10)","decl":{"start":{"line":67,"column":2},"end":{"line":67,"column":3}},"loc":{"start":{"line":67,"column":11},"end":{"line":114,"column":3}},"line":67},"11":{"name":"(anonymous_11)","decl":{"start":{"line":106,"column":77},"end":{"line":106,"column":78}},"loc":{"start":{"line":106,"column":83},"end":{"line":106,"column":116}},"line":106}},"branchMap":{"0":{"loc":{"start":{"line":22,"column":4},"end":{"line":24,"column":5}},"type":"if","locations":[{"start":{"line":22,"column":4},"end":{"line":24,"column":5}},{"start":{},"end":{}}],"line":22},"1":{"loc":{"start":{"line":38,"column":4},"end":{"line":53,"column":5}},"type":"if","locations":[{"start":{"line":38,"column":4},"end":{"line":53,"column":5}},{"start":{"line":43,"column":11},"end":{"line":53,"column":5}}],"line":38},"2":{"loc":{"start":{"line":43,"column":11},"end":{"line":53,"column":5}},"type":"if","locations":[{"start":{"line":43,"column":11},"end":{"line":53,"column":5}},{"start":{"line":48,"column":11},"end":{"line":53,"column":5}}],"line":43},"3":{"loc":{"start":{"line":48,"column":11},"end":{"line":53,"column":5}},"type":"if","locations":[{"start":{"line":48,"column":11},"end":{"line":53,"column":5}},{"start":{},"end":{}}],"line":48},"4":{"loc":{"start":{"line":60,"column":6},"end":{"line":62,"column":7}},"type":"if","locations":[{"start":{"line":60,"column":6},"end":{"line":62,"column":7}},{"start":{},"end":{}}],"line":60},"5":{"loc":{"start":{"line":71,"column":4},"end":{"line":75,"column":5}},"type":"if","locations":[{"start":{"line":71,"column":4},"end":{"line":75,"column":5}},{"start":{"line":73,"column":11},"end":{"line":75,"column":5}}],"line":71},"6":{"loc":{"start":{"line":101,"column":118},"end":{"line":101,"column":181}},"type":"cond-expr","locations":[{"start":{"line":101,"column":161},"end":{"line":101,"column":170}},{"start":{"line":101,"column":173},"end":{"line":101,"column":181}}],"line":101}},"s":{"0":1,"1":1,"2":1,"3":1,"4":1,"5":1,"6":0,"7":0,"8":0,"9":0,"10":0,"11":0,"12":0,"13":0,"14":0,"15":0,"16":0,"17":0,"18":0,"19":0,"20":1,"21":3,"22":2,"23":1,"24":1,"25":1,"26":1,"27":0,"28":1,"29":0},"f":{"0":1,"1":0,"2":0,"3":0,"4":0,"5":0,"6":0,"7":0,"8":1,"9":3,"10":1,"11":0},"b":{"0":[0,0],"1":[0,0],"2":[0,0],"3":[0,0],"4":[2,1],"5":[1,0],"6":[1,0]},"_coverageSchema":"1a1c01bbd47fc00a2c39e90264f33305004495a9","hash":"a1ca14794a2985aa5ff632c73e627cf963e95c75"}
,"/Users/eric/work/atelier-project/client/src/components/RelatedItems/StarRating.jsx": {"path":"/Users/eric/work/atelier-project/client/src/components/RelatedItems/StarRating.jsx","statementMap":{"0":{"start":{"line":12,"column":20},"end":{"line":12,"column":59}},"1":{"start":{"line":13,"column":22},"end":{"line":13,"column":24}},"2":{"start":{"line":14,"column":23},"end":{"line":14,"column":78}},"3":{"start":{"line":15,"column":10},"end":{"line":15,"column":11}},"4":{"start":{"line":17,"column":2},"end":{"line":29,"column":3}},"5":{"start":{"line":18,"column":4},"end":{"line":28,"column":5}},"6":{"start":{"line":19,"column":6},"end":{"line":19,"column":33}},"7":{"start":{"line":20,"column":11},"end":{"line":28,"column":5}},"8":{"start":{"line":21,"column":6},"end":{"line":21,"column":36}},"9":{"start":{"line":22,"column":11},"end":{"line":28,"column":5}},"10":{"start":{"line":23,"column":6},"end":{"line":23,"column":33}},"11":{"start":{"line":24,"column":11},"end":{"line":28,"column":5}},"12":{"start":{"line":25,"column":6},"end":{"line":25,"column":41}},"13":{"start":{"line":27,"column":6},"end":{"line":27,"column":34}},"14":{"start":{"line":31,"column":2},"end":{"line":36,"column":4}},"15":{"start":{"line":33,"column":63},"end":{"line":33,"column":139}},"16":{"start":{"line":34,"column":65},"end":{"line":34,"column":141}}},"fnMap":{"0":{"name":"StarRating","decl":{"start":{"line":11,"column":9},"end":{"line":11,"column":19}},"loc":{"start":{"line":11,"column":32},"end":{"line":37,"column":1}},"line":11},"1":{"name":"(anonymous_1)","decl":{"start":{"line":33,"column":42},"end":{"line":33,"column":43}},"loc":{"start":{"line":33,"column":63},"end":{"line":33,"column":139}},"line":33},"2":{"name":"(anonymous_2)","decl":{"start":{"line":34,"column":44},"end":{"line":34,"column":45}},"loc":{"start":{"line":34,"column":65},"end":{"line":34,"column":141}},"line":34}},"branchMap":{"0":{"loc":{"start":{"line":18,"column":4},"end":{"line":28,"column":5}},"type":"if","locations":[{"start":{"line":18,"column":4},"end":{"line":28,"column":5}},{"start":{"line":20,"column":11},"end":{"line":28,"column":5}}],"line":18},"1":{"loc":{"start":{"line":20,"column":11},"end":{"line":28,"column":5}},"type":"if","locations":[{"start":{"line":20,"column":11},"end":{"line":28,"column":5}},{"start":{"line":22,"column":11},"end":{"line":28,"column":5}}],"line":20},"2":{"loc":{"start":{"line":22,"column":11},"end":{"line":28,"column":5}},"type":"if","locations":[{"start":{"line":22,"column":11},"end":{"line":28,"column":5}},{"start":{"line":24,"column":11},"end":{"line":28,"column":5}}],"line":22},"3":{"loc":{"start":{"line":24,"column":11},"end":{"line":28,"column":5}},"type":"if","locations":[{"start":{"line":24,"column":11},"end":{"line":28,"column":5}},{"start":{"line":26,"column":11},"end":{"line":28,"column":5}}],"line":24},"4":{"loc":{"start":{"line":33,"column":7},"end":{"line":33,"column":140}},"type":"binary-expr","locations":[{"start":{"line":33,"column":7},"end":{"line":33,"column":22}},{"start":{"line":33,"column":26},"end":{"line":33,"column":140}}],"line":33},"5":{"loc":{"start":{"line":34,"column":7},"end":{"line":34,"column":142}},"type":"binary-expr","locations":[{"start":{"line":34,"column":7},"end":{"line":34,"column":23}},{"start":{"line":34,"column":27},"end":{"line":34,"column":142}}],"line":34}},"s":{"0":6,"1":6,"2":6,"3":6,"4":6,"5":30,"6":18,"7":12,"8":1,"9":11,"10":0,"11":11,"12":0,"13":11,"14":6,"15":30,"16":0},"f":{"0":6,"1":30,"2":0},"b":{"0":[18,12],"1":[1,11],"2":[0,11],"3":[0,11],"4":[6,6],"5":[6,0]},"_coverageSchema":"1a1c01bbd47fc00a2c39e90264f33305004495a9","hash":"c40a64f1f4fcd7d47e35be5290faee1788e09fed"}
}
