TN:
SF:client/spec/sum.js
FN:1,sum
FNF:1
FNH:1
FNDA:1,sum
DA:2,1
DA:5,1
LF:2
LH:2
BRF:0
BRH:0
end_of_record
TN:
SF:client/src/utilities.js
FN:2,(anonymous_0)
FN:4,(anonymous_1)
FN:6,(anonymous_2)
FN:9,(anonymous_3)
FN:11,(anonymous_4)
FN:13,(anonymous_5)
FN:15,(anonymous_6)
FNF:7
FNH:7
FNDA:3,(anonymous_0)
FNDA:15,(anonymous_1)
FNDA:15,(anonymous_2)
FNDA:3,(anonymous_3)
FNDA:15,(anonymous_4)
FNDA:2,(anonymous_5)
FNDA:22,(anonymous_6)
DA:1,1
DA:3,3
DA:4,15
DA:5,3
DA:6,15
DA:7,3
DA:10,3
DA:11,15
DA:14,2
DA:15,2
DA:16,22
DA:17,22
DA:20,2
LF:13
LH:13
BRDA:16,0,0,22
BRDA:16,0,1,0
BRF:2
BRH:1
end_of_record
TN:
SF:client/src/components/ProductOverview/AddToCart.jsx
FN:10,(anonymous_0)
FN:30,(anonymous_1)
FN:33,(anonymous_2)
FN:52,(anonymous_3)
FN:59,(anonymous_4)
FN:80,(anonymous_5)
FN:85,(anonymous_6)
FN:95,(anonymous_7)
FN:111,(anonymous_8)
FN:115,(anonymous_9)
FN:121,(anonymous_10)
FNF:11
FNH:4
FNDA:1,(anonymous_0)
FNDA:0,(anonymous_1)
FNDA:0,(anonymous_2)
FNDA:0,(anonymous_3)
FNDA:0,(anonymous_4)
FNDA:0,(anonymous_5)
FNDA:0,(anonymous_6)
FNDA:1,(anonymous_7)
FNDA:11,(anonymous_8)
FNDA:0,(anonymous_9)
FNDA:1,(anonymous_10)
DA:11,1
DA:12,1
DA:22,1
DA:23,1
DA:25,1
DA:26,1
DA:27,1
DA:31,0
DA:33,0
DA:34,0
DA:35,0
DA:37,0
DA:38,0
DA:39,0
DA:42,0
DA:53,0
DA:60,0
DA:61,0
DA:62,0
DA:63,0
DA:64,0
DA:68,0
DA:69,0
DA:70,0
DA:71,0
DA:76,0
DA:77,0
DA:81,0
DA:82,0
DA:85,0
DA:86,0
DA:103,1
DA:109,1
DA:111,11
DA:114,1
DA:115,0
DA:116,0
DA:118,1
DA:119,1
DA:121,1
DA:122,1
DA:123,0
DA:140,1
LF:43
LH:16
BRDA:34,0,0,0
BRDA:34,0,1,0
BRDA:38,1,0,0
BRDA:38,1,1,0
BRDA:61,2,0,0
BRDA:61,2,1,0
BRDA:62,3,0,0
BRDA:62,3,1,0
BRDA:68,4,0,0
BRDA:68,4,1,0
BRDA:68,5,0,0
BRDA:68,5,1,0
BRDA:69,6,0,0
BRDA:69,6,1,0
BRDA:76,7,0,0
BRDA:76,7,1,0
BRDA:81,8,0,0
BRDA:81,8,1,0
BRDA:81,9,0,0
BRDA:81,9,1,0
BRDA:114,10,0,0
BRDA:114,10,1,1
BRDA:122,11,0,0
BRDA:122,11,1,1
BRF:24
BRH:2
end_of_record
TN:
SF:client/src/components/ProductOverview/CartModal.jsx
FN:4,CartModal
FNF:1
FNH:1
FNDA:1,CartModal
DA:5,1
DA:6,1
DA:8,0
LF:3
LH:2
BRDA:5,0,0,1
BRDA:5,0,1,0
BRF:2
BRH:1
end_of_record
TN:
SF:client/src/components/ProductOverview/Gallery.jsx
FN:9,(anonymous_0)
FN:18,(anonymous_1)
FN:27,(anonymous_2)
FN:69,(anonymous_3)
FNF:4
FNH:2
FNDA:4,(anonymous_0)
FNDA:0,(anonymous_1)
FNDA:4,(anonymous_2)
FNDA:0,(anonymous_3)
DA:10,4
DA:11,4
DA:15,4
DA:19,0
DA:20,0
DA:21,0
DA:31,4
DA:47,4
DA:48,4
DA:49,4
DA:50,0
DA:51,0
DA:52,0
DA:53,0
DA:54,0
DA:55,0
DA:56,0
DA:57,0
DA:58,0
DA:59,0
DA:60,0
DA:61,0
DA:63,0
LF:23
LH:7
BRDA:49,0,0,4
BRDA:49,0,1,0
BRDA:58,1,0,0
BRDA:58,1,1,0
BRDA:59,2,0,0
BRDA:59,2,1,0
BRDA:69,3,0,0
BRDA:69,3,1,0
BRDA:71,4,0,0
BRDA:71,4,1,0
BRDA:72,5,0,0
BRDA:72,5,1,0
BRDA:73,6,0,0
BRDA:73,6,1,0
BRDA:74,7,0,0
BRDA:74,7,1,0
BRDA:76,8,0,0
BRDA:76,8,1,0
BRDA:78,9,0,0
BRDA:78,9,1,0
BRDA:81,10,0,0
BRDA:81,10,1,0
BRDA:82,11,0,0
BRDA:82,11,1,0
BRDA:88,12,0,0
BRDA:88,12,1,0
BRDA:103,13,0,0
BRDA:103,13,1,0
BRDA:108,14,0,0
BRDA:108,14,1,0
BRDA:118,15,0,0
BRDA:118,15,1,0
BRF:32
BRH:1
end_of_record
TN:
SF:client/src/components/ProductOverview/OverviewIndex.jsx
FN:13,(anonymous_0)
FN:26,(anonymous_1)
FN:35,(anonymous_2)
FN:41,(anonymous_3)
FN:49,(anonymous_4)
FN:55,(anonymous_5)
FN:61,(anonymous_6)
FNF:7
FNH:2
FNDA:4,(anonymous_0)
FNDA:0,(anonymous_1)
FNDA:0,(anonymous_2)
FNDA:0,(anonymous_3)
FNDA:0,(anonymous_4)
FNDA:0,(anonymous_5)
FNDA:4,(anonymous_6)
DA:14,4
DA:15,4
DA:20,4
DA:21,4
DA:22,4
DA:23,4
DA:27,0
DA:28,0
DA:29,0
DA:30,0
DA:34,0
DA:35,0
DA:42,0
DA:43,0
DA:50,0
DA:56,0
DA:66,4
DA:83,4
DA:84,4
DA:85,0
DA:86,0
DA:87,0
DA:88,0
DA:89,0
LF:24
LH:9
BRDA:29,0,0,0
BRDA:29,0,1,0
BRDA:34,1,0,0
BRDA:34,1,1,0
BRDA:108,2,0,0
BRDA:108,2,1,0
BRF:6
BRH:0
end_of_record
TN:
SF:client/src/components/ProductOverview/ProductDescription.jsx
FN:7,ProductDescription
FN:16,(anonymous_1)
FNF:2
FNH:2
FNDA:1,ProductDescription
FNDA:4,(anonymous_1)
DA:8,1
DA:9,1
DA:17,4
DA:18,0
DA:20,4
LF:5
LH:4
BRDA:17,0,0,0
BRDA:17,0,1,4
BRDA:17,1,0,4
BRDA:17,1,1,4
BRDA:21,2,0,4
BRDA:21,2,1,4
BRF:6
BRH:5
end_of_record
TN:
SF:client/src/components/ProductOverview/ProductInfo.jsx
FN:7,ProductInfo
FNF:1
FNH:1
FNDA:1,ProductInfo
DA:10,1
DA:11,1
DA:17,1
DA:18,1
DA:34,0
LF:5
LH:4
BRDA:11,0,0,0
BRDA:11,0,1,1
BRDA:17,1,0,1
BRDA:17,1,1,0
BRF:4
BRH:2
end_of_record
TN:
SF:client/src/components/ProductOverview/StarButton.jsx
FN:4,StarButton
FNF:1
FNH:1
FNDA:1,StarButton
DA:5,1
DA:6,0
DA:8,1
LF:3
LH:2
BRDA:5,0,0,0
BRDA:5,0,1,1
BRF:2
BRH:1
end_of_record
TN:
SF:client/src/components/ProductOverview/StyleIcon.jsx
FN:7,StyleIcon
FNF:1
FNH:1
FNDA:1,StyleIcon
DA:8,1
DA:9,1
LF:2
LH:2
BRDA:18,0,0,1
BRDA:18,0,1,0
BRDA:23,1,0,1
BRDA:23,1,1,0
BRDA:25,2,0,1
BRDA:25,2,1,0
BRDA:29,3,0,1
BRDA:29,3,1,0
BRDA:31,4,0,1
BRDA:31,4,1,1
BRF:10
BRH:6
end_of_record
TN:
SF:client/src/components/ProductOverview/StyleSelector.jsx
FN:6,StyleSelector
FN:25,(anonymous_1)
FN:27,(anonymous_2)
FNF:3
FNH:3
FNDA:1,StyleSelector
FNDA:1,(anonymous_1)
FNDA:1,(anonymous_2)
DA:7,1
DA:8,1
DA:9,1
DA:10,1
DA:11,1
DA:12,1
DA:13,1
DA:14,1
DA:15,0
DA:16,0
DA:18,1
DA:19,1
DA:22,1
DA:26,1
DA:28,1
LF:15
LH:13
BRDA:14,0,0,0
BRDA:14,0,1,1
BRDA:18,1,0,1
BRDA:18,1,1,0
BRDA:18,2,0,1
BRDA:18,2,1,1
BRF:6
BRH:4
end_of_record
TN:
SF:client/src/components/ProductOverview/ThumbnailCarousel.jsx
FN:7,ThumbnailCarousel
FN:26,(anonymous_1)
FNF:2
FNH:0
FNDA:0,ThumbnailCarousel
FNDA:0,(anonymous_1)
DA:18,0
DA:19,0
DA:20,0
DA:27,0
LF:4
LH:0
BRDA:24,0,0,0
BRDA:24,0,1,0
BRDA:33,1,0,0
BRDA:33,1,1,0
BRDA:38,2,0,0
BRDA:38,2,1,0
BRDA:40,3,0,0
BRDA:40,3,1,0
BRDA:44,4,0,0
BRDA:44,4,1,0
BRDA:45,5,0,0
BRDA:45,5,1,0
BRDA:53,6,0,0
BRDA:53,6,1,0
BRF:14
BRH:0
end_of_record
TN:
SF:client/src/components/QuestionsAndAnswers/AnswerItem.jsx
FN:25,AnswerItem
FN:34,(anonymous_1)
FN:51,(anonymous_2)
FN:55,(anonymous_3)
FNF:4
FNH:2
FNDA:3,AnswerItem
FNDA:24,(anonymous_1)
FNDA:0,(anonymous_2)
FNDA:0,(anonymous_3)
DA:29,3
DA:31,2
DA:35,24
DA:36,24
DA:37,20
DA:39,4
DA:51,0
DA:55,0
DA:65,1
LF:9
LH:7
BRDA:36,0,0,20
BRDA:36,0,1,4
BRDA:36,1,0,24
BRDA:36,1,1,24
BRF:4
BRH:4
end_of_record
TN:
SF:client/src/components/QuestionsAndAnswers/AnswerModal.jsx
FN:6,(anonymous_0)
FN:30,(anonymous_1)
FN:102,(anonymous_2)
FN:110,(anonymous_3)
FN:112,(anonymous_4)
FNF:5
FNH:2
FNDA:2,(anonymous_0)
FNDA:2,(anonymous_1)
FNDA:0,(anonymous_2)
FNDA:0,(anonymous_3)
FNDA:0,(anonymous_4)
DA:7,2
DA:17,2
DA:19,2
DA:39,2
DA:46,2
DA:48,2
DA:49,2
DA:52,0
DA:103,0
DA:105,0
DA:111,0
DA:113,0
DA:115,0
DA:116,0
DA:128,1
LF:15
LH:8
BRDA:48,0,0,2
BRDA:48,0,1,0
BRF:2
BRH:1
end_of_record
TN:
SF:client/src/components/QuestionsAndAnswers/QandASearch.jsx
FN:4,QandASearch
FNF:1
FNH:1
FNDA:1,QandASearch
DA:8,1
DA:10,1
DA:17,1
LF:3
LH:3
BRF:0
BRH:0
end_of_record
TN:
SF:client/src/components/QuestionsAndAnswers/QuestionItem.jsx
FN:9,(anonymous_0)
FN:36,(anonymous_1)
FN:41,(anonymous_2)
FN:46,(anonymous_3)
FN:71,(anonymous_4)
FN:72,(anonymous_5)
FNF:6
FNH:2
FNDA:2,(anonymous_0)
FNDA:0,(anonymous_1)
FNDA:0,(anonymous_2)
FNDA:2,(anonymous_3)
FNDA:0,(anonymous_4)
FNDA:0,(anonymous_5)
DA:10,2
DA:19,2
DA:21,2
DA:32,2
DA:33,2
DA:37,0
DA:38,0
DA:42,0
DA:43,0
DA:56,2
DA:62,2
DA:64,2
DA:71,0
DA:72,0
DA:100,1
LF:15
LH:9
BRF:0
BRH:0
end_of_record
TN:
SF:client/src/components/QuestionsAndAnswers/QuestionModal.jsx
FN:5,QuestionModal
FN:73,(anonymous_1)
FN:79,(anonymous_2)
FN:81,(anonymous_3)
FNF:4
FNH:1
FNDA:2,QuestionModal
FNDA:0,(anonymous_1)
FNDA:0,(anonymous_2)
FNDA:0,(anonymous_3)
DA:17,2
DA:19,1
DA:20,1
DA:23,0
DA:74,0
DA:80,0
DA:82,0
DA:85,0
DA:86,0
DA:97,1
LF:10
LH:4
BRDA:19,0,0,1
BRDA:19,0,1,0
BRF:2
BRH:1
end_of_record
TN:
SF:client/src/components/QuestionsAndAnswers/QuestionsAndAnswers.jsx
FN:13,(anonymous_0)
FN:39,(anonymous_1)
FN:51,(anonymous_2)
FN:56,(anonymous_3)
FN:61,(anonymous_4)
FN:66,(anonymous_5)
FN:79,(anonymous_6)
FN:83,(anonymous_7)
FN:87,(anonymous_8)
FN:91,(anonymous_9)
FN:113,(anonymous_10)
FN:149,(anonymous_11)
FN:162,(anonymous_12)
FNF:13
FNH:3
FNDA:1,(anonymous_0)
FNDA:0,(anonymous_1)
FNDA:0,(anonymous_2)
FNDA:0,(anonymous_3)
FNDA:0,(anonymous_4)
FNDA:0,(anonymous_5)
FNDA:0,(anonymous_6)
FNDA:0,(anonymous_7)
FNDA:0,(anonymous_8)
FNDA:1,(anonymous_9)
FNDA:2,(anonymous_10)
FNDA:0,(anonymous_11)
FNDA:0,(anonymous_12)
DA:14,1
DA:18,1
DA:20,1
DA:31,1
DA:32,1
DA:33,1
DA:34,1
DA:35,1
DA:36,1
DA:40,0
DA:41,0
DA:43,0
DA:44,0
DA:52,0
DA:53,0
DA:57,0
DA:58,0
DA:62,0
DA:63,0
DA:64,0
DA:65,0
DA:66,0
DA:67,0
DA:68,0
DA:71,0
DA:72,0
DA:80,0
DA:84,0
DA:88,0
DA:100,1
DA:104,1
DA:106,1
DA:114,2
DA:115,0
DA:118,2
DA:150,0
DA:162,0
DA:170,1
LF:38
LH:15
BRDA:43,0,0,0
BRDA:43,0,1,0
BRDA:43,1,0,0
BRDA:43,1,1,0
BRDA:64,2,0,0
BRDA:64,2,1,0
BRDA:67,3,0,0
BRDA:67,3,1,0
BRDA:114,4,0,0
BRDA:114,4,1,2
BRDA:114,5,0,2
BRDA:114,5,1,2
BRDA:160,6,0,0
BRDA:160,6,1,1
BRF:14
BRH:4
end_of_record
TN:
SF:client/src/components/RatingsAndReviews/ImageModal.jsx
FN:3,ImageModal
FN:4,(anonymous_1)
FNF:2
FNH:0
FNDA:0,ImageModal
FNDA:0,(anonymous_1)
DA:4,0
DA:5,0
DA:6,0
DA:10,0
LF:4
LH:0
BRDA:5,0,0,0
BRDA:5,0,1,0
BRF:2
BRH:0
end_of_record
TN:
SF:client/src/components/RatingsAndReviews/ModalStarRating.jsx
FN:5,(anonymous_0)
FN:13,(anonymous_1)
FN:18,(anonymous_2)
FN:37,(anonymous_3)
FN:46,(anonymous_4)
FNF:5
FNH:0
FNDA:0,(anonymous_0)
FNDA:0,(anonymous_1)
FNDA:0,(anonymous_2)
FNDA:0,(anonymous_3)
FNDA:0,(anonymous_4)
DA:6,0
DA:7,0
DA:10,0
DA:14,0
DA:15,0
DA:19,0
DA:21,0
DA:22,0
DA:23,0
DA:24,0
DA:25,0
DA:26,0
DA:27,0
DA:28,0
DA:29,0
DA:30,0
DA:33,0
DA:38,0
DA:40,0
DA:46,0
LF:20
LH:0
BRDA:21,0,0,0
BRDA:21,0,1,0
BRDA:23,1,0,0
BRDA:23,1,1,0
BRDA:25,2,0,0
BRDA:25,2,1,0
BRDA:27,3,0,0
BRDA:27,3,1,0
BRDA:29,4,0,0
BRDA:29,4,1,0
BRDA:51,5,0,0
BRDA:51,5,1,0
BRF:12
BRH:0
end_of_record
TN:
SF:client/src/components/RatingsAndReviews/ProductBreakdown.jsx
FN:5,ProductBreakdown
FN:6,(anonymous_1)
FN:32,(anonymous_2)
FNF:3
FNH:1
FNDA:5,ProductBreakdown
FNDA:0,(anonymous_1)
FNDA:0,(anonymous_2)
DA:6,5
DA:7,0
DA:8,0
DA:9,0
DA:11,0
DA:12,0
DA:14,0
DA:15,0
DA:17,0
DA:18,0
DA:20,0
DA:21,0
DA:23,0
DA:24,0
DA:26,0
DA:29,5
DA:33,0
DA:34,0
DA:35,0
DA:36,0
DA:37,0
DA:38,0
LF:22
LH:2
BRDA:8,0,0,0
BRDA:8,0,1,0
BRDA:11,1,0,0
BRDA:11,1,1,0
BRDA:14,2,0,0
BRDA:14,2,1,0
BRDA:17,3,0,0
BRDA:17,3,1,0
BRDA:20,4,0,0
BRDA:20,4,1,0
BRDA:23,5,0,0
BRDA:23,5,1,0
BRF:12
BRH:0
end_of_record
TN:
SF:client/src/components/RatingsAndReviews/RatingAndReview.jsx
FN:12,(anonymous_0)
FN:23,(anonymous_1)
FN:27,(anonymous_2)
FN:38,(anonymous_3)
FN:45,(anonymous_4)
FN:50,(anonymous_5)
FN:55,(anonymous_6)
FN:62,(anonymous_7)
FNF:8
FNH:0
FNDA:0,(anonymous_0)
FNDA:0,(anonymous_1)
FNDA:0,(anonymous_2)
FNDA:0,(anonymous_3)
FNDA:0,(anonymous_4)
FNDA:0,(anonymous_5)
FNDA:0,(anonymous_6)
FNDA:0,(anonymous_7)
DA:13,0
DA:14,0
DA:18,0
DA:19,0
DA:20,0
DA:24,0
DA:28,0
DA:30,0
DA:31,0
DA:32,0
DA:33,0
DA:35,0
DA:38,0
DA:39,0
DA:41,0
DA:42,0
DA:43,0
DA:45,0
DA:51,0
DA:53,0
DA:54,0
DA:55,0
DA:56,0
DA:59,0
DA:63,0
DA:64,0
DA:65,0
DA:67,0
DA:69,0
LF:29
LH:0
BRDA:30,0,0,0
BRDA:30,0,1,0
BRDA:32,1,0,0
BRDA:32,1,1,0
BRDA:54,2,0,0
BRDA:54,2,1,0
BRDA:64,3,0,0
BRDA:64,3,1,0
BRDA:92,4,0,0
BRDA:92,4,1,0
BRF:10
BRH:0
end_of_record
TN:
SF:client/src/components/RatingsAndReviews/RatingBreakdown.jsx
FN:7,(anonymous_0)
FN:21,(anonymous_1)
FN:22,(anonymous_2)
FN:26,(anonymous_3)
FN:28,(anonymous_4)
FN:30,(anonymous_5)
FN:34,(anonymous_6)
FN:41,(anonymous_7)
FN:44,(anonymous_8)
FN:48,(anonymous_9)
FN:54,(anonymous_10)
FNF:11
FNH:2
FNDA:4,(anonymous_0)
FNDA:0,(anonymous_1)
FNDA:0,(anonymous_2)
FNDA:0,(anonymous_3)
FNDA:0,(anonymous_4)
FNDA:0,(anonymous_5)
FNDA:0,(anonymous_6)
FNDA:0,(anonymous_7)
FNDA:4,(anonymous_8)
FNDA:0,(anonymous_9)
FNDA:0,(anonymous_10)
DA:8,4
DA:9,4
DA:16,4
DA:17,4
DA:18,4
DA:22,0
DA:23,0
DA:27,0
DA:28,0
DA:29,0
DA:30,0
DA:35,0
DA:41,0
DA:45,4
DA:46,0
DA:48,0
DA:51,0
DA:52,0
DA:54,0
DA:59,0
LF:20
LH:6
BRDA:27,0,0,0
BRDA:27,0,1,0
BRDA:29,1,0,0
BRDA:29,1,1,0
BRDA:45,2,0,0
BRDA:45,2,1,0
BRDA:51,3,0,0
BRDA:51,3,1,0
BRF:8
BRH:0
end_of_record
TN:
SF:client/src/components/RatingsAndReviews/ReviewModal.jsx
FN:8,(anonymous_0)
FN:28,(anonymous_1)
FN:54,(anonymous_2)
FN:60,(anonymous_3)
FN:64,(anonymous_4)
FN:68,(anonymous_5)
FN:76,(anonymous_6)
FN:80,(anonymous_7)
FN:88,(anonymous_8)
FN:95,(anonymous_9)
FN:106,(anonymous_10)
FN:152,(anonymous_11)
FN:317,(anonymous_12)
FNF:13
FNH:0
FNDA:0,(anonymous_0)
FNDA:0,(anonymous_1)
FNDA:0,(anonymous_2)
FNDA:0,(anonymous_3)
FNDA:0,(anonymous_4)
FNDA:0,(anonymous_5)
FNDA:0,(anonymous_6)
FNDA:0,(anonymous_7)
FNDA:0,(anonymous_8)
FNDA:0,(anonymous_9)
FNDA:0,(anonymous_10)
FNDA:0,(anonymous_11)
FNDA:0,(anonymous_12)
DA:9,0
DA:10,0
DA:21,0
DA:22,0
DA:23,0
DA:24,0
DA:25,0
DA:29,0
DA:39,0
DA:41,0
DA:53,0
DA:55,0
DA:57,0
DA:61,0
DA:65,0
DA:66,0
DA:67,0
DA:68,0
DA:77,0
DA:81,0
DA:82,0
DA:83,0
DA:84,0
DA:85,0
DA:87,0
DA:89,0
DA:90,0
DA:91,0
DA:96,0
DA:97,0
DA:98,0
DA:99,0
DA:102,0
DA:106,0
DA:153,0
DA:154,0
DA:176,0
DA:177,0
DA:199,0
DA:200,0
DA:222,0
DA:223,0
DA:245,0
DA:246,0
DA:268,0
DA:269,0
DA:317,0
LF:47
LH:0
BRDA:98,0,0,0
BRDA:98,0,1,0
BRDA:153,1,0,0
BRDA:153,1,1,0
BRDA:176,2,0,0
BRDA:176,2,1,0
BRDA:199,3,0,0
BRDA:199,3,1,0
BRDA:222,4,0,0
BRDA:222,4,1,0
BRDA:245,5,0,0
BRDA:245,5,1,0
BRDA:268,6,0,0
BRDA:268,6,1,0
BRF:14
BRH:0
end_of_record
TN:
SF:client/src/components/RatingsAndReviews/ReviewTile.jsx
FN:12,(anonymous_0)
FN:24,(anonymous_1)
FN:28,(anonymous_2)
FN:33,(anonymous_3)
FN:39,(anonymous_4)
FN:43,(anonymous_5)
FN:49,(anonymous_6)
FN:64,(anonymous_7)
FN:68,(anonymous_8)
FN:82,(anonymous_9)
FNF:10
FNH:3
FNDA:5,(anonymous_0)
FNDA:0,(anonymous_1)
FNDA:0,(anonymous_2)
FNDA:0,(anonymous_3)
FNDA:0,(anonymous_4)
FNDA:0,(anonymous_5)
FNDA:5,(anonymous_6)
FNDA:6,(anonymous_7)
FNDA:0,(anonymous_8)
FNDA:0,(anonymous_9)
DA:13,5
DA:14,5
DA:19,5
DA:20,5
DA:21,5
DA:25,0
DA:26,0
DA:27,0
DA:29,0
DA:31,0
DA:32,0
DA:34,0
DA:40,0
DA:44,0
DA:45,0
DA:46,0
DA:50,5
DA:54,5
DA:55,3
DA:62,5
DA:63,5
DA:65,6
DA:68,0
DA:74,5
DA:75,0
DA:82,0
DA:91,5
DA:100,5
LF:28
LH:14
BRDA:26,0,0,0
BRDA:26,0,1,0
BRDA:31,1,0,0
BRDA:31,1,1,0
BRDA:46,2,0,0
BRDA:46,2,1,0
BRDA:54,3,0,3
BRDA:54,3,1,2
BRDA:62,4,0,5
BRDA:62,4,1,0
BRDA:74,5,0,0
BRDA:74,5,1,5
BRDA:83,6,0,0
BRDA:83,6,1,0
BRDA:129,7,0,5
BRDA:129,7,1,5
BRDA:137,8,0,5
BRDA:137,8,1,0
BRDA:143,9,0,5
BRDA:143,9,1,0
BRF:20
BRH:8
end_of_record
TN:
SF:client/src/components/RatingsAndReviews/ReviewsList.jsx
FN:7,(anonymous_0)
FN:14,(anonymous_1)
FN:18,(anonymous_2)
FNF:3
FNH:3
FNDA:2,(anonymous_0)
FNDA:2,(anonymous_1)
FNDA:5,(anonymous_2)
DA:8,2
DA:9,2
DA:15,2
DA:19,5
LF:4
LH:4
BRF:0
BRH:0
end_of_record
TN:
SF:client/src/components/RatingsAndReviews/SortReviews.jsx
FN:8,(anonymous_0)
FN:21,(anonymous_1)
FN:27,(anonymous_2)
FN:31,(anonymous_3)
FN:35,(anonymous_4)
FN:40,(anonymous_5)
FN:45,(anonymous_6)
FN:50,(anonymous_7)
FN:58,(anonymous_8)
FN:59,(anonymous_9)
FN:67,(anonymous_10)
FN:106,(anonymous_11)
FNF:12
FNH:4
FNDA:1,(anonymous_0)
FNDA:0,(anonymous_1)
FNDA:0,(anonymous_2)
FNDA:0,(anonymous_3)
FNDA:0,(anonymous_4)
FNDA:0,(anonymous_5)
FNDA:0,(anonymous_6)
FNDA:0,(anonymous_7)
FNDA:1,(anonymous_8)
FNDA:3,(anonymous_9)
FNDA:1,(anonymous_10)
FNDA:0,(anonymous_11)
DA:9,1
DA:10,1
DA:15,1
DA:16,1
DA:17,1
DA:18,1
DA:22,0
DA:23,0
DA:28,0
DA:32,0
DA:38,0
DA:39,0
DA:41,0
DA:43,0
DA:44,0
DA:46,0
DA:48,0
DA:49,0
DA:51,0
DA:55,0
DA:59,1
DA:60,3
DA:61,2
DA:64,1
DA:68,1
DA:71,1
DA:72,1
DA:74,0
DA:77,1
DA:106,0
LF:30
LH:14
BRDA:22,0,0,0
BRDA:22,0,1,0
BRDA:38,1,0,0
BRDA:38,1,1,0
BRDA:43,2,0,0
BRDA:43,2,1,0
BRDA:48,3,0,0
BRDA:48,3,1,0
BRDA:60,4,0,2
BRDA:60,4,1,1
BRDA:71,5,0,1
BRDA:71,5,1,0
BRDA:101,6,0,1
BRDA:101,6,1,0
BRF:14
BRH:4
end_of_record
TN:
SF:client/src/components/RelatedItems/StarRating.jsx
FN:11,StarRating
FN:33,(anonymous_1)
FN:34,(anonymous_2)
FNF:3
FNH:2
FNDA:6,StarRating
FNDA:30,(anonymous_1)
FNDA:0,(anonymous_2)
DA:12,6
DA:13,6
DA:14,6
DA:15,6
DA:17,6
DA:18,30
DA:19,18
DA:20,12
DA:21,1
DA:22,11
DA:23,0
DA:24,11
DA:25,0
DA:27,11
DA:31,6
DA:33,30
DA:34,0
LF:17
LH:14
BRDA:18,0,0,18
BRDA:18,0,1,12
BRDA:20,1,0,1
BRDA:20,1,1,11
BRDA:22,2,0,0
BRDA:22,2,1,11
BRDA:24,3,0,0
BRDA:24,3,1,11
BRDA:33,4,0,6
BRDA:33,4,1,6
BRDA:34,5,0,6
BRDA:34,5,1,0
BRF:12
BRH:9
end_of_record
