TN:
SF:client/spec/sum.js
FN:1,sum
FNF:1
FNH:1
FNDA:1,sum
DA:2,1
DA:5,1
LF:2
LH:2
BRF:0
BRH:0
end_of_record
TN:
SF:client/src/utilities.js
FN:2,(anonymous_0)
FN:4,(anonymous_1)
FN:6,(anonymous_2)
FN:9,(anonymous_3)
FN:11,(anonymous_4)
FN:13,(anonymous_5)
FN:15,(anonymous_6)
FNF:7
FNH:0
FNDA:0,(anonymous_0)
FNDA:0,(anonymous_1)
FNDA:0,(anonymous_2)
FNDA:0,(anonymous_3)
FNDA:0,(anonymous_4)
FNDA:0,(anonymous_5)
FNDA:0,(anonymous_6)
DA:1,1
DA:3,0
DA:4,0
DA:5,0
DA:6,0
DA:7,0
DA:10,0
DA:11,0
DA:14,0
DA:15,0
DA:16,0
DA:17,0
DA:20,0
LF:13
LH:1
BRDA:16,0,0,0
BRDA:16,0,1,0
BRF:2
BRH:0
end_of_record
TN:
SF:client/src/components/OutfitList/AddOutfit.jsx
FN:4,AddOutfit
FNF:1
FNH:1
FNDA:2,AddOutfit
DA:5,2
LF:1
LH:1
BRF:0
BRH:0
end_of_record
TN:
SF:client/src/components/OutfitList/OutfitCard.jsx
FN:6,OutfitCard
FN:7,(anonymous_1)
FNF:2
FNH:2
FNDA:1,OutfitCard
FNDA:1,(anonymous_1)
DA:7,1
DA:9,1
DA:12,1
DA:14,1
DA:17,1
DA:19,1
DA:20,0
DA:28,1
LF:8
LH:7
BRDA:9,0,0,1
BRDA:9,0,1,0
BRDA:14,1,0,1
BRDA:14,1,1,0
BRDA:19,2,0,0
BRDA:19,2,1,1
BRDA:35,3,0,1
BRDA:35,3,1,0
BRF:8
BRH:4
end_of_record
TN:
SF:client/src/components/OutfitList/OutfitList.jsx
FN:9,(anonymous_0)
FN:20,(anonymous_1)
FN:24,(anonymous_2)
FN:25,(anonymous_3)
FN:31,(anonymous_4)
FN:32,(anonymous_5)
FN:38,(anonymous_6)
FN:64,(anonymous_7)
FN:68,(anonymous_8)
FN:80,(anonymous_9)
FN:104,(anonymous_10)
FN:116,(anonymous_11)
FNF:12
FNH:6
FNDA:1,(anonymous_0)
FNDA:1,(anonymous_1)
FNDA:0,(anonymous_2)
FNDA:0,(anonymous_3)
FNDA:0,(anonymous_4)
FNDA:0,(anonymous_5)
FNDA:1,(anonymous_6)
FNDA:0,(anonymous_7)
FNDA:2,(anonymous_8)
FNDA:2,(anonymous_9)
FNDA:0,(anonymous_10)
FNDA:6,(anonymous_11)
DA:10,1
DA:11,1
DA:16,1
DA:17,1
DA:21,1
DA:25,0
DA:32,0
DA:39,1
DA:40,1
DA:42,1
DA:43,0
DA:48,1
DA:49,0
DA:54,0
DA:56,1
DA:61,1
DA:63,1
DA:64,1
DA:69,2
DA:70,2
DA:71,2
DA:72,2
DA:73,2
DA:74,6
DA:75,6
DA:77,2
DA:81,2
DA:84,2
DA:85,2
DA:105,0
DA:106,0
DA:116,6
LF:32
LH:25
BRDA:42,0,0,0
BRDA:42,0,1,1
BRDA:48,1,0,0
BRDA:48,1,1,1
BRDA:90,2,0,2
BRDA:90,2,1,0
BRDA:95,3,0,2
BRDA:95,3,1,2
BRDA:105,4,0,0
BRDA:105,4,1,0
BRDA:105,5,0,0
BRDA:105,5,1,0
BRDA:117,6,0,2
BRDA:117,6,1,0
BRDA:122,7,0,2
BRDA:122,7,1,0
BRDA:122,7,2,2
BRF:17
BRH:8
end_of_record
TN:
SF:client/src/components/OutfitList/Placeholder.jsx
FN:4,Placeholder
FNF:1
FNH:1
FNDA:6,Placeholder
DA:5,6
LF:1
LH:1
BRF:0
BRH:0
end_of_record
TN:
SF:client/src/components/RelatedItems/CompareModal.jsx
FN:5,CompareModal
FN:13,(anonymous_1)
FN:18,(anonymous_2)
FN:26,(anonymous_3)
FNF:4
FNH:1
FNDA:4,CompareModal
FNDA:0,(anonymous_1)
FNDA:0,(anonymous_2)
FNDA:0,(anonymous_3)
DA:8,4
DA:9,4
DA:13,0
DA:14,0
DA:15,0
DA:18,0
DA:19,0
DA:20,0
DA:24,0
DA:26,0
DA:27,0
DA:28,0
DA:30,0
DA:31,0
DA:33,0
DA:42,0
LF:16
LH:2
BRDA:8,0,0,4
BRDA:8,0,1,0
BRDA:27,1,0,0
BRDA:27,1,1,0
BRDA:30,2,0,0
BRDA:30,2,1,0
BRDA:35,3,0,0
BRDA:35,3,1,0
BRDA:37,4,0,0
BRDA:37,4,1,0
BRF:10
BRH:1
end_of_record
TN:
SF:client/src/components/RelatedItems/ProductCard.jsx
FN:9,ProductCard
FN:10,(anonymous_1)
FN:38,(anonymous_2)
FN:51,(anonymous_3)
FN:54,(anonymous_4)
FN:55,(anonymous_5)
FNF:6
FNH:2
FNDA:1,ProductCard
FNDA:1,(anonymous_1)
FNDA:0,(anonymous_2)
FNDA:0,(anonymous_3)
FNDA:0,(anonymous_4)
FNDA:0,(anonymous_5)
DA:10,1
DA:12,1
DA:15,1
DA:17,1
DA:19,1
DA:24,1
DA:27,1
DA:29,1
DA:30,0
DA:38,1
DA:39,0
DA:40,0
DA:41,0
DA:42,0
DA:45,1
DA:51,0
DA:54,0
DA:55,0
LF:18
LH:10
BRDA:12,0,0,1
BRDA:12,0,1,0
BRDA:15,1,0,1
BRDA:15,1,1,1
BRDA:24,2,0,1
BRDA:24,2,1,0
BRDA:29,3,0,0
BRDA:29,3,1,1
BRDA:62,4,0,1
BRDA:62,4,1,0
BRDA:64,5,0,1
BRDA:64,5,1,0
BRF:12
BRH:7
end_of_record
TN:
SF:client/src/components/RelatedItems/RelatedProducts.jsx
FN:12,(anonymous_0)
FN:30,(anonymous_1)
FN:35,(anonymous_2)
FN:46,(anonymous_3)
FN:47,(anonymous_4)
FN:53,(anonymous_5)
FN:54,(anonymous_6)
FN:60,(anonymous_7)
FN:67,(anonymous_8)
FN:71,(anonymous_9)
FN:74,(anonymous_10)
FN:76,(anonymous_11)
FN:77,(anonymous_12)
FN:80,(anonymous_13)
FN:82,(anonymous_14)
FN:83,(anonymous_15)
FN:89,(anonymous_16)
FN:91,(anonymous_17)
FN:92,(anonymous_18)
FN:99,(anonymous_19)
FN:104,(anonymous_20)
FN:108,(anonymous_21)
FN:110,(anonymous_22)
FN:115,(anonymous_23)
FN:118,(anonymous_24)
FN:119,(anonymous_25)
FN:122,(anonymous_26)
FN:123,(anonymous_27)
FN:126,(anonymous_28)
FN:127,(anonymous_29)
FN:131,(anonymous_30)
FN:132,(anonymous_31)
FN:135,(anonymous_32)
FN:149,(anonymous_33)
FN:150,(anonymous_34)
FN:165,(anonymous_35)
FN:188,(anonymous_36)
FN:191,(anonymous_37)
FN:230,(anonymous_38)
FNF:39
FNH:6
FNDA:2,(anonymous_0)
FNDA:2,(anonymous_1)
FNDA:2,(anonymous_2)
FNDA:0,(anonymous_3)
FNDA:0,(anonymous_4)
FNDA:0,(anonymous_5)
FNDA:0,(anonymous_6)
FNDA:0,(anonymous_7)
FNDA:0,(anonymous_8)
FNDA:0,(anonymous_9)
FNDA:0,(anonymous_10)
FNDA:0,(anonymous_11)
FNDA:0,(anonymous_12)
FNDA:0,(anonymous_13)
FNDA:0,(anonymous_14)
FNDA:0,(anonymous_15)
FNDA:0,(anonymous_16)
FNDA:0,(anonymous_17)
FNDA:0,(anonymous_18)
FNDA:0,(anonymous_19)
FNDA:2,(anonymous_20)
FNDA:0,(anonymous_21)
FNDA:0,(anonymous_22)
FNDA:0,(anonymous_23)
FNDA:0,(anonymous_24)
FNDA:0,(anonymous_25)
FNDA:0,(anonymous_26)
FNDA:0,(anonymous_27)
FNDA:0,(anonymous_28)
FNDA:0,(anonymous_29)
FNDA:0,(anonymous_30)
FNDA:0,(anonymous_31)
FNDA:0,(anonymous_32)
FNDA:0,(anonymous_33)
FNDA:0,(anonymous_34)
FNDA:2,(anonymous_35)
FNDA:0,(anonymous_36)
FNDA:4,(anonymous_37)
FNDA:0,(anonymous_38)
DA:13,2
DA:14,2
DA:22,2
DA:23,2
DA:24,2
DA:25,2
DA:26,2
DA:27,2
DA:31,2
DA:32,2
DA:36,2
DA:37,2
DA:38,0
DA:39,0
DA:47,0
DA:54,0
DA:61,0
DA:62,0
DA:63,0
DA:66,0
DA:67,0
DA:68,0
DA:71,0
DA:75,0
DA:76,0
DA:77,0
DA:81,0
DA:82,0
DA:84,0
DA:90,0
DA:91,0
DA:94,0
DA:95,0
DA:96,0
DA:97,0
DA:100,0
DA:105,2
DA:106,2
DA:110,0
DA:112,0
DA:113,0
DA:116,0
DA:118,0
DA:119,0
DA:122,0
DA:123,0
DA:126,0
DA:127,0
DA:129,0
DA:131,0
DA:133,0
DA:135,0
DA:136,0
DA:137,0
DA:149,0
DA:150,0
DA:151,0
DA:152,0
DA:154,0
DA:155,0
DA:159,0
DA:166,2
DA:167,2
DA:169,2
DA:170,0
DA:174,2
DA:175,0
DA:179,0
DA:181,2
DA:185,2
DA:187,2
DA:188,2
DA:194,4
DA:196,4
DA:198,4
DA:231,0
DA:232,0
LF:77
LH:25
BRDA:37,0,0,0
BRDA:37,0,1,2
BRDA:95,1,0,0
BRDA:95,1,1,0
BRDA:136,2,0,0
BRDA:136,2,1,0
BRDA:151,3,0,0
BRDA:151,3,1,0
BRDA:154,4,0,0
BRDA:154,4,1,0
BRDA:169,5,0,0
BRDA:169,5,1,2
BRDA:174,6,0,0
BRDA:174,6,1,2
BRDA:204,7,0,4
BRDA:204,7,1,0
BRDA:214,8,0,4
BRDA:214,8,1,4
BRDA:231,9,0,0
BRDA:231,9,1,0
BRDA:231,10,0,0
BRDA:231,10,1,0
BRDA:244,11,0,4
BRDA:244,11,1,4
BRDA:244,11,2,0
BRDA:255,12,0,4
BRDA:255,12,1,0
BRDA:255,12,2,4
BRF:28
BRH:10
end_of_record
TN:
SF:client/src/components/RelatedItems/StarRating.jsx
FN:11,StarRating
FN:33,(anonymous_1)
FN:34,(anonymous_2)
FNF:3
FNH:3
FNDA:8,StarRating
FNDA:30,(anonymous_1)
FNDA:10,(anonymous_2)
DA:12,8
DA:13,8
DA:14,8
DA:15,8
DA:17,8
DA:18,40
DA:19,18
DA:20,22
DA:21,0
DA:22,22
DA:23,6
DA:24,16
DA:25,0
DA:27,16
DA:31,8
DA:33,30
DA:34,10
LF:17
LH:15
BRDA:18,0,0,18
BRDA:18,0,1,22
BRDA:20,1,0,0
BRDA:20,1,1,22
BRDA:22,2,0,6
BRDA:22,2,1,16
BRDA:24,3,0,0
BRDA:24,3,1,16
BRDA:33,4,0,8
BRDA:33,4,1,6
BRDA:34,5,0,8
BRDA:34,5,1,2
BRF:12
BRH:10
end_of_record
TN:
SF:client/src/components/RelatedItems/Thumbnails.jsx
FN:7,Thumbnails
FN:11,(anonymous_1)
FN:17,(anonymous_2)
FN:25,(anonymous_3)
FN:26,(anonymous_4)
FN:42,(anonymous_5)
FNF:6
FNH:0
FNDA:0,Thumbnails
FNDA:0,(anonymous_1)
FNDA:0,(anonymous_2)
FNDA:0,(anonymous_3)
FNDA:0,(anonymous_4)
FNDA:0,(anonymous_5)
DA:8,0
DA:9,0
DA:11,0
DA:12,0
DA:13,0
DA:14,0
DA:17,0
DA:18,0
DA:19,0
DA:20,0
DA:23,0
DA:25,0
DA:26,0
DA:27,0
DA:28,0
DA:33,0
DA:35,0
DA:43,0
LF:18
LH:0
BRDA:27,0,0,0
BRDA:27,0,1,0
BRDA:37,1,0,0
BRDA:37,1,1,0
BRDA:53,2,0,0
BRDA:53,2,1,0
BRF:6
BRH:0
end_of_record
